2024-08-22 15:22:23,272   INFO  **********************Start logging**********************
2024-08-22 15:22:23,272   INFO  CUDA_VISIBLE_DEVICES=1
2024-08-22 15:22:23,272   INFO  Training in distributed mode : total_batch_size: 6
2024-08-22 15:22:23,272   INFO  cfg_file         /space/userfiles/khatouna/OpenPCdet_FS_DA/tools/cfgs/FS_models/pv_rcnn_plusplus.yaml
2024-08-22 15:22:23,272   INFO  batch_size       6
2024-08-22 15:22:23,272   INFO  epochs           80
2024-08-22 15:22:23,272   INFO  workers          4
2024-08-22 15:22:23,272   INFO  extra_tag        default
2024-08-22 15:22:23,272   INFO  ckpt             None
2024-08-22 15:22:23,272   INFO  pretrained_model None
2024-08-22 15:22:23,273   INFO  launcher         pytorch
2024-08-22 15:22:23,273   INFO  tcp_port         18888
2024-08-22 15:22:23,273   INFO  sync_bn          False
2024-08-22 15:22:23,273   INFO  fix_random_seed  False
2024-08-22 15:22:23,273   INFO  ckpt_save_interval 1
2024-08-22 15:22:23,273   INFO  local_rank       0
2024-08-22 15:22:23,273   INFO  max_ckpt_save_num 30
2024-08-22 15:22:23,273   INFO  merge_all_iters_to_one_epoch False
2024-08-22 15:22:23,273   INFO  set_cfgs         None
2024-08-22 15:22:23,273   INFO  max_waiting_mins 0
2024-08-22 15:22:23,273   INFO  start_epoch      0
2024-08-22 15:22:23,273   INFO  num_epochs_to_eval 0
2024-08-22 15:22:23,273   INFO  save_to_file     False
2024-08-22 15:22:23,273   INFO  use_tqdm_to_record False
2024-08-22 15:22:23,273   INFO  logger_iter_interval 50
2024-08-22 15:22:23,273   INFO  ckpt_save_time_interval 300
2024-08-22 15:22:23,273   INFO  wo_gpu_stat      False
2024-08-22 15:22:23,274   INFO  use_amp          False
2024-08-22 15:22:23,274   INFO  cfg.ROOT_DIR: /space/userfiles/khatouna/OpenPCdet_FS_DA
2024-08-22 15:22:23,274   INFO  cfg.LOCAL_RANK: 0
2024-08-22 15:22:23,274   INFO  cfg.CLASS_NAMES: ['Car', 'Pedestrian', 'Bike']
2024-08-22 15:22:23,274   INFO  ----------- DATA_CONFIG -----------
2024-08-22 15:22:23,274   INFO  cfg.DATA_CONFIG.DATASET: FourSeasonDataset
2024-08-22 15:22:23,274   INFO  cfg.DATA_CONFIG.DATA_PATH: /space/userfiles/khatouna/OpenPCDet_FS/data/fourseason/ImageSets/2023_late_summer
2024-08-22 15:22:23,274   INFO  cfg.DATA_CONFIG.PATH_LIDAR: /egr/research-canvas/four_seasons/dataset/2023_late_summer/oust
2024-08-22 15:22:23,274   INFO  cfg.DATA_CONFIG.PATH_LABEL: /egr/research-canvas/detection3d_datasets/four_seasons/imerit_check/label3d/2023_late_summer
2024-08-22 15:22:23,274   INFO  cfg.DATA_CONFIG.DATA_PATH_T: /space/userfiles/khatouna/OpenPCDet_FS/data/fourseason/ImageSets/2022_rain
2024-08-22 15:22:23,274   INFO  cfg.DATA_CONFIG.PATH_LIDAR_T: /egr/research-canvas/four_seasons/dataset/2022_rain/oust
2024-08-22 15:22:23,274   INFO  cfg.DATA_CONFIG.POINT_CLOUD_RANGE: [-75.2, -75.2, -4, 75.2, 75.2, 2]
2024-08-22 15:22:23,274   INFO  ----------- INFO_PATH -----------
2024-08-22 15:22:23,274   INFO  cfg.DATA_CONFIG.INFO_PATH.train: ['fs_infos_train.pkl']
2024-08-22 15:22:23,274   INFO  cfg.DATA_CONFIG.INFO_PATH.test: ['fs_infos_val.pkl']
2024-08-22 15:22:23,274   INFO  ----------- DATA_SPLIT -----------
2024-08-22 15:22:23,274   INFO  cfg.DATA_CONFIG.DATA_SPLIT.train: train
2024-08-22 15:22:23,274   INFO  cfg.DATA_CONFIG.DATA_SPLIT.test: val
2024-08-22 15:22:23,274   INFO  ----------- SAMPLED_INTERVAL -----------
2024-08-22 15:22:23,275   INFO  cfg.DATA_CONFIG.SAMPLED_INTERVAL.train: 5
2024-08-22 15:22:23,275   INFO  cfg.DATA_CONFIG.SAMPLED_INTERVAL.test: 1
2024-08-22 15:22:23,275   INFO  ----------- DATA_AUGMENTOR -----------
2024-08-22 15:22:23,275   INFO  cfg.DATA_CONFIG.DATA_AUGMENTOR.DISABLE_AUG_LIST: ['place_holder']
2024-08-22 15:22:23,275   INFO  cfg.DATA_CONFIG.DATA_AUGMENTOR.AUG_CONFIG_LIST: [{'NAME': 'gt_sampling', 'GROUND_HEIGHT': -1.95, 'DB_INFO_PATH': ['/space/userfiles/khatouna/OpenPCDet_FS/data/fourseason/ImageSets/2023_late_summer/fs_dbinfos_train_sampled_1.pkl'], 'PREPARE': {'filter_by_min_points': ['Car:5', 'Pedestrian:5', 'Bike:5']}, 'SAMPLE_GROUPS': ['Car:20', 'Pedestrian:15', 'Bike:15'], 'NUM_POINT_FEATURES': 3, 'DATABASE_WITH_FAKELIDAR': False, 'REMOVE_EXTRA_WIDTH': [0.2, 0.2, 0.2], 'LIMIT_WHOLE_SCENE': True}, {'NAME': 'random_world_flip', 'ALONG_AXIS_LIST': ['x', 'y']}, {'NAME': 'random_world_rotation', 'WORLD_ROT_ANGLE': [-0.78539816, 0.78539816]}, {'NAME': 'random_world_scaling', 'WORLD_SCALE_RANGE': [0.99, 1.01]}]
2024-08-22 15:22:23,275   INFO  ----------- POINT_FEATURE_ENCODING -----------
2024-08-22 15:22:23,275   INFO  cfg.DATA_CONFIG.POINT_FEATURE_ENCODING.encoding_type: absolute_coordinates_encoding
2024-08-22 15:22:23,275   INFO  cfg.DATA_CONFIG.POINT_FEATURE_ENCODING.used_feature_list: ['x', 'y', 'z']
2024-08-22 15:22:23,275   INFO  cfg.DATA_CONFIG.POINT_FEATURE_ENCODING.src_feature_list: ['x', 'y', 'z']
2024-08-22 15:22:23,275   INFO  cfg.DATA_CONFIG.DATA_PROCESSOR: [{'NAME': 'mask_points_and_boxes_outside_range', 'REMOVE_OUTSIDE_BOXES': True, 'REMOVE_OUTSIDE_FOV': True, 'MIN_POINTS_OF_GT': 5}, {'NAME': 'shuffle_points', 'SHUFFLE_ENABLED': {'train': True, 'test': False}}, {'NAME': 'transform_points_to_voxels', 'VOXEL_SIZE': [0.1, 0.1, 0.15], 'MAX_POINTS_PER_VOXEL': 5, 'MAX_NUMBER_OF_VOXELS': {'train': 80000, 'test': 90000}}]
2024-08-22 15:22:23,275   INFO  cfg.DATA_CONFIG._BASE_CONFIG_: /space/userfiles/khatouna/OpenPCdet_FS_DA/tools/cfgs/dataset_configs/fourseason_dataset.yaml
2024-08-22 15:22:23,275   INFO  ----------- MODEL -----------
2024-08-22 15:22:23,275   INFO  cfg.MODEL.NAME: PVRCNNPlusPlus
2024-08-22 15:22:23,275   INFO  ----------- VFE -----------
2024-08-22 15:22:23,275   INFO  cfg.MODEL.VFE.NAME: MeanVFE
2024-08-22 15:22:23,275   INFO  ----------- BACKBONE_3D -----------
2024-08-22 15:22:23,275   INFO  cfg.MODEL.BACKBONE_3D.NAME: VoxelBackBone8x
2024-08-22 15:22:23,275   INFO  ----------- MAP_TO_BEV -----------
2024-08-22 15:22:23,275   INFO  cfg.MODEL.MAP_TO_BEV.NAME: HeightCompression
2024-08-22 15:22:23,275   INFO  cfg.MODEL.MAP_TO_BEV.NUM_BEV_FEATURES: 256
2024-08-22 15:22:23,276   INFO  ----------- BACKBONE_2D -----------
2024-08-22 15:22:23,276   INFO  cfg.MODEL.BACKBONE_2D.NAME: BaseBEVBackbone
2024-08-22 15:22:23,276   INFO  cfg.MODEL.BACKBONE_2D.LAYER_NUMS: [5, 5]
2024-08-22 15:22:23,276   INFO  cfg.MODEL.BACKBONE_2D.LAYER_STRIDES: [1, 2]
2024-08-22 15:22:23,276   INFO  cfg.MODEL.BACKBONE_2D.NUM_FILTERS: [128, 256]
2024-08-22 15:22:23,276   INFO  cfg.MODEL.BACKBONE_2D.UPSAMPLE_STRIDES: [1, 2]
2024-08-22 15:22:23,276   INFO  cfg.MODEL.BACKBONE_2D.NUM_UPSAMPLE_FILTERS: [256, 256]
2024-08-22 15:22:23,276   INFO  ----------- DENSE_HEAD -----------
2024-08-22 15:22:23,276   INFO  cfg.MODEL.DENSE_HEAD.NAME: CenterHead
2024-08-22 15:22:23,276   INFO  cfg.MODEL.DENSE_HEAD.CLASS_AGNOSTIC: False
2024-08-22 15:22:23,276   INFO  cfg.MODEL.DENSE_HEAD.CLASS_NAMES_EACH_HEAD: [['Car', 'Pedestrian', 'Bike']]
2024-08-22 15:22:23,276   INFO  cfg.MODEL.DENSE_HEAD.SHARED_CONV_CHANNEL: 64
2024-08-22 15:22:23,276   INFO  cfg.MODEL.DENSE_HEAD.USE_BIAS_BEFORE_NORM: True
2024-08-22 15:22:23,276   INFO  cfg.MODEL.DENSE_HEAD.NUM_HM_CONV: 2
2024-08-22 15:22:23,276   INFO  ----------- SEPARATE_HEAD_CFG -----------
2024-08-22 15:22:23,276   INFO  cfg.MODEL.DENSE_HEAD.SEPARATE_HEAD_CFG.HEAD_ORDER: ['center', 'center_z', 'dim', 'rot']
2024-08-22 15:22:23,276   INFO  ----------- HEAD_DICT -----------
2024-08-22 15:22:23,276   INFO  ----------- center -----------
2024-08-22 15:22:23,276   INFO  cfg.MODEL.DENSE_HEAD.SEPARATE_HEAD_CFG.HEAD_DICT.center.out_channels: 2
2024-08-22 15:22:23,276   INFO  cfg.MODEL.DENSE_HEAD.SEPARATE_HEAD_CFG.HEAD_DICT.center.num_conv: 2
2024-08-22 15:22:23,276   INFO  ----------- center_z -----------
2024-08-22 15:22:23,276   INFO  cfg.MODEL.DENSE_HEAD.SEPARATE_HEAD_CFG.HEAD_DICT.center_z.out_channels: 1
2024-08-22 15:22:23,276   INFO  cfg.MODEL.DENSE_HEAD.SEPARATE_HEAD_CFG.HEAD_DICT.center_z.num_conv: 2
2024-08-22 15:22:23,276   INFO  ----------- dim -----------
2024-08-22 15:22:23,277   INFO  cfg.MODEL.DENSE_HEAD.SEPARATE_HEAD_CFG.HEAD_DICT.dim.out_channels: 3
2024-08-22 15:22:23,277   INFO  cfg.MODEL.DENSE_HEAD.SEPARATE_HEAD_CFG.HEAD_DICT.dim.num_conv: 2
2024-08-22 15:22:23,277   INFO  ----------- rot -----------
2024-08-22 15:22:23,277   INFO  cfg.MODEL.DENSE_HEAD.SEPARATE_HEAD_CFG.HEAD_DICT.rot.out_channels: 2
2024-08-22 15:22:23,277   INFO  cfg.MODEL.DENSE_HEAD.SEPARATE_HEAD_CFG.HEAD_DICT.rot.num_conv: 2
2024-08-22 15:22:23,277   INFO  ----------- TARGET_ASSIGNER_CONFIG -----------
2024-08-22 15:22:23,277   INFO  cfg.MODEL.DENSE_HEAD.TARGET_ASSIGNER_CONFIG.FEATURE_MAP_STRIDE: 8
2024-08-22 15:22:23,277   INFO  cfg.MODEL.DENSE_HEAD.TARGET_ASSIGNER_CONFIG.NUM_MAX_OBJS: 500
2024-08-22 15:22:23,277   INFO  cfg.MODEL.DENSE_HEAD.TARGET_ASSIGNER_CONFIG.GAUSSIAN_OVERLAP: 0.1
2024-08-22 15:22:23,277   INFO  cfg.MODEL.DENSE_HEAD.TARGET_ASSIGNER_CONFIG.MIN_RADIUS: 2
2024-08-22 15:22:23,277   INFO  ----------- LOSS_CONFIG -----------
2024-08-22 15:22:23,277   INFO  ----------- LOSS_WEIGHTS -----------
2024-08-22 15:22:23,277   INFO  cfg.MODEL.DENSE_HEAD.LOSS_CONFIG.LOSS_WEIGHTS.cls_weight: 1.0
2024-08-22 15:22:23,277   INFO  cfg.MODEL.DENSE_HEAD.LOSS_CONFIG.LOSS_WEIGHTS.loc_weight: 2.0
2024-08-22 15:22:23,277   INFO  cfg.MODEL.DENSE_HEAD.LOSS_CONFIG.LOSS_WEIGHTS.code_weights: [1.0, 1.0, 1.0, 1.0, 1.0, 1.0, 1.0, 1.0]
2024-08-22 15:22:23,277   INFO  ----------- POST_PROCESSING -----------
2024-08-22 15:22:23,277   INFO  cfg.MODEL.DENSE_HEAD.POST_PROCESSING.SCORE_THRESH: 0.1
2024-08-22 15:22:23,277   INFO  cfg.MODEL.DENSE_HEAD.POST_PROCESSING.POST_CENTER_LIMIT_RANGE: [-75.2, -75.2, -2, 75.2, 75.2, 4]
2024-08-22 15:22:23,277   INFO  cfg.MODEL.DENSE_HEAD.POST_PROCESSING.MAX_OBJ_PER_SAMPLE: 500
2024-08-22 15:22:23,277   INFO  ----------- NMS_CONFIG -----------
2024-08-22 15:22:23,277   INFO  cfg.MODEL.DENSE_HEAD.POST_PROCESSING.NMS_CONFIG.NMS_TYPE: nms_gpu
2024-08-22 15:22:23,277   INFO  cfg.MODEL.DENSE_HEAD.POST_PROCESSING.NMS_CONFIG.NMS_THRESH: 0.7
2024-08-22 15:22:23,277   INFO  cfg.MODEL.DENSE_HEAD.POST_PROCESSING.NMS_CONFIG.NMS_PRE_MAXSIZE: 4096
2024-08-22 15:22:23,278   INFO  cfg.MODEL.DENSE_HEAD.POST_PROCESSING.NMS_CONFIG.NMS_POST_MAXSIZE: 500
2024-08-22 15:22:23,278   INFO  ----------- PFE -----------
2024-08-22 15:22:23,278   INFO  cfg.MODEL.PFE.NAME: VoxelSetAbstraction
2024-08-22 15:22:23,278   INFO  cfg.MODEL.PFE.POINT_SOURCE: raw_points
2024-08-22 15:22:23,278   INFO  cfg.MODEL.PFE.NUM_KEYPOINTS: 4096
2024-08-22 15:22:23,278   INFO  cfg.MODEL.PFE.NUM_OUTPUT_FEATURES: 90
2024-08-22 15:22:23,278   INFO  cfg.MODEL.PFE.SAMPLE_METHOD: SPC
2024-08-22 15:22:23,278   INFO  ----------- SPC_SAMPLING -----------
2024-08-22 15:22:23,278   INFO  cfg.MODEL.PFE.SPC_SAMPLING.NUM_SECTORS: 6
2024-08-22 15:22:23,278   INFO  cfg.MODEL.PFE.SPC_SAMPLING.SAMPLE_RADIUS_WITH_ROI: 1.6
2024-08-22 15:22:23,278   INFO  cfg.MODEL.PFE.FEATURES_SOURCE: ['bev', 'x_conv3', 'x_conv4', 'raw_points']
2024-08-22 15:22:23,278   INFO  ----------- SA_LAYER -----------
2024-08-22 15:22:23,278   INFO  ----------- raw_points -----------
2024-08-22 15:22:23,278   INFO  cfg.MODEL.PFE.SA_LAYER.raw_points.NAME: VectorPoolAggregationModuleMSG
2024-08-22 15:22:23,278   INFO  cfg.MODEL.PFE.SA_LAYER.raw_points.NUM_GROUPS: 2
2024-08-22 15:22:23,278   INFO  cfg.MODEL.PFE.SA_LAYER.raw_points.LOCAL_AGGREGATION_TYPE: local_interpolation
2024-08-22 15:22:23,278   INFO  cfg.MODEL.PFE.SA_LAYER.raw_points.NUM_REDUCED_CHANNELS: 3
2024-08-22 15:22:23,278   INFO  cfg.MODEL.PFE.SA_LAYER.raw_points.NUM_CHANNELS_OF_LOCAL_AGGREGATION: 32
2024-08-22 15:22:23,278   INFO  cfg.MODEL.PFE.SA_LAYER.raw_points.MSG_POST_MLPS: [32]
2024-08-22 15:22:23,279   INFO  cfg.MODEL.PFE.SA_LAYER.raw_points.FILTER_NEIGHBOR_WITH_ROI: True
2024-08-22 15:22:23,279   INFO  cfg.MODEL.PFE.SA_LAYER.raw_points.RADIUS_OF_NEIGHBOR_WITH_ROI: 2.4
2024-08-22 15:22:23,279   INFO  ----------- GROUP_CFG_0 -----------
2024-08-22 15:22:23,279   INFO  cfg.MODEL.PFE.SA_LAYER.raw_points.GROUP_CFG_0.NUM_LOCAL_VOXEL: [2, 2, 2]
2024-08-22 15:22:23,279   INFO  cfg.MODEL.PFE.SA_LAYER.raw_points.GROUP_CFG_0.MAX_NEIGHBOR_DISTANCE: 0.2
2024-08-22 15:22:23,279   INFO  cfg.MODEL.PFE.SA_LAYER.raw_points.GROUP_CFG_0.NEIGHBOR_NSAMPLE: -1
2024-08-22 15:22:23,279   INFO  cfg.MODEL.PFE.SA_LAYER.raw_points.GROUP_CFG_0.POST_MLPS: [32, 32]
2024-08-22 15:22:23,279   INFO  ----------- GROUP_CFG_1 -----------
2024-08-22 15:22:23,279   INFO  cfg.MODEL.PFE.SA_LAYER.raw_points.GROUP_CFG_1.NUM_LOCAL_VOXEL: [3, 3, 3]
2024-08-22 15:22:23,279   INFO  cfg.MODEL.PFE.SA_LAYER.raw_points.GROUP_CFG_1.MAX_NEIGHBOR_DISTANCE: 0.4
2024-08-22 15:22:23,279   INFO  cfg.MODEL.PFE.SA_LAYER.raw_points.GROUP_CFG_1.NEIGHBOR_NSAMPLE: -1
2024-08-22 15:22:23,279   INFO  cfg.MODEL.PFE.SA_LAYER.raw_points.GROUP_CFG_1.POST_MLPS: [32, 32]
2024-08-22 15:22:23,279   INFO  ----------- x_conv3 -----------
2024-08-22 15:22:23,279   INFO  cfg.MODEL.PFE.SA_LAYER.x_conv3.DOWNSAMPLE_FACTOR: 4
2024-08-22 15:22:23,279   INFO  cfg.MODEL.PFE.SA_LAYER.x_conv3.INPUT_CHANNELS: 64
2024-08-22 15:22:23,279   INFO  cfg.MODEL.PFE.SA_LAYER.x_conv3.NAME: VectorPoolAggregationModuleMSG
2024-08-22 15:22:23,279   INFO  cfg.MODEL.PFE.SA_LAYER.x_conv3.NUM_GROUPS: 2
2024-08-22 15:22:23,279   INFO  cfg.MODEL.PFE.SA_LAYER.x_conv3.LOCAL_AGGREGATION_TYPE: local_interpolation
2024-08-22 15:22:23,279   INFO  cfg.MODEL.PFE.SA_LAYER.x_conv3.NUM_REDUCED_CHANNELS: 32
2024-08-22 15:22:23,279   INFO  cfg.MODEL.PFE.SA_LAYER.x_conv3.NUM_CHANNELS_OF_LOCAL_AGGREGATION: 32
2024-08-22 15:22:23,279   INFO  cfg.MODEL.PFE.SA_LAYER.x_conv3.MSG_POST_MLPS: [128]
2024-08-22 15:22:23,280   INFO  cfg.MODEL.PFE.SA_LAYER.x_conv3.FILTER_NEIGHBOR_WITH_ROI: True
2024-08-22 15:22:23,280   INFO  cfg.MODEL.PFE.SA_LAYER.x_conv3.RADIUS_OF_NEIGHBOR_WITH_ROI: 4.0
2024-08-22 15:22:23,280   INFO  ----------- GROUP_CFG_0 -----------
2024-08-22 15:22:23,280   INFO  cfg.MODEL.PFE.SA_LAYER.x_conv3.GROUP_CFG_0.NUM_LOCAL_VOXEL: [3, 3, 3]
2024-08-22 15:22:23,280   INFO  cfg.MODEL.PFE.SA_LAYER.x_conv3.GROUP_CFG_0.MAX_NEIGHBOR_DISTANCE: 1.2
2024-08-22 15:22:23,280   INFO  cfg.MODEL.PFE.SA_LAYER.x_conv3.GROUP_CFG_0.NEIGHBOR_NSAMPLE: -1
2024-08-22 15:22:23,280   INFO  cfg.MODEL.PFE.SA_LAYER.x_conv3.GROUP_CFG_0.POST_MLPS: [64, 64]
2024-08-22 15:22:23,280   INFO  ----------- GROUP_CFG_1 -----------
2024-08-22 15:22:23,280   INFO  cfg.MODEL.PFE.SA_LAYER.x_conv3.GROUP_CFG_1.NUM_LOCAL_VOXEL: [3, 3, 3]
2024-08-22 15:22:23,280   INFO  cfg.MODEL.PFE.SA_LAYER.x_conv3.GROUP_CFG_1.MAX_NEIGHBOR_DISTANCE: 2.4
2024-08-22 15:22:23,280   INFO  cfg.MODEL.PFE.SA_LAYER.x_conv3.GROUP_CFG_1.NEIGHBOR_NSAMPLE: -1
2024-08-22 15:22:23,280   INFO  cfg.MODEL.PFE.SA_LAYER.x_conv3.GROUP_CFG_1.POST_MLPS: [64, 64]
2024-08-22 15:22:23,280   INFO  ----------- x_conv4 -----------
2024-08-22 15:22:23,280   INFO  cfg.MODEL.PFE.SA_LAYER.x_conv4.DOWNSAMPLE_FACTOR: 8
2024-08-22 15:22:23,280   INFO  cfg.MODEL.PFE.SA_LAYER.x_conv4.INPUT_CHANNELS: 64
2024-08-22 15:22:23,280   INFO  cfg.MODEL.PFE.SA_LAYER.x_conv4.NAME: VectorPoolAggregationModuleMSG
2024-08-22 15:22:23,280   INFO  cfg.MODEL.PFE.SA_LAYER.x_conv4.NUM_GROUPS: 2
2024-08-22 15:22:23,280   INFO  cfg.MODEL.PFE.SA_LAYER.x_conv4.LOCAL_AGGREGATION_TYPE: local_interpolation
2024-08-22 15:22:23,280   INFO  cfg.MODEL.PFE.SA_LAYER.x_conv4.NUM_REDUCED_CHANNELS: 32
2024-08-22 15:22:23,280   INFO  cfg.MODEL.PFE.SA_LAYER.x_conv4.NUM_CHANNELS_OF_LOCAL_AGGREGATION: 32
2024-08-22 15:22:23,280   INFO  cfg.MODEL.PFE.SA_LAYER.x_conv4.MSG_POST_MLPS: [128]
2024-08-22 15:22:23,280   INFO  cfg.MODEL.PFE.SA_LAYER.x_conv4.FILTER_NEIGHBOR_WITH_ROI: True
2024-08-22 15:22:23,281   INFO  cfg.MODEL.PFE.SA_LAYER.x_conv4.RADIUS_OF_NEIGHBOR_WITH_ROI: 6.4
2024-08-22 15:22:23,281   INFO  ----------- GROUP_CFG_0 -----------
2024-08-22 15:22:23,281   INFO  cfg.MODEL.PFE.SA_LAYER.x_conv4.GROUP_CFG_0.NUM_LOCAL_VOXEL: [3, 3, 3]
2024-08-22 15:22:23,281   INFO  cfg.MODEL.PFE.SA_LAYER.x_conv4.GROUP_CFG_0.MAX_NEIGHBOR_DISTANCE: 2.4
2024-08-22 15:22:23,281   INFO  cfg.MODEL.PFE.SA_LAYER.x_conv4.GROUP_CFG_0.NEIGHBOR_NSAMPLE: -1
2024-08-22 15:22:23,281   INFO  cfg.MODEL.PFE.SA_LAYER.x_conv4.GROUP_CFG_0.POST_MLPS: [64, 64]
2024-08-22 15:22:23,281   INFO  ----------- GROUP_CFG_1 -----------
2024-08-22 15:22:23,281   INFO  cfg.MODEL.PFE.SA_LAYER.x_conv4.GROUP_CFG_1.NUM_LOCAL_VOXEL: [3, 3, 3]
2024-08-22 15:22:23,281   INFO  cfg.MODEL.PFE.SA_LAYER.x_conv4.GROUP_CFG_1.MAX_NEIGHBOR_DISTANCE: 4.8
2024-08-22 15:22:23,281   INFO  cfg.MODEL.PFE.SA_LAYER.x_conv4.GROUP_CFG_1.NEIGHBOR_NSAMPLE: -1
2024-08-22 15:22:23,281   INFO  cfg.MODEL.PFE.SA_LAYER.x_conv4.GROUP_CFG_1.POST_MLPS: [64, 64]
2024-08-22 15:22:23,281   INFO  ----------- POINT_HEAD -----------
2024-08-22 15:22:23,281   INFO  cfg.MODEL.POINT_HEAD.NAME: PointHeadSimple
2024-08-22 15:22:23,281   INFO  cfg.MODEL.POINT_HEAD.CLS_FC: [256, 256]
2024-08-22 15:22:23,281   INFO  cfg.MODEL.POINT_HEAD.CLASS_AGNOSTIC: True
2024-08-22 15:22:23,281   INFO  cfg.MODEL.POINT_HEAD.USE_POINT_FEATURES_BEFORE_FUSION: True
2024-08-22 15:22:23,281   INFO  ----------- TARGET_CONFIG -----------
2024-08-22 15:22:23,281   INFO  cfg.MODEL.POINT_HEAD.TARGET_CONFIG.GT_EXTRA_WIDTH: [0.2, 0.2, 0.2]
2024-08-22 15:22:23,281   INFO  ----------- LOSS_CONFIG -----------
2024-08-22 15:22:23,281   INFO  cfg.MODEL.POINT_HEAD.LOSS_CONFIG.LOSS_REG: smooth-l1
2024-08-22 15:22:23,281   INFO  ----------- LOSS_WEIGHTS -----------
2024-08-22 15:22:23,281   INFO  cfg.MODEL.POINT_HEAD.LOSS_CONFIG.LOSS_WEIGHTS.point_cls_weight: 1.0
2024-08-22 15:22:23,282   INFO  ----------- ROI_HEAD -----------
2024-08-22 15:22:23,282   INFO  cfg.MODEL.ROI_HEAD.NAME: PVRCNNHeadBaseline
2024-08-22 15:22:23,282   INFO  cfg.MODEL.ROI_HEAD.CLASS_AGNOSTIC: True
2024-08-22 15:22:23,282   INFO  cfg.MODEL.ROI_HEAD.SHARED_FC: [256, 256]
2024-08-22 15:22:23,282   INFO  cfg.MODEL.ROI_HEAD.CLS_FC: [256, 256]
2024-08-22 15:22:23,282   INFO  cfg.MODEL.ROI_HEAD.REG_FC: [256, 256]
2024-08-22 15:22:23,282   INFO  cfg.MODEL.ROI_HEAD.DP_RATIO: 0.3
2024-08-22 15:22:23,282   INFO  ----------- NMS_CONFIG -----------
2024-08-22 15:22:23,282   INFO  ----------- TRAIN -----------
2024-08-22 15:22:23,282   INFO  cfg.MODEL.ROI_HEAD.NMS_CONFIG.TRAIN.NMS_TYPE: nms_gpu
2024-08-22 15:22:23,282   INFO  cfg.MODEL.ROI_HEAD.NMS_CONFIG.TRAIN.MULTI_CLASSES_NMS: False
2024-08-22 15:22:23,282   INFO  cfg.MODEL.ROI_HEAD.NMS_CONFIG.TRAIN.NMS_PRE_MAXSIZE: 9000
2024-08-22 15:22:23,282   INFO  cfg.MODEL.ROI_HEAD.NMS_CONFIG.TRAIN.NMS_POST_MAXSIZE: 512
2024-08-22 15:22:23,282   INFO  cfg.MODEL.ROI_HEAD.NMS_CONFIG.TRAIN.NMS_THRESH: 0.8
2024-08-22 15:22:23,282   INFO  ----------- TEST -----------
2024-08-22 15:22:23,282   INFO  cfg.MODEL.ROI_HEAD.NMS_CONFIG.TEST.NMS_TYPE: nms_gpu
2024-08-22 15:22:23,282   INFO  cfg.MODEL.ROI_HEAD.NMS_CONFIG.TEST.MULTI_CLASSES_NMS: False
2024-08-22 15:22:23,282   INFO  cfg.MODEL.ROI_HEAD.NMS_CONFIG.TEST.NMS_PRE_MAXSIZE: 1024
2024-08-22 15:22:23,282   INFO  cfg.MODEL.ROI_HEAD.NMS_CONFIG.TEST.NMS_POST_MAXSIZE: 100
2024-08-22 15:22:23,282   INFO  cfg.MODEL.ROI_HEAD.NMS_CONFIG.TEST.NMS_THRESH: 0.7
2024-08-22 15:22:23,282   INFO  cfg.MODEL.ROI_HEAD.NMS_CONFIG.TEST.SCORE_THRESH: 0.1
2024-08-22 15:22:23,282   INFO  ----------- ROI_GRID_POOL -----------
2024-08-22 15:22:23,283   INFO  cfg.MODEL.ROI_HEAD.ROI_GRID_POOL.GRID_SIZE: 6
2024-08-22 15:22:23,283   INFO  cfg.MODEL.ROI_HEAD.ROI_GRID_POOL.NAME: VectorPoolAggregationModuleMSG
2024-08-22 15:22:23,283   INFO  cfg.MODEL.ROI_HEAD.ROI_GRID_POOL.NUM_GROUPS: 2
2024-08-22 15:22:23,283   INFO  cfg.MODEL.ROI_HEAD.ROI_GRID_POOL.LOCAL_AGGREGATION_TYPE: voxel_random_choice
2024-08-22 15:22:23,283   INFO  cfg.MODEL.ROI_HEAD.ROI_GRID_POOL.NUM_REDUCED_CHANNELS: 30
2024-08-22 15:22:23,283   INFO  cfg.MODEL.ROI_HEAD.ROI_GRID_POOL.NUM_CHANNELS_OF_LOCAL_AGGREGATION: 32
2024-08-22 15:22:23,283   INFO  cfg.MODEL.ROI_HEAD.ROI_GRID_POOL.MSG_POST_MLPS: [128]
2024-08-22 15:22:23,283   INFO  ----------- GROUP_CFG_0 -----------
2024-08-22 15:22:23,283   INFO  cfg.MODEL.ROI_HEAD.ROI_GRID_POOL.GROUP_CFG_0.NUM_LOCAL_VOXEL: [3, 3, 3]
2024-08-22 15:22:23,283   INFO  cfg.MODEL.ROI_HEAD.ROI_GRID_POOL.GROUP_CFG_0.MAX_NEIGHBOR_DISTANCE: 0.8
2024-08-22 15:22:23,283   INFO  cfg.MODEL.ROI_HEAD.ROI_GRID_POOL.GROUP_CFG_0.NEIGHBOR_NSAMPLE: 32
2024-08-22 15:22:23,283   INFO  cfg.MODEL.ROI_HEAD.ROI_GRID_POOL.GROUP_CFG_0.POST_MLPS: [64, 64]
2024-08-22 15:22:23,283   INFO  ----------- GROUP_CFG_1 -----------
2024-08-22 15:22:23,283   INFO  cfg.MODEL.ROI_HEAD.ROI_GRID_POOL.GROUP_CFG_1.NUM_LOCAL_VOXEL: [3, 3, 3]
2024-08-22 15:22:23,283   INFO  cfg.MODEL.ROI_HEAD.ROI_GRID_POOL.GROUP_CFG_1.MAX_NEIGHBOR_DISTANCE: 1.6
2024-08-22 15:22:23,283   INFO  cfg.MODEL.ROI_HEAD.ROI_GRID_POOL.GROUP_CFG_1.NEIGHBOR_NSAMPLE: 32
2024-08-22 15:22:23,283   INFO  cfg.MODEL.ROI_HEAD.ROI_GRID_POOL.GROUP_CFG_1.POST_MLPS: [64, 64]
2024-08-22 15:22:23,283   INFO  ----------- TARGET_CONFIG -----------
2024-08-22 15:22:23,284   INFO  cfg.MODEL.ROI_HEAD.TARGET_CONFIG.BOX_CODER: ResidualCoder
2024-08-22 15:22:23,284   INFO  cfg.MODEL.ROI_HEAD.TARGET_CONFIG.ROI_PER_IMAGE: 128
2024-08-22 15:22:23,284   INFO  cfg.MODEL.ROI_HEAD.TARGET_CONFIG.FG_RATIO: 0.5
2024-08-22 15:22:23,284   INFO  cfg.MODEL.ROI_HEAD.TARGET_CONFIG.SAMPLE_ROI_BY_EACH_CLASS: True
2024-08-22 15:22:23,284   INFO  cfg.MODEL.ROI_HEAD.TARGET_CONFIG.CLS_SCORE_TYPE: roi_iou
2024-08-22 15:22:23,284   INFO  cfg.MODEL.ROI_HEAD.TARGET_CONFIG.CLS_FG_THRESH: 0.75
2024-08-22 15:22:23,284   INFO  cfg.MODEL.ROI_HEAD.TARGET_CONFIG.CLS_BG_THRESH: 0.25
2024-08-22 15:22:23,284   INFO  cfg.MODEL.ROI_HEAD.TARGET_CONFIG.CLS_BG_THRESH_LO: 0.1
2024-08-22 15:22:23,284   INFO  cfg.MODEL.ROI_HEAD.TARGET_CONFIG.HARD_BG_RATIO: 0.8
2024-08-22 15:22:23,284   INFO  cfg.MODEL.ROI_HEAD.TARGET_CONFIG.REG_FG_THRESH: 0.55
2024-08-22 15:22:23,284   INFO  ----------- LOSS_CONFIG -----------
2024-08-22 15:22:23,284   INFO  cfg.MODEL.ROI_HEAD.LOSS_CONFIG.CLS_LOSS: BinaryCrossEntropy
2024-08-22 15:22:23,284   INFO  cfg.MODEL.ROI_HEAD.LOSS_CONFIG.REG_LOSS: smooth-l1
2024-08-22 15:22:23,284   INFO  cfg.MODEL.ROI_HEAD.LOSS_CONFIG.CORNER_LOSS_REGULARIZATION: True
2024-08-22 15:22:23,284   INFO  ----------- LOSS_WEIGHTS -----------
2024-08-22 15:22:23,284   INFO  cfg.MODEL.ROI_HEAD.LOSS_CONFIG.LOSS_WEIGHTS.rcnn_cls_weight: 1.0
2024-08-22 15:22:23,284   INFO  cfg.MODEL.ROI_HEAD.LOSS_CONFIG.LOSS_WEIGHTS.rcnn_reg_weight: 1.0
2024-08-22 15:22:23,284   INFO  cfg.MODEL.ROI_HEAD.LOSS_CONFIG.LOSS_WEIGHTS.rcnn_corner_weight: 1.0
2024-08-22 15:22:23,284   INFO  cfg.MODEL.ROI_HEAD.LOSS_CONFIG.LOSS_WEIGHTS.code_weights: [1.0, 1.0, 1.0, 1.0, 1.0, 1.0, 1.0]
2024-08-22 15:22:23,285   INFO  ----------- POST_PROCESSING -----------
2024-08-22 15:22:23,285   INFO  cfg.MODEL.POST_PROCESSING.RECALL_THRESH_LIST: [0.3, 0.5, 0.7]
2024-08-22 15:22:23,285   INFO  cfg.MODEL.POST_PROCESSING.SCORE_THRESH: 0.2
2024-08-22 15:22:23,285   INFO  cfg.MODEL.POST_PROCESSING.OUTPUT_RAW_SCORE: False
2024-08-22 15:22:23,285   INFO  cfg.MODEL.POST_PROCESSING.EVAL_METRIC: kitti
2024-08-22 15:22:23,285   INFO  ----------- NMS_CONFIG -----------
2024-08-22 15:22:23,285   INFO  cfg.MODEL.POST_PROCESSING.NMS_CONFIG.MULTI_CLASSES_NMS: False
2024-08-22 15:22:23,285   INFO  cfg.MODEL.POST_PROCESSING.NMS_CONFIG.NMS_TYPE: nms_gpu
2024-08-22 15:22:23,285   INFO  cfg.MODEL.POST_PROCESSING.NMS_CONFIG.NMS_THRESH: 0.1
2024-08-22 15:22:23,285   INFO  cfg.MODEL.POST_PROCESSING.NMS_CONFIG.NMS_PRE_MAXSIZE: 4096
2024-08-22 15:22:23,285   INFO  cfg.MODEL.POST_PROCESSING.NMS_CONFIG.NMS_POST_MAXSIZE: 500
2024-08-22 15:22:23,285   INFO  ----------- OPTIMIZATION -----------
2024-08-22 15:22:23,285   INFO  cfg.OPTIMIZATION.BATCH_SIZE_PER_GPU: 6
2024-08-22 15:22:23,285   INFO  cfg.OPTIMIZATION.NUM_EPOCHS: 80
2024-08-22 15:22:23,285   INFO  cfg.OPTIMIZATION.OPTIMIZER: adam_onecycle
2024-08-22 15:22:23,285   INFO  cfg.OPTIMIZATION.LR: 0.01
2024-08-22 15:22:23,285   INFO  cfg.OPTIMIZATION.WEIGHT_DECAY: 0.001
2024-08-22 15:22:23,285   INFO  cfg.OPTIMIZATION.MOMENTUM: 0.9
2024-08-22 15:22:23,286   INFO  cfg.OPTIMIZATION.MOMS: [0.95, 0.85]
2024-08-22 15:22:23,286   INFO  cfg.OPTIMIZATION.PCT_START: 0.4
2024-08-22 15:22:23,286   INFO  cfg.OPTIMIZATION.DIV_FACTOR: 10
2024-08-22 15:22:23,286   INFO  cfg.OPTIMIZATION.DECAY_STEP_LIST: [35, 45]
2024-08-22 15:22:23,286   INFO  cfg.OPTIMIZATION.LR_DECAY: 0.1
2024-08-22 15:22:23,286   INFO  cfg.OPTIMIZATION.LR_CLIP: 1e-07
2024-08-22 15:22:23,286   INFO  cfg.OPTIMIZATION.LR_WARMUP: False
2024-08-22 15:22:23,286   INFO  cfg.OPTIMIZATION.WARMUP_EPOCH: 1
2024-08-22 15:22:23,286   INFO  cfg.OPTIMIZATION.GRAD_NORM_CLIP: 10
2024-08-22 15:22:23,286   INFO  cfg.TAG: pv_rcnn_plusplus
2024-08-22 15:22:23,286   INFO  cfg.EXP_GROUP_PATH: 
2024-08-22 15:22:23,318   INFO  ----------- Create dataloader & network & optimizer -----------
2024-08-22 15:22:23,384   INFO  Database filter by min points Car: 7724 => 7037
2024-08-22 15:22:23,390   INFO  Database filter by min points Pedestrian: 2067 => 1841
2024-08-22 15:22:23,391   INFO  Database filter by min points Bike: 601 => 504
2024-08-22 15:22:23,452   INFO  Database filter by min points Car: 7724 => 7037
2024-08-22 15:22:23,458   INFO  Database filter by min points Pedestrian: 2067 => 1841
2024-08-22 15:22:23,460   INFO  Database filter by min points Bike: 601 => 504
2024-08-22 15:22:23,463   INFO  Loading Fourseason dataset
2024-08-22 15:22:23,683   INFO  Total samples for Fourseason dataset: 2167
2024-08-22 15:22:23,683   INFO  Loading Fourseason dataset
2024-08-22 15:22:23,690   INFO  Total samples for Fourseason dataset: 2167
2024-08-22 15:22:24,263   INFO  ==> Loading parameters from checkpoint /space/userfiles/khatouna/OpenPCdet_FS_DA/output/pv_rcnn_plusplus/default/ckpt/latest_model.pth to CPU
2024-08-22 15:22:24,396   INFO  ==> Loading optimizer parameters from checkpoint /space/userfiles/khatouna/OpenPCdet_FS_DA/output/pv_rcnn_plusplus/default/ckpt/latest_model.pth to CPU
2024-08-22 15:22:24,416   INFO  ==> Done
2024-08-22 15:22:24,720   INFO  ----------- Model PVRCNNPlusPlus created, param count: 14114936 -----------
2024-08-22 15:22:24,725   INFO  DistributedDataParallel(
  (module): PVRCNNPlusPlus(
    (vfe): MeanVFE()
    (backbone_3d): VoxelBackBone8x(
      (conv_input): SparseSequential(
        (0): SubMConv3d(3, 16, kernel_size=[3, 3, 3], stride=[1, 1, 1], padding=[1, 1, 1], dilation=[1, 1, 1], output_padding=[0, 0, 0], bias=False, algo=ConvAlgo.MaskImplicitGemm)
        (1): BatchNorm1d(16, eps=0.001, momentum=0.01, affine=True, track_running_stats=True)
        (2): ReLU()
      )
      (conv1): SparseSequential(
        (0): SparseSequential(
          (0): SubMConv3d(16, 16, kernel_size=[3, 3, 3], stride=[1, 1, 1], padding=[0, 0, 0], dilation=[1, 1, 1], output_padding=[0, 0, 0], bias=False, algo=ConvAlgo.MaskImplicitGemm)
          (1): BatchNorm1d(16, eps=0.001, momentum=0.01, affine=True, track_running_stats=True)
          (2): ReLU()
        )
      )
      (conv2): SparseSequential(
        (0): SparseSequential(
          (0): SparseConv3d(16, 32, kernel_size=[3, 3, 3], stride=[2, 2, 2], padding=[1, 1, 1], dilation=[1, 1, 1], output_padding=[0, 0, 0], bias=False, algo=ConvAlgo.MaskImplicitGemm)
          (1): BatchNorm1d(32, eps=0.001, momentum=0.01, affine=True, track_running_stats=True)
          (2): ReLU()
        )
        (1): SparseSequential(
          (0): SubMConv3d(32, 32, kernel_size=[3, 3, 3], stride=[1, 1, 1], padding=[0, 0, 0], dilation=[1, 1, 1], output_padding=[0, 0, 0], bias=False, algo=ConvAlgo.MaskImplicitGemm)
          (1): BatchNorm1d(32, eps=0.001, momentum=0.01, affine=True, track_running_stats=True)
          (2): ReLU()
        )
        (2): SparseSequential(
          (0): SubMConv3d(32, 32, kernel_size=[3, 3, 3], stride=[1, 1, 1], padding=[0, 0, 0], dilation=[1, 1, 1], output_padding=[0, 0, 0], bias=False, algo=ConvAlgo.MaskImplicitGemm)
          (1): BatchNorm1d(32, eps=0.001, momentum=0.01, affine=True, track_running_stats=True)
          (2): ReLU()
        )
      )
      (conv3): SparseSequential(
        (0): SparseSequential(
          (0): SparseConv3d(32, 64, kernel_size=[3, 3, 3], stride=[2, 2, 2], padding=[1, 1, 1], dilation=[1, 1, 1], output_padding=[0, 0, 0], bias=False, algo=ConvAlgo.MaskImplicitGemm)
          (1): BatchNorm1d(64, eps=0.001, momentum=0.01, affine=True, track_running_stats=True)
          (2): ReLU()
        )
        (1): SparseSequential(
          (0): SubMConv3d(64, 64, kernel_size=[3, 3, 3], stride=[1, 1, 1], padding=[0, 0, 0], dilation=[1, 1, 1], output_padding=[0, 0, 0], bias=False, algo=ConvAlgo.MaskImplicitGemm)
          (1): BatchNorm1d(64, eps=0.001, momentum=0.01, affine=True, track_running_stats=True)
          (2): ReLU()
        )
        (2): SparseSequential(
          (0): SubMConv3d(64, 64, kernel_size=[3, 3, 3], stride=[1, 1, 1], padding=[0, 0, 0], dilation=[1, 1, 1], output_padding=[0, 0, 0], bias=False, algo=ConvAlgo.MaskImplicitGemm)
          (1): BatchNorm1d(64, eps=0.001, momentum=0.01, affine=True, track_running_stats=True)
          (2): ReLU()
        )
      )
      (conv4): SparseSequential(
        (0): SparseSequential(
          (0): SparseConv3d(64, 64, kernel_size=[3, 3, 3], stride=[2, 2, 2], padding=[0, 1, 1], dilation=[1, 1, 1], output_padding=[0, 0, 0], bias=False, algo=ConvAlgo.MaskImplicitGemm)
          (1): BatchNorm1d(64, eps=0.001, momentum=0.01, affine=True, track_running_stats=True)
          (2): ReLU()
        )
        (1): SparseSequential(
          (0): SubMConv3d(64, 64, kernel_size=[3, 3, 3], stride=[1, 1, 1], padding=[0, 0, 0], dilation=[1, 1, 1], output_padding=[0, 0, 0], bias=False, algo=ConvAlgo.MaskImplicitGemm)
          (1): BatchNorm1d(64, eps=0.001, momentum=0.01, affine=True, track_running_stats=True)
          (2): ReLU()
        )
        (2): SparseSequential(
          (0): SubMConv3d(64, 64, kernel_size=[3, 3, 3], stride=[1, 1, 1], padding=[0, 0, 0], dilation=[1, 1, 1], output_padding=[0, 0, 0], bias=False, algo=ConvAlgo.MaskImplicitGemm)
          (1): BatchNorm1d(64, eps=0.001, momentum=0.01, affine=True, track_running_stats=True)
          (2): ReLU()
        )
      )
      (conv_out): SparseSequential(
        (0): SparseConv3d(64, 128, kernel_size=[3, 1, 1], stride=[2, 1, 1], padding=[0, 0, 0], dilation=[1, 1, 1], output_padding=[0, 0, 0], bias=False, algo=ConvAlgo.MaskImplicitGemm)
        (1): BatchNorm1d(128, eps=0.001, momentum=0.01, affine=True, track_running_stats=True)
        (2): ReLU()
      )
    )
    (map_to_bev_module): HeightCompression()
    (pfe): VoxelSetAbstraction(
      (SA_layers): ModuleList(
        (0): VectorPoolAggregationModuleMSG(
          (layer_0): VectorPoolAggregationModule(
            radius=1.2, local_voxels=([3, 3, 3], local_aggregation_type=local_interpolation, num_c_reduction=64->32, num_c_local_aggregation=32
            (local_interpolate_module): VectorPoolLocalInterpolateModule()
            (separate_local_aggregation_layer): Sequential(
              (0): Conv1d(1107, 864, kernel_size=(1,), stride=(1,), groups=27, bias=False)
              (1): BatchNorm1d(864, eps=1e-05, momentum=0.1, affine=True, track_running_stats=True)
              (2): ReLU()
            )
            (post_mlps): Sequential(
              (0): Conv1d(864, 64, kernel_size=(1,), stride=(1,), bias=False)
              (1): BatchNorm1d(64, eps=1e-05, momentum=0.1, affine=True, track_running_stats=True)
              (2): ReLU()
              (3): Conv1d(64, 64, kernel_size=(1,), stride=(1,), bias=False)
              (4): BatchNorm1d(64, eps=1e-05, momentum=0.1, affine=True, track_running_stats=True)
              (5): ReLU()
            )
          )
          (layer_1): VectorPoolAggregationModule(
            radius=2.4, local_voxels=([3, 3, 3], local_aggregation_type=local_interpolation, num_c_reduction=64->32, num_c_local_aggregation=32
            (local_interpolate_module): VectorPoolLocalInterpolateModule()
            (separate_local_aggregation_layer): Sequential(
              (0): Conv1d(1107, 864, kernel_size=(1,), stride=(1,), groups=27, bias=False)
              (1): BatchNorm1d(864, eps=1e-05, momentum=0.1, affine=True, track_running_stats=True)
              (2): ReLU()
            )
            (post_mlps): Sequential(
              (0): Conv1d(864, 64, kernel_size=(1,), stride=(1,), bias=False)
              (1): BatchNorm1d(64, eps=1e-05, momentum=0.1, affine=True, track_running_stats=True)
              (2): ReLU()
              (3): Conv1d(64, 64, kernel_size=(1,), stride=(1,), bias=False)
              (4): BatchNorm1d(64, eps=1e-05, momentum=0.1, affine=True, track_running_stats=True)
              (5): ReLU()
            )
          )
          (msg_post_mlps): Sequential(
            (0): Conv1d(131, 128, kernel_size=(1,), stride=(1,), bias=False)
            (1): BatchNorm1d(128, eps=1e-05, momentum=0.1, affine=True, track_running_stats=True)
            (2): ReLU()
          )
        )
        (1): VectorPoolAggregationModuleMSG(
          (layer_0): VectorPoolAggregationModule(
            radius=2.4, local_voxels=([3, 3, 3], local_aggregation_type=local_interpolation, num_c_reduction=64->32, num_c_local_aggregation=32
            (local_interpolate_module): VectorPoolLocalInterpolateModule()
            (separate_local_aggregation_layer): Sequential(
              (0): Conv1d(1107, 864, kernel_size=(1,), stride=(1,), groups=27, bias=False)
              (1): BatchNorm1d(864, eps=1e-05, momentum=0.1, affine=True, track_running_stats=True)
              (2): ReLU()
            )
            (post_mlps): Sequential(
              (0): Conv1d(864, 64, kernel_size=(1,), stride=(1,), bias=False)
              (1): BatchNorm1d(64, eps=1e-05, momentum=0.1, affine=True, track_running_stats=True)
              (2): ReLU()
              (3): Conv1d(64, 64, kernel_size=(1,), stride=(1,), bias=False)
              (4): BatchNorm1d(64, eps=1e-05, momentum=0.1, affine=True, track_running_stats=True)
              (5): ReLU()
            )
          )
          (layer_1): VectorPoolAggregationModule(
            radius=4.8, local_voxels=([3, 3, 3], local_aggregation_type=local_interpolation, num_c_reduction=64->32, num_c_local_aggregation=32
            (local_interpolate_module): VectorPoolLocalInterpolateModule()
            (separate_local_aggregation_layer): Sequential(
              (0): Conv1d(1107, 864, kernel_size=(1,), stride=(1,), groups=27, bias=False)
              (1): BatchNorm1d(864, eps=1e-05, momentum=0.1, affine=True, track_running_stats=True)
              (2): ReLU()
            )
            (post_mlps): Sequential(
              (0): Conv1d(864, 64, kernel_size=(1,), stride=(1,), bias=False)
              (1): BatchNorm1d(64, eps=1e-05, momentum=0.1, affine=True, track_running_stats=True)
              (2): ReLU()
              (3): Conv1d(64, 64, kernel_size=(1,), stride=(1,), bias=False)
              (4): BatchNorm1d(64, eps=1e-05, momentum=0.1, affine=True, track_running_stats=True)
              (5): ReLU()
            )
          )
          (msg_post_mlps): Sequential(
            (0): Conv1d(131, 128, kernel_size=(1,), stride=(1,), bias=False)
            (1): BatchNorm1d(128, eps=1e-05, momentum=0.1, affine=True, track_running_stats=True)
            (2): ReLU()
          )
        )
      )
      (SA_rawpoints): VectorPoolAggregationModuleMSG(
        (layer_0): VectorPoolAggregationModule(
          radius=0.2, local_voxels=([2, 2, 2], local_aggregation_type=local_interpolation, num_c_reduction=0->3, num_c_local_aggregation=32
          (local_interpolate_module): VectorPoolLocalInterpolateModule()
          (separate_local_aggregation_layer): Sequential(
            (0): Conv1d(96, 256, kernel_size=(1,), stride=(1,), groups=8, bias=False)
            (1): BatchNorm1d(256, eps=1e-05, momentum=0.1, affine=True, track_running_stats=True)
            (2): ReLU()
          )
          (post_mlps): Sequential(
            (0): Conv1d(256, 32, kernel_size=(1,), stride=(1,), bias=False)
            (1): BatchNorm1d(32, eps=1e-05, momentum=0.1, affine=True, track_running_stats=True)
            (2): ReLU()
            (3): Conv1d(32, 32, kernel_size=(1,), stride=(1,), bias=False)
            (4): BatchNorm1d(32, eps=1e-05, momentum=0.1, affine=True, track_running_stats=True)
            (5): ReLU()
          )
        )
        (layer_1): VectorPoolAggregationModule(
          radius=0.4, local_voxels=([3, 3, 3], local_aggregation_type=local_interpolation, num_c_reduction=0->3, num_c_local_aggregation=32
          (local_interpolate_module): VectorPoolLocalInterpolateModule()
          (separate_local_aggregation_layer): Sequential(
            (0): Conv1d(324, 864, kernel_size=(1,), stride=(1,), groups=27, bias=False)
            (1): BatchNorm1d(864, eps=1e-05, momentum=0.1, affine=True, track_running_stats=True)
            (2): ReLU()
          )
          (post_mlps): Sequential(
            (0): Conv1d(864, 32, kernel_size=(1,), stride=(1,), bias=False)
            (1): BatchNorm1d(32, eps=1e-05, momentum=0.1, affine=True, track_running_stats=True)
            (2): ReLU()
            (3): Conv1d(32, 32, kernel_size=(1,), stride=(1,), bias=False)
            (4): BatchNorm1d(32, eps=1e-05, momentum=0.1, affine=True, track_running_stats=True)
            (5): ReLU()
          )
        )
        (msg_post_mlps): Sequential(
          (0): Conv1d(67, 32, kernel_size=(1,), stride=(1,), bias=False)
          (1): BatchNorm1d(32, eps=1e-05, momentum=0.1, affine=True, track_running_stats=True)
          (2): ReLU()
        )
      )
      (vsa_point_feature_fusion): Sequential(
        (0): Linear(in_features=544, out_features=90, bias=False)
        (1): BatchNorm1d(90, eps=1e-05, momentum=0.1, affine=True, track_running_stats=True)
        (2): ReLU()
      )
    )
    (backbone_2d): BaseBEVBackbone(
      (blocks): ModuleList(
        (0): Sequential(
          (0): ZeroPad2d((1, 1, 1, 1))
          (1): Conv2d(256, 128, kernel_size=(3, 3), stride=(1, 1), bias=False)
          (2): BatchNorm2d(128, eps=0.001, momentum=0.01, affine=True, track_running_stats=True)
          (3): ReLU()
          (4): Conv2d(128, 128, kernel_size=(3, 3), stride=(1, 1), padding=(1, 1), bias=False)
          (5): BatchNorm2d(128, eps=0.001, momentum=0.01, affine=True, track_running_stats=True)
          (6): ReLU()
          (7): Conv2d(128, 128, kernel_size=(3, 3), stride=(1, 1), padding=(1, 1), bias=False)
          (8): BatchNorm2d(128, eps=0.001, momentum=0.01, affine=True, track_running_stats=True)
          (9): ReLU()
          (10): Conv2d(128, 128, kernel_size=(3, 3), stride=(1, 1), padding=(1, 1), bias=False)
          (11): BatchNorm2d(128, eps=0.001, momentum=0.01, affine=True, track_running_stats=True)
          (12): ReLU()
          (13): Conv2d(128, 128, kernel_size=(3, 3), stride=(1, 1), padding=(1, 1), bias=False)
          (14): BatchNorm2d(128, eps=0.001, momentum=0.01, affine=True, track_running_stats=True)
          (15): ReLU()
          (16): Conv2d(128, 128, kernel_size=(3, 3), stride=(1, 1), padding=(1, 1), bias=False)
          (17): BatchNorm2d(128, eps=0.001, momentum=0.01, affine=True, track_running_stats=True)
          (18): ReLU()
        )
        (1): Sequential(
          (0): ZeroPad2d((1, 1, 1, 1))
          (1): Conv2d(128, 256, kernel_size=(3, 3), stride=(2, 2), bias=False)
          (2): BatchNorm2d(256, eps=0.001, momentum=0.01, affine=True, track_running_stats=True)
          (3): ReLU()
          (4): Conv2d(256, 256, kernel_size=(3, 3), stride=(1, 1), padding=(1, 1), bias=False)
          (5): BatchNorm2d(256, eps=0.001, momentum=0.01, affine=True, track_running_stats=True)
          (6): ReLU()
          (7): Conv2d(256, 256, kernel_size=(3, 3), stride=(1, 1), padding=(1, 1), bias=False)
          (8): BatchNorm2d(256, eps=0.001, momentum=0.01, affine=True, track_running_stats=True)
          (9): ReLU()
          (10): Conv2d(256, 256, kernel_size=(3, 3), stride=(1, 1), padding=(1, 1), bias=False)
          (11): BatchNorm2d(256, eps=0.001, momentum=0.01, affine=True, track_running_stats=True)
          (12): ReLU()
          (13): Conv2d(256, 256, kernel_size=(3, 3), stride=(1, 1), padding=(1, 1), bias=False)
          (14): BatchNorm2d(256, eps=0.001, momentum=0.01, affine=True, track_running_stats=True)
          (15): ReLU()
          (16): Conv2d(256, 256, kernel_size=(3, 3), stride=(1, 1), padding=(1, 1), bias=False)
          (17): BatchNorm2d(256, eps=0.001, momentum=0.01, affine=True, track_running_stats=True)
          (18): ReLU()
        )
      )
      (deblocks): ModuleList(
        (0): Sequential(
          (0): ConvTranspose2d(128, 256, kernel_size=(1, 1), stride=(1, 1), bias=False)
          (1): BatchNorm2d(256, eps=0.001, momentum=0.01, affine=True, track_running_stats=True)
          (2): ReLU()
        )
        (1): Sequential(
          (0): ConvTranspose2d(256, 256, kernel_size=(2, 2), stride=(2, 2), bias=False)
          (1): BatchNorm2d(256, eps=0.001, momentum=0.01, affine=True, track_running_stats=True)
          (2): ReLU()
        )
      )
    )
    (dense_head): CenterHead(
      (shared_conv): Sequential(
        (0): Conv2d(512, 64, kernel_size=(3, 3), stride=(1, 1), padding=(1, 1))
        (1): BatchNorm2d(64, eps=1e-05, momentum=0.1, affine=True, track_running_stats=True)
        (2): ReLU()
      )
      (heads_list): ModuleList(
        (0): SeparateHead(
          (center): Sequential(
            (0): Sequential(
              (0): Conv2d(64, 64, kernel_size=(3, 3), stride=(1, 1), padding=(1, 1))
              (1): BatchNorm2d(64, eps=1e-05, momentum=0.1, affine=True, track_running_stats=True)
              (2): ReLU()
            )
            (1): Conv2d(64, 2, kernel_size=(3, 3), stride=(1, 1), padding=(1, 1))
          )
          (center_z): Sequential(
            (0): Sequential(
              (0): Conv2d(64, 64, kernel_size=(3, 3), stride=(1, 1), padding=(1, 1))
              (1): BatchNorm2d(64, eps=1e-05, momentum=0.1, affine=True, track_running_stats=True)
              (2): ReLU()
            )
            (1): Conv2d(64, 1, kernel_size=(3, 3), stride=(1, 1), padding=(1, 1))
          )
          (dim): Sequential(
            (0): Sequential(
              (0): Conv2d(64, 64, kernel_size=(3, 3), stride=(1, 1), padding=(1, 1))
              (1): BatchNorm2d(64, eps=1e-05, momentum=0.1, affine=True, track_running_stats=True)
              (2): ReLU()
            )
            (1): Conv2d(64, 3, kernel_size=(3, 3), stride=(1, 1), padding=(1, 1))
          )
          (rot): Sequential(
            (0): Sequential(
              (0): Conv2d(64, 64, kernel_size=(3, 3), stride=(1, 1), padding=(1, 1))
              (1): BatchNorm2d(64, eps=1e-05, momentum=0.1, affine=True, track_running_stats=True)
              (2): ReLU()
            )
            (1): Conv2d(64, 2, kernel_size=(3, 3), stride=(1, 1), padding=(1, 1))
          )
          (hm): Sequential(
            (0): Sequential(
              (0): Conv2d(64, 64, kernel_size=(3, 3), stride=(1, 1), padding=(1, 1))
              (1): BatchNorm2d(64, eps=1e-05, momentum=0.1, affine=True, track_running_stats=True)
              (2): ReLU()
            )
            (1): Conv2d(64, 3, kernel_size=(3, 3), stride=(1, 1), padding=(1, 1))
          )
        )
      )
      (hm_loss_func): FocalLossCenterNet()
      (reg_loss_func): RegLossCenterNet()
    )
    (point_head): PointHeadSimple(
      (cls_loss_func): SigmoidFocalClassificationLoss()
      (cls_layers): Sequential(
        (0): Linear(in_features=544, out_features=256, bias=False)
        (1): BatchNorm1d(256, eps=1e-05, momentum=0.1, affine=True, track_running_stats=True)
        (2): ReLU()
        (3): Linear(in_features=256, out_features=256, bias=False)
        (4): BatchNorm1d(256, eps=1e-05, momentum=0.1, affine=True, track_running_stats=True)
        (5): ReLU()
        (6): Linear(in_features=256, out_features=1, bias=True)
      )
    )
    (roi_head): PVRCNNHeadBaseline(
      (proposal_target_layer): ProposalTargetLayer()
      (reg_loss_func): WeightedSmoothL1Loss()
      (roi_grid_pool_layer): VectorPoolAggregationModuleMSG(
        (layer_0): VectorPoolAggregationModule(
          radius=0.8, local_voxels=([3, 3, 3], local_aggregation_type=voxel_random_choice, num_c_reduction=90->30, num_c_local_aggregation=32
          (separate_local_aggregation_layer): Sequential(
            (0): Conv1d(891, 864, kernel_size=(1,), stride=(1,), groups=27, bias=False)
            (1): BatchNorm1d(864, eps=1e-05, momentum=0.1, affine=True, track_running_stats=True)
            (2): ReLU()
          )
          (post_mlps): Sequential(
            (0): Conv1d(864, 64, kernel_size=(1,), stride=(1,), bias=False)
            (1): BatchNorm1d(64, eps=1e-05, momentum=0.1, affine=True, track_running_stats=True)
            (2): ReLU()
            (3): Conv1d(64, 64, kernel_size=(1,), stride=(1,), bias=False)
            (4): BatchNorm1d(64, eps=1e-05, momentum=0.1, affine=True, track_running_stats=True)
            (5): ReLU()
          )
        )
        (layer_1): VectorPoolAggregationModule(
          radius=1.6, local_voxels=([3, 3, 3], local_aggregation_type=voxel_random_choice, num_c_reduction=90->30, num_c_local_aggregation=32
          (separate_local_aggregation_layer): Sequential(
            (0): Conv1d(891, 864, kernel_size=(1,), stride=(1,), groups=27, bias=False)
            (1): BatchNorm1d(864, eps=1e-05, momentum=0.1, affine=True, track_running_stats=True)
            (2): ReLU()
          )
          (post_mlps): Sequential(
            (0): Conv1d(864, 64, kernel_size=(1,), stride=(1,), bias=False)
            (1): BatchNorm1d(64, eps=1e-05, momentum=0.1, affine=True, track_running_stats=True)
            (2): ReLU()
            (3): Conv1d(64, 64, kernel_size=(1,), stride=(1,), bias=False)
            (4): BatchNorm1d(64, eps=1e-05, momentum=0.1, affine=True, track_running_stats=True)
            (5): ReLU()
          )
        )
        (msg_post_mlps): Sequential(
          (0): Conv1d(131, 128, kernel_size=(1,), stride=(1,), bias=False)
          (1): BatchNorm1d(128, eps=1e-05, momentum=0.1, affine=True, track_running_stats=True)
          (2): ReLU()
        )
      )
      (shared_fc_layer): Sequential(
        (0): Conv1d(27648, 256, kernel_size=(1,), stride=(1,), bias=False)
        (1): BatchNorm1d(256, eps=1e-05, momentum=0.1, affine=True, track_running_stats=True)
        (2): ReLU()
        (3): Dropout(p=0.3, inplace=False)
        (4): Conv1d(256, 256, kernel_size=(1,), stride=(1,), bias=False)
        (5): BatchNorm1d(256, eps=1e-05, momentum=0.1, affine=True, track_running_stats=True)
        (6): ReLU()
      )
      (cls_layers): Sequential(
        (0): Conv1d(256, 256, kernel_size=(1,), stride=(1,), bias=False)
        (1): BatchNorm1d(256, eps=1e-05, momentum=0.1, affine=True, track_running_stats=True)
        (2): ReLU()
        (3): Dropout(p=0.3, inplace=False)
        (4): Conv1d(256, 256, kernel_size=(1,), stride=(1,), bias=False)
        (5): BatchNorm1d(256, eps=1e-05, momentum=0.1, affine=True, track_running_stats=True)
        (6): ReLU()
        (7): Conv1d(256, 1, kernel_size=(1,), stride=(1,))
      )
      (reg_layers): Sequential(
        (0): Conv1d(256, 256, kernel_size=(1,), stride=(1,), bias=False)
        (1): BatchNorm1d(256, eps=1e-05, momentum=0.1, affine=True, track_running_stats=True)
        (2): ReLU()
        (3): Dropout(p=0.3, inplace=False)
        (4): Conv1d(256, 256, kernel_size=(1,), stride=(1,), bias=False)
        (5): BatchNorm1d(256, eps=1e-05, momentum=0.1, affine=True, track_running_stats=True)
        (6): ReLU()
        (7): Conv1d(256, 7, kernel_size=(1,), stride=(1,))
      )
    )
  )
)
2024-08-22 15:22:24,731   INFO  **********************Start training /pv_rcnn_plusplus(default)**********************
2024-08-22 15:23:49,657   INFO  Train:   23/80 ( 29%) [ 136/362 ( 38%)]  Loss: 4.328 (4.33)  LR: 8.136e-03  Time cost: 00:28/1:47:21 [01:24/165:09:45]  Acc_iter 8101        Data time: 0.93(0.93)  Forward time: 27.57(27.57)  Batch time: 28.50(28.50)
2024-08-22 15:28:23,064   INFO  Save latest model to /space/userfiles/khatouna/OpenPCdet_FS_DA/output/pv_rcnn_plusplus/default/ckpt/latest_model
2024-08-22 15:28:59,216   INFO  Train:   23/80 ( 29%) [ 185/362 ( 51%)]  Loss: 3.965 (4.18)  LR: 8.185e-03  Time cost: 05:38/19:56 [06:34/39:05:08]  Acc_iter 8150        Data time: 0.18(0.21)  Forward time: 5.78(6.54)  Batch time: 5.95(6.76)
2024-08-22 15:33:27,859   INFO  Save latest model to /space/userfiles/khatouna/OpenPCdet_FS_DA/output/pv_rcnn_plusplus/default/ckpt/latest_model
2024-08-22 15:34:21,075   INFO  Train:   23/80 ( 29%) [ 235/362 ( 65%)]  Loss: 4.167 (4.18)  LR: 8.233e-03  Time cost: 10:59/13:58 [11:56/38:03:26]  Acc_iter 8200        Data time: 0.20(0.21)  Forward time: 7.02(6.39)  Batch time: 7.22(6.60)
2024-08-22 15:38:27,562   INFO  Save latest model to /space/userfiles/khatouna/OpenPCdet_FS_DA/output/pv_rcnn_plusplus/default/ckpt/latest_model
2024-08-22 15:40:19,768   INFO  Train:   23/80 ( 29%) [ 285/362 ( 79%)]  Loss: 4.386 (4.17)  LR: 8.282e-03  Time cost: 16:58/08:42 [17:55/39:04:03]  Acc_iter 8250        Data time: 0.19(0.20)  Forward time: 6.21(6.59)  Batch time: 6.41(6.79)
2024-08-22 15:40:19,969   INFO  
2024-08-22 15:43:26,448   INFO  Save latest model to /space/userfiles/khatouna/OpenPCdet_FS_DA/output/pv_rcnn_plusplus/default/ckpt/latest_model
2024-08-22 15:45:28,369   INFO  Train:   23/80 ( 29%) [ 335/362 ( 93%)]  Loss: 4.181 (4.17)  LR: 8.329e-03  Time cost: 22:07/02:59 [23:03/38:05:08]  Acc_iter 8300        Data time: 0.18(0.20)  Forward time: 6.23(6.43)  Batch time: 6.40(6.64)
2024-08-22 15:48:15,838   INFO  Train:   23/80 ( 29%) [ 361/362 (100%)]  Loss: 3.783 (4.16)  LR: 8.354e-03  Time cost: 24:54/00:06 [25:51/37:54:32]  Acc_iter 8326        Data time: 0.20(0.20)  Forward time: 5.40(6.41)  Batch time: 5.60(6.61)
2024-08-22 15:48:55,118   INFO  Train:   24/80 ( 30%) [   0/362 (  0%)]  Loss: 4.126 (4.13)  LR: 8.355e-03  Time cost: 00:08/52:54 [26:30/50:16:11]  Acc_iter 8327        Data time: 0.78(0.78)  Forward time: 7.77(7.77)  Batch time: 8.55(8.55)
2024-08-22 15:51:25,985   INFO  Train:   24/80 ( 30%) [  23/362 (  6%)]  Loss: 4.057 (4.11)  LR: 8.376e-03  Time cost: 02:39/37:34 [29:01/38:04:54]  Acc_iter 8350        Data time: 0.20(0.22)  Forward time: 7.31(6.43)  Batch time: 7.51(6.64)
2024-08-22 15:53:50,512   INFO  Save latest model to /space/userfiles/khatouna/OpenPCdet_FS_DA/output/pv_rcnn_plusplus/default/ckpt/latest_model
2024-08-22 15:57:15,079   INFO  Train:   24/80 ( 30%) [  73/362 ( 20%)]  Loss: 4.346 (4.14)  LR: 8.423e-03  Time cost: 08:28/33:06 [34:50/39:15:51]  Acc_iter 8400        Data time: 0.20(0.21)  Forward time: 6.39(6.66)  Batch time: 6.59(6.87)
2024-08-22 15:57:15,285   INFO  
2024-08-22 15:58:52,296   INFO  Save latest model to /space/userfiles/khatouna/OpenPCdet_FS_DA/output/pv_rcnn_plusplus/default/ckpt/latest_model
2024-08-22 16:02:57,766   INFO  Train:   24/80 ( 30%) [ 123/362 ( 34%)]  Loss: 4.317 (4.16)  LR: 8.469e-03  Time cost: 14:11/27:21 [40:33/39:07:14]  Acc_iter 8450        Data time: 0.20(0.21)  Forward time: 6.15(6.66)  Batch time: 6.35(6.86)
2024-08-22 16:03:53,492   INFO  Save latest model to /space/userfiles/khatouna/OpenPCdet_FS_DA/output/pv_rcnn_plusplus/default/ckpt/latest_model
2024-08-22 16:08:25,115   INFO  Train:   24/80 ( 30%) [ 173/362 ( 48%)]  Loss: 4.151 (4.14)  LR: 8.515e-03  Time cost: 19:38/21:20 [46:00/38:30:13]  Acc_iter 8500        Data time: 0.22(0.21)  Forward time: 5.69(6.57)  Batch time: 5.90(6.77)
2024-08-22 16:08:50,850   INFO  Save latest model to /space/userfiles/khatouna/OpenPCdet_FS_DA/output/pv_rcnn_plusplus/default/ckpt/latest_model
2024-08-22 16:13:50,666   INFO  Train:   24/80 ( 30%) [ 223/362 ( 62%)]  Loss: 4.165 (4.15)  LR: 8.560e-03  Time cost: 25:04/15:33 [51:25/38:04:34]  Acc_iter 8550        Data time: 0.24(0.21)  Forward time: 5.96(6.51)  Batch time: 6.20(6.71)
2024-08-22 16:13:50,813   INFO  
2024-08-22 16:13:51,233   INFO  Save latest model to /space/userfiles/khatouna/OpenPCdet_FS_DA/output/pv_rcnn_plusplus/default/ckpt/latest_model
2024-08-22 16:18:48,665   INFO  Save latest model to /space/userfiles/khatouna/OpenPCdet_FS_DA/output/pv_rcnn_plusplus/default/ckpt/latest_model
2024-08-22 16:19:15,878   INFO  Train:   24/80 ( 30%) [ 273/362 ( 75%)]  Loss: 3.835 (4.15)  LR: 8.604e-03  Time cost: 30:29/09:54 [56:51/37:45:52]  Acc_iter 8600        Data time: 0.23(0.21)  Forward time: 6.27(6.47)  Batch time: 6.50(6.68)
2024-08-22 16:23:48,898   INFO  Save latest model to /space/userfiles/khatouna/OpenPCdet_FS_DA/output/pv_rcnn_plusplus/default/ckpt/latest_model
2024-08-22 16:24:24,802   INFO  Train:   24/80 ( 30%) [ 323/362 ( 89%)]  Loss: 4.313 (4.15)  LR: 8.648e-03  Time cost: 35:38/04:17 [1:02:00/37:14:15]  Acc_iter 8650        Data time: 0.18(0.21)  Forward time: 5.56(6.39)  Batch time: 5.74(6.60)
2024-08-22 16:28:15,384   INFO  Train:   24/80 ( 30%) [ 361/362 (100%)]  Loss: 4.046 (4.14)  LR: 8.681e-03  Time cost: 39:29/00:06 [1:05:50/36:51:12]  Acc_iter 8688        Data time: 0.16(0.20)  Forward time: 4.89(6.34)  Batch time: 5.05(6.54)
2024-08-22 16:28:56,917   INFO  Train:   25/80 ( 31%) [   0/362 (  0%)]  Loss: 3.918 (3.92)  LR: 8.682e-03  Time cost: 00:07/47:01 [1:06:32/43:53:03]  Acc_iter 8689        Data time: 1.08(1.08)  Forward time: 6.48(6.48)  Batch time: 7.56(7.56)
2024-08-22 16:30:03,651   INFO  Train:   25/80 ( 31%) [  11/362 (  3%)]  Loss: 4.047 (4.18)  LR: 8.691e-03  Time cost: 01:14/36:19 [1:07:38/34:57:11]  Acc_iter 8700        Data time: 0.18(0.27)  Forward time: 6.33(5.93)  Batch time: 6.52(6.19)
2024-08-22 16:30:03,870   INFO  
2024-08-22 16:33:53,304   INFO  Save latest model to /space/userfiles/khatouna/OpenPCdet_FS_DA/output/pv_rcnn_plusplus/default/ckpt/latest_model
2024-08-22 16:35:13,931   INFO  Train:   25/80 ( 31%) [  61/362 ( 17%)]  Loss: 4.037 (4.13)  LR: 8.734e-03  Time cost: 06:24/31:08 [1:12:49/34:50:40]  Acc_iter 8750        Data time: 0.22(0.22)  Forward time: 6.00(5.98)  Batch time: 6.21(6.20)
2024-08-22 16:38:51,485   INFO  Save latest model to /space/userfiles/khatouna/OpenPCdet_FS_DA/output/pv_rcnn_plusplus/default/ckpt/latest_model
2024-08-22 16:40:45,246   INFO  Train:   25/80 ( 31%) [ 111/362 ( 31%)]  Loss: 4.383 (4.15)  LR: 8.776e-03  Time cost: 11:56/26:44 [1:18:20/35:48:28]  Acc_iter 8800        Data time: 0.18(0.21)  Forward time: 6.95(6.18)  Batch time: 7.13(6.39)
2024-08-22 16:43:50,772   INFO  Save latest model to /space/userfiles/khatouna/OpenPCdet_FS_DA/output/pv_rcnn_plusplus/default/ckpt/latest_model
2024-08-22 16:46:22,446   INFO  Train:   25/80 ( 31%) [ 161/362 ( 44%)]  Loss: 4.178 (4.15)  LR: 8.818e-03  Time cost: 17:33/21:46 [1:23:57/36:19:21]  Acc_iter 8850        Data time: 0.20(0.21)  Forward time: 6.67(6.29)  Batch time: 6.87(6.50)
2024-08-22 16:46:22,570   INFO  
2024-08-22 16:48:51,880   INFO  Save latest model to /space/userfiles/khatouna/OpenPCdet_FS_DA/output/pv_rcnn_plusplus/default/ckpt/latest_model
2024-08-22 16:52:08,358   INFO  Train:   25/80 ( 31%) [ 211/362 ( 58%)]  Loss: 3.860 (4.13)  LR: 8.859e-03  Time cost: 23:19/16:36 [1:29:43/36:46:45]  Acc_iter 8900        Data time: 0.22(0.21)  Forward time: 6.32(6.39)  Batch time: 6.54(6.60)
2024-08-22 16:53:56,541   INFO  Save latest model to /space/userfiles/khatouna/OpenPCdet_FS_DA/output/pv_rcnn_plusplus/default/ckpt/latest_model
2024-08-22 16:57:46,020   INFO  Train:   25/80 ( 31%) [ 261/362 ( 72%)]  Loss: 4.089 (4.13)  LR: 8.899e-03  Time cost: 28:56/11:09 [1:35:21/36:51:00]  Acc_iter 8950        Data time: 0.19(0.21)  Forward time: 6.35(6.42)  Batch time: 6.55(6.63)
2024-08-22 16:58:54,574   INFO  Save latest model to /space/userfiles/khatouna/OpenPCdet_FS_DA/output/pv_rcnn_plusplus/default/ckpt/latest_model
2024-08-22 17:03:34,713   INFO  Train:   25/80 ( 31%) [ 311/362 ( 86%)]  Loss: 4.237 (4.13)  LR: 8.939e-03  Time cost: 34:45/05:40 [1:41:09/37:03:50]  Acc_iter 9000        Data time: 0.22(0.21)  Forward time: 6.03(6.48)  Batch time: 6.24(6.68)
2024-08-22 17:03:34,929   INFO  
2024-08-22 17:03:50,377   INFO  Save latest model to /space/userfiles/khatouna/OpenPCdet_FS_DA/output/pv_rcnn_plusplus/default/ckpt/latest_model
2024-08-22 17:08:51,661   INFO  Save latest model to /space/userfiles/khatouna/OpenPCdet_FS_DA/output/pv_rcnn_plusplus/default/ckpt/latest_model
2024-08-22 17:09:09,431   INFO  Train:   25/80 ( 31%) [ 361/362 (100%)]  Loss: 4.349 (4.12)  LR: 8.978e-03  Time cost: 40:20/00:06 [1:46:44/36:58:43]  Acc_iter 9050        Data time: 0.16(0.21)  Forward time: 5.26(6.48)  Batch time: 5.42(6.69)
2024-08-22 17:09:54,717   INFO  Train:   26/80 ( 32%) [   0/362 (  0%)]  Loss: 3.941 (3.94)  LR: 8.979e-03  Time cost: 00:07/44:32 [1:47:29/40:49:33]  Acc_iter 9051        Data time: 0.88(0.88)  Forward time: 6.30(6.30)  Batch time: 7.18(7.18)
2024-08-22 17:14:51,284   INFO  Save latest model to /space/userfiles/khatouna/OpenPCdet_FS_DA/output/pv_rcnn_plusplus/default/ckpt/latest_model
2024-08-22 17:15:03,855   INFO  Train:   26/80 ( 32%) [  49/362 ( 14%)]  Loss: 4.100 (4.11)  LR: 9.016e-03  Time cost: 05:16/33:01 [1:52:39/34:55:28]  Acc_iter 9100        Data time: 0.24(0.23)  Forward time: 6.03(6.10)  Batch time: 6.26(6.33)
2024-08-22 17:19:52,644   INFO  Save latest model to /space/userfiles/khatouna/OpenPCdet_FS_DA/output/pv_rcnn_plusplus/default/ckpt/latest_model
2024-08-22 17:20:17,693   INFO  Train:   26/80 ( 32%) [  99/362 ( 27%)]  Loss: 4.027 (4.09)  LR: 9.054e-03  Time cost: 10:30/27:37 [1:57:52/34:41:20]  Acc_iter 9150        Data time: 0.22(0.22)  Forward time: 6.38(6.08)  Batch time: 6.60(6.30)
2024-08-22 17:20:17,888   INFO  
2024-08-22 17:24:48,125   INFO  Save latest model to /space/userfiles/khatouna/OpenPCdet_FS_DA/output/pv_rcnn_plusplus/default/ckpt/latest_model
2024-08-22 17:25:25,253   INFO  Train:   26/80 ( 32%) [ 149/362 ( 41%)]  Loss: 4.544 (4.09)  LR: 9.091e-03  Time cost: 15:37/22:11 [2:03:00/34:19:21]  Acc_iter 9200        Data time: 0.18(0.22)  Forward time: 5.87(6.03)  Batch time: 6.05(6.25)
2024-08-22 17:29:49,906   INFO  Save latest model to /space/userfiles/khatouna/OpenPCdet_FS_DA/output/pv_rcnn_plusplus/default/ckpt/latest_model
2024-08-22 17:30:32,763   INFO  Train:   26/80 ( 32%) [ 199/362 ( 55%)]  Loss: 4.297 (4.12)  LR: 9.127e-03  Time cost: 20:45/16:55 [2:08:08/34:05:43]  Acc_iter 9250        Data time: 0.24(0.22)  Forward time: 5.89(6.01)  Batch time: 6.13(6.23)
2024-08-22 17:34:52,772   INFO  Save latest model to /space/userfiles/khatouna/OpenPCdet_FS_DA/output/pv_rcnn_plusplus/default/ckpt/latest_model
2024-08-22 17:35:43,098   INFO  Train:   26/80 ( 32%) [ 249/362 ( 69%)]  Loss: 4.419 (4.10)  LR: 9.163e-03  Time cost: 25:55/11:43 [2:13:18/33:59:11]  Acc_iter 9300        Data time: 0.16(0.21)  Forward time: 6.14(6.01)  Batch time: 6.30(6.22)
2024-08-22 17:35:43,251   INFO  
2024-08-22 17:39:48,866   INFO  Save latest model to /space/userfiles/khatouna/OpenPCdet_FS_DA/output/pv_rcnn_plusplus/default/ckpt/latest_model
2024-08-22 17:41:04,666   INFO  Train:   26/80 ( 32%) [ 299/362 ( 83%)]  Loss: 4.107 (4.09)  LR: 9.198e-03  Time cost: 31:17/06:34 [2:18:39/34:05:21]  Acc_iter 9350        Data time: 0.18(0.21)  Forward time: 6.66(6.05)  Batch time: 6.84(6.26)
2024-08-22 17:44:48,503   INFO  Save latest model to /space/userfiles/khatouna/OpenPCdet_FS_DA/output/pv_rcnn_plusplus/default/ckpt/latest_model
2024-08-22 17:46:32,675   INFO  Train:   26/80 ( 32%) [ 349/362 ( 96%)]  Loss: 3.841 (4.10)  LR: 9.233e-03  Time cost: 36:45/01:21 [2:24:07/34:14:13]  Acc_iter 9400        Data time: 0.22(0.21)  Forward time: 5.97(6.09)  Batch time: 6.19(6.30)
2024-08-22 17:47:49,423   INFO  Train:   26/80 ( 32%) [ 361/362 (100%)]  Loss: 4.583 (4.10)  LR: 9.241e-03  Time cost: 38:02/00:06 [2:25:24/34:13:59]  Acc_iter 9412        Data time: 0.22(0.21)  Forward time: 4.42(6.10)  Batch time: 4.64(6.30)
2024-08-22 17:48:27,120   INFO  Train:   27/80 ( 34%) [   0/362 (  0%)]  Loss: 4.260 (4.26)  LR: 9.242e-03  Time cost: 00:08/48:38 [2:26:02/43:46:59]  Acc_iter 9413        Data time: 0.85(0.85)  Forward time: 6.98(6.98)  Batch time: 7.83(7.83)
2024-08-22 17:52:23,918   INFO  Train:   27/80 ( 34%) [  37/362 ( 10%)]  Loss: 4.181 (4.14)  LR: 9.267e-03  Time cost: 04:04/34:54 [2:29:59/34:55:23]  Acc_iter 9450        Data time: 0.22(0.20)  Forward time: 6.41(6.23)  Batch time: 6.63(6.44)
2024-08-22 17:52:24,153   INFO  
2024-08-22 17:53:22,397   INFO  Save latest model to /space/userfiles/khatouna/OpenPCdet_FS_DA/output/pv_rcnn_plusplus/default/ckpt/latest_model
2024-08-22 17:57:55,932   INFO  Train:   27/80 ( 34%) [  87/362 ( 24%)]  Loss: 4.119 (4.13)  LR: 9.300e-03  Time cost: 09:36/30:02 [2:35:31/35:26:14]  Acc_iter 9500        Data time: 0.18(0.20)  Forward time: 6.92(6.35)  Batch time: 7.10(6.55)
2024-08-22 17:58:21,543   INFO  Save latest model to /space/userfiles/khatouna/OpenPCdet_FS_DA/output/pv_rcnn_plusplus/default/ckpt/latest_model
2024-08-22 18:03:23,957   INFO  Save latest model to /space/userfiles/khatouna/OpenPCdet_FS_DA/output/pv_rcnn_plusplus/default/ckpt/latest_model
2024-08-22 18:03:44,593   INFO  Train:   27/80 ( 34%) [ 137/362 ( 38%)]  Loss: 4.037 (4.10)  LR: 9.332e-03  Time cost: 15:25/25:09 [2:41:19/36:09:45]  Acc_iter 9550        Data time: 0.22(0.21)  Forward time: 6.67(6.50)  Batch time: 6.89(6.71)
2024-08-22 18:08:20,653   INFO  Save latest model to /space/userfiles/khatouna/OpenPCdet_FS_DA/output/pv_rcnn_plusplus/default/ckpt/latest_model
2024-08-22 18:09:32,586   INFO  Train:   27/80 ( 34%) [ 187/362 ( 52%)]  Loss: 3.857 (4.08)  LR: 9.364e-03  Time cost: 21:13/19:45 [2:47:07/36:25:53]  Acc_iter 9600        Data time: 0.22(0.21)  Forward time: 6.84(6.57)  Batch time: 7.06(6.77)
2024-08-22 18:09:32,876   INFO  
2024-08-22 18:13:19,871   INFO  Save latest model to /space/userfiles/khatouna/OpenPCdet_FS_DA/output/pv_rcnn_plusplus/default/ckpt/latest_model
2024-08-22 18:15:17,373   INFO  Train:   27/80 ( 34%) [ 237/362 ( 65%)]  Loss: 4.287 (4.09)  LR: 9.394e-03  Time cost: 26:58/14:09 [2:52:52/36:28:28]  Acc_iter 9650        Data time: 0.22(0.21)  Forward time: 6.70(6.59)  Batch time: 6.92(6.80)
2024-08-22 18:18:22,137   INFO  Save latest model to /space/userfiles/khatouna/OpenPCdet_FS_DA/output/pv_rcnn_plusplus/default/ckpt/latest_model
2024-08-22 18:20:59,412   INFO  Train:   27/80 ( 34%) [ 287/362 ( 79%)]  Loss: 4.093 (4.08)  LR: 9.425e-03  Time cost: 32:40/08:30 [2:58:34/36:25:05]  Acc_iter 9700        Data time: 0.20(0.21)  Forward time: 6.69(6.60)  Batch time: 6.89(6.81)
2024-08-22 18:23:19,957   INFO  Save latest model to /space/userfiles/khatouna/OpenPCdet_FS_DA/output/pv_rcnn_plusplus/default/ckpt/latest_model
2024-08-22 18:26:41,124   INFO  Train:   27/80 ( 34%) [ 337/362 ( 93%)]  Loss: 3.728 (4.08)  LR: 9.454e-03  Time cost: 38:22/02:50 [3:04:16/36:20:43]  Acc_iter 9750        Data time: 0.14(0.21)  Forward time: 7.62(6.60)  Batch time: 7.76(6.81)
2024-08-22 18:26:41,364   INFO  
2024-08-22 18:28:24,936   INFO  Save latest model to /space/userfiles/khatouna/OpenPCdet_FS_DA/output/pv_rcnn_plusplus/default/ckpt/latest_model
2024-08-22 18:29:26,269   INFO  Train:   27/80 ( 34%) [ 361/362 (100%)]  Loss: 586.8 (4.34)  LR: 9.468e-03  Time cost: 41:07/00:06 [3:07:01/36:19:29]  Acc_iter 9774        Data time: 0.16(0.21)  Forward time: 5.63(6.61)  Batch time: 5.79(6.82)
2024-08-22 18:30:10,266   INFO  Train:   28/80 ( 35%) [   0/362 (  0%)]  Loss: 3.793 (3.79)  LR: 9.469e-03  Time cost: 00:07/44:29 [3:07:45/39:18:05]  Acc_iter 9775        Data time: 0.90(0.90)  Forward time: 6.26(6.26)  Batch time: 7.16(7.16)
2024-08-22 18:32:59,983   INFO  Train:   28/80 ( 35%) [  25/362 (  7%)]  Loss: 4.284 (15.0)  LR: 9.483e-03  Time cost: 02:57/38:15 [3:10:35/36:15:09]  Acc_iter 9800        Data time: 0.16(0.22)  Forward time: 6.50(6.59)  Batch time: 6.66(6.80)
2024-08-22 18:35:09,230   INFO  Save latest model to /space/userfiles/khatouna/OpenPCdet_FS_DA/output/pv_rcnn_plusplus/default/ckpt/latest_model
2024-08-22 18:38:48,542   INFO  Train:   28/80 ( 35%) [  75/362 ( 21%)]  Loss: 3.933 (7.84)  LR: 9.511e-03  Time cost: 08:45/33:05 [3:16:23/36:43:00]  Acc_iter 9850        Data time: 0.20(0.21)  Forward time: 6.60(6.71)  Batch time: 6.80(6.91)
2024-08-22 18:40:09,847   INFO  Save latest model to /space/userfiles/khatouna/OpenPCdet_FS_DA/output/pv_rcnn_plusplus/default/ckpt/latest_model
2024-08-22 18:44:18,382   INFO  Train:   28/80 ( 35%) [ 125/362 ( 35%)]  Loss: 4.270 (6.34)  LR: 9.538e-03  Time cost: 14:15/26:49 [3:21:53/35:56:56]  Acc_iter 9900        Data time: 0.21(0.21)  Forward time: 7.17(6.58)  Batch time: 7.39(6.79)
2024-08-22 18:44:18,522   INFO  
2024-08-22 18:45:06,966   INFO  Save latest model to /space/userfiles/khatouna/OpenPCdet_FS_DA/output/pv_rcnn_plusplus/default/ckpt/latest_model
2024-08-22 18:49:53,281   INFO  Train:   28/80 ( 35%) [ 175/362 ( 48%)]  Loss: 3.891 (5.69)  LR: 9.565e-03  Time cost: 19:50/21:04 [3:27:28/35:43:02]  Acc_iter 9950        Data time: 0.16(0.21)  Forward time: 5.94(6.56)  Batch time: 6.10(6.76)
2024-08-22 18:50:05,289   INFO  Save latest model to /space/userfiles/khatouna/OpenPCdet_FS_DA/output/pv_rcnn_plusplus/default/ckpt/latest_model
2024-08-22 18:55:04,836   INFO  Save latest model to /space/userfiles/khatouna/OpenPCdet_FS_DA/output/pv_rcnn_plusplus/default/ckpt/latest_model
2024-08-22 18:55:32,520   INFO  Train:   28/80 ( 35%) [ 225/362 ( 62%)]  Loss: 3.997 (5.33)  LR: 9.591e-03  Time cost: 25:29/15:27 [3:33:07/35:38:53]  Acc_iter 10000       Data time: 0.20(0.21)  Forward time: 6.97(6.56)  Batch time: 7.17(6.77)
2024-08-22 19:00:08,062   INFO  Save latest model to /space/userfiles/khatouna/OpenPCdet_FS_DA/output/pv_rcnn_plusplus/default/ckpt/latest_model
2024-08-22 19:01:15,226   INFO  Train:   28/80 ( 35%) [ 275/362 ( 76%)]  Loss: 3.700 (5.09)  LR: 9.616e-03  Time cost: 31:12/09:50 [3:38:50/35:38:08]  Acc_iter 10050       Data time: 0.18(0.21)  Forward time: 5.02(6.58)  Batch time: 5.20(6.78)
2024-08-22 19:01:15,474   INFO  
2024-08-22 19:05:06,284   INFO  Save latest model to /space/userfiles/khatouna/OpenPCdet_FS_DA/output/pv_rcnn_plusplus/default/ckpt/latest_model
2024-08-22 19:06:46,317   INFO  Train:   28/80 ( 35%) [ 325/362 ( 90%)]  Loss: 4.204 (4.93)  LR: 9.640e-03  Time cost: 36:43/04:10 [3:44:21/35:24:41]  Acc_iter 10100       Data time: 0.18(0.21)  Forward time: 6.25(6.55)  Batch time: 6.43(6.76)
2024-08-22 19:10:10,093   INFO  Save latest model to /space/userfiles/khatouna/OpenPCdet_FS_DA/output/pv_rcnn_plusplus/default/ckpt/latest_model
2024-08-22 19:10:56,459   INFO  Train:   28/80 ( 35%) [ 361/362 (100%)]  Loss: 4.709 (4.84)  LR: 9.657e-03  Time cost: 40:53/00:06 [3:48:31/35:26:32]  Acc_iter 10136       Data time: 0.18(0.21)  Forward time: 5.72(6.57)  Batch time: 5.90(6.78)
2024-08-22 19:11:35,459   INFO  Train:   29/80 ( 36%) [   0/362 (  0%)]  Loss: 3.644 (3.64)  LR: 9.657e-03  Time cost: 00:08/49:38 [3:49:10/43:01:43]  Acc_iter 10137       Data time: 1.06(1.06)  Forward time: 6.98(6.98)  Batch time: 8.04(8.04)
2024-08-22 19:13:03,480   INFO  Train:   29/80 ( 36%) [  13/362 (  4%)]  Loss: 4.180 (4.01)  LR: 9.664e-03  Time cost: 01:36/39:59 [3:50:38/35:55:26]  Acc_iter 10150       Data time: 0.18(0.26)  Forward time: 6.87(6.60)  Batch time: 7.05(6.86)
2024-08-22 19:16:30,803   INFO  Save latest model to /space/userfiles/khatouna/OpenPCdet_FS_DA/output/pv_rcnn_plusplus/default/ckpt/latest_model
2024-08-22 19:18:49,952   INFO  Train:   29/80 ( 36%) [  63/362 ( 17%)]  Loss: 3.693 (4.04)  LR: 9.686e-03  Time cost: 07:22/34:28 [3:56:25/36:02:59]  Acc_iter 10200       Data time: 0.16(0.21)  Forward time: 6.40(6.70)  Batch time: 6.56(6.91)
2024-08-22 19:18:50,133   INFO  
2024-08-22 19:21:29,475   INFO  Save latest model to /space/userfiles/khatouna/OpenPCdet_FS_DA/output/pv_rcnn_plusplus/default/ckpt/latest_model
2024-08-22 19:24:12,439   INFO  Train:   29/80 ( 36%) [ 113/362 ( 31%)]  Loss: 4.290 (4.05)  LR: 9.708e-03  Time cost: 12:45/27:51 [4:01:47/34:53:15]  Acc_iter 10250       Data time: 0.18(0.21)  Forward time: 6.35(6.50)  Batch time: 6.53(6.71)
2024-08-22 19:26:29,880   INFO  Save latest model to /space/userfiles/khatouna/OpenPCdet_FS_DA/output/pv_rcnn_plusplus/default/ckpt/latest_model
2024-08-22 19:29:41,859   INFO  Train:   29/80 ( 36%) [ 163/362 ( 45%)]  Loss: 3.617 (4.04)  LR: 9.729e-03  Time cost: 18:14/22:08 [4:07:17/34:35:54]  Acc_iter 10300       Data time: 0.19(0.21)  Forward time: 7.00(6.47)  Batch time: 7.19(6.67)
2024-08-22 19:31:28,693   INFO  Save latest model to /space/userfiles/khatouna/OpenPCdet_FS_DA/output/pv_rcnn_plusplus/default/ckpt/latest_model
2024-08-22 19:35:06,400   INFO  Train:   29/80 ( 36%) [ 213/362 ( 59%)]  Loss: 4.184 (4.02)  LR: 9.750e-03  Time cost: 23:39/16:28 [4:12:41/34:17:01]  Acc_iter 10350       Data time: 0.20(0.21)  Forward time: 6.51(6.43)  Batch time: 6.71(6.63)
2024-08-22 19:35:06,589   INFO  
2024-08-22 19:36:31,518   INFO  Save latest model to /space/userfiles/khatouna/OpenPCdet_FS_DA/output/pv_rcnn_plusplus/default/ckpt/latest_model
2024-08-22 19:40:35,381   INFO  Train:   29/80 ( 36%) [ 263/362 ( 73%)]  Loss: 4.048 (4.03)  LR: 9.770e-03  Time cost: 29:08/10:55 [4:18:10/34:08:26]  Acc_iter 10400       Data time: 0.20(0.21)  Forward time: 6.95(6.42)  Batch time: 7.15(6.62)
2024-08-22 19:41:34,045   INFO  Save latest model to /space/userfiles/khatouna/OpenPCdet_FS_DA/output/pv_rcnn_plusplus/default/ckpt/latest_model
2024-08-22 19:45:56,619   INFO  Train:   29/80 ( 36%) [ 313/362 ( 86%)]  Loss: 4.153 (4.02)  LR: 9.788e-03  Time cost: 34:29/05:22 [4:23:31/33:53:15]  Acc_iter 10450       Data time: 0.20(0.20)  Forward time: 6.40(6.39)  Batch time: 6.60(6.59)
2024-08-22 19:46:29,108   INFO  Save latest model to /space/userfiles/khatouna/OpenPCdet_FS_DA/output/pv_rcnn_plusplus/default/ckpt/latest_model
2024-08-22 19:51:10,424   INFO  Train:   29/80 ( 36%) [ 361/362 (100%)]  Loss: 5.060 (4.02)  LR: 9.806e-03  Time cost: 39:43/00:06 [4:28:45/33:45:49]  Acc_iter 10498       Data time: 0.18(0.20)  Forward time: 6.10(6.38)  Batch time: 6.28(6.58)
2024-08-22 19:51:53,179   INFO  Train:   30/80 ( 38%) [   0/362 (  0%)]  Loss: 3.951 (3.95)  LR: 9.806e-03  Time cost: 00:07/48:12 [4:29:28/40:58:46]  Acc_iter 10499       Data time: 0.67(0.67)  Forward time: 7.25(7.25)  Batch time: 7.91(7.91)
2024-08-22 19:52:00,592   INFO  Train:   30/80 ( 38%) [   1/362 (  0%)]  Loss: 4.218 (4.08)  LR: 9.807e-03  Time cost: 00:15/46:20 [4:29:35/39:29:52]  Acc_iter 10500       Data time: 0.08(0.37)  Forward time: 7.23(7.24)  Batch time: 7.32(7.61)
2024-08-22 19:52:00,897   INFO  
2024-08-22 19:56:46,185   INFO  Save latest model to /space/userfiles/khatouna/OpenPCdet_FS_DA/output/pv_rcnn_plusplus/default/ckpt/latest_model
2024-08-22 19:57:33,714   INFO  Train:   30/80 ( 38%) [  51/362 ( 14%)]  Loss: 4.188 (4.17)  LR: 9.824e-03  Time cost: 05:48/34:44 [4:35:08/34:16:38]  Acc_iter 10550       Data time: 0.22(0.22)  Forward time: 6.65(6.48)  Batch time: 6.87(6.70)
2024-08-22 20:01:50,574   INFO  Save latest model to /space/userfiles/khatouna/OpenPCdet_FS_DA/output/pv_rcnn_plusplus/default/ckpt/latest_model
2024-08-22 20:03:12,453   INFO  Train:   30/80 ( 38%) [ 101/362 ( 28%)]  Loss: 3.798 (4.07)  LR: 9.840e-03  Time cost: 11:27/29:18 [4:40:47/34:21:54]  Acc_iter 10600       Data time: 0.18(0.21)  Forward time: 6.84(6.53)  Batch time: 7.02(6.74)
2024-08-22 20:06:51,944   INFO  Save latest model to /space/userfiles/khatouna/OpenPCdet_FS_DA/output/pv_rcnn_plusplus/default/ckpt/latest_model
2024-08-22 20:09:01,084   INFO  Train:   30/80 ( 38%) [ 151/362 ( 42%)]  Loss: 3.797 (4.04)  LR: 9.856e-03  Time cost: 17:15/23:57 [4:46:36/34:39:51]  Acc_iter 10650       Data time: 0.18(0.21)  Forward time: 8.19(6.61)  Batch time: 8.37(6.81)
2024-08-22 20:09:01,356   INFO  
2024-08-22 20:11:46,611   INFO  Save latest model to /space/userfiles/khatouna/OpenPCdet_FS_DA/output/pv_rcnn_plusplus/default/ckpt/latest_model
2024-08-22 20:14:29,465   INFO  Train:   30/80 ( 38%) [ 201/362 ( 56%)]  Loss: 3.770 (4.02)  LR: 9.871e-03  Time cost: 22:44/18:07 [4:52:04/34:15:32]  Acc_iter 10700       Data time: 0.20(0.21)  Forward time: 6.45(6.55)  Batch time: 6.65(6.75)
2024-08-22 20:16:47,746   INFO  Save latest model to /space/userfiles/khatouna/OpenPCdet_FS_DA/output/pv_rcnn_plusplus/default/ckpt/latest_model
2024-08-22 20:20:15,342   INFO  Train:   30/80 ( 38%) [ 251/362 ( 69%)]  Loss: 4.064 (4.02)  LR: 9.885e-03  Time cost: 28:30/12:33 [4:57:50/34:19:45]  Acc_iter 10750       Data time: 0.16(0.21)  Forward time: 7.01(6.58)  Batch time: 7.17(6.79)
2024-08-22 20:21:51,463   INFO  Save latest model to /space/userfiles/khatouna/OpenPCdet_FS_DA/output/pv_rcnn_plusplus/default/ckpt/latest_model
2024-08-22 20:25:51,489   INFO  Train:   30/80 ( 38%) [ 301/362 ( 83%)]  Loss: 3.893 (4.01)  LR: 9.898e-03  Time cost: 34:06/06:53 [5:03:26/34:10:55]  Acc_iter 10800       Data time: 0.18(0.21)  Forward time: 7.10(6.57)  Batch time: 7.29(6.78)
2024-08-22 20:25:51,825   INFO  
2024-08-22 20:26:51,844   INFO  Save latest model to /space/userfiles/khatouna/OpenPCdet_FS_DA/output/pv_rcnn_plusplus/default/ckpt/latest_model
2024-08-22 20:31:36,061   INFO  Train:   30/80 ( 38%) [ 351/362 ( 97%)]  Loss: 3.871 (4.00)  LR: 9.911e-03  Time cost: 39:50/01:14 [5:09:11/34:10:14]  Acc_iter 10850       Data time: 0.20(0.21)  Forward time: 6.81(6.59)  Batch time: 7.01(6.79)
2024-08-22 20:31:50,929   INFO  Save latest model to /space/userfiles/khatouna/OpenPCdet_FS_DA/output/pv_rcnn_plusplus/default/ckpt/latest_model
2024-08-22 20:32:45,544   INFO  Train:   30/80 ( 38%) [ 361/362 (100%)]  Loss: 6.772 (4.00)  LR: 9.913e-03  Time cost: 41:00/00:06 [5:10:20/34:10:24]  Acc_iter 10860       Data time: 0.14(0.21)  Forward time: 6.05(6.59)  Batch time: 6.19(6.80)
2024-08-22 20:33:27,507   INFO  Train:   31/80 ( 39%) [   0/362 (  0%)]  Loss: 4.131 (4.13)  LR: 9.914e-03  Time cost: 00:08/51:12 [5:11:02/42:40:38]  Acc_iter 10861       Data time: 0.86(0.86)  Forward time: 7.42(7.42)  Batch time: 8.28(8.28)
2024-08-22 20:37:59,142   INFO  Train:   31/80 ( 39%) [  39/362 ( 11%)]  Loss: 4.321 (4.14)  LR: 9.923e-03  Time cost: 04:40/37:41 [5:15:34/35:08:02]  Acc_iter 10900       Data time: 0.20(0.21)  Forward time: 5.90(6.79)  Batch time: 6.10(7.00)
2024-08-22 20:38:25,274   INFO  Save latest model to /space/userfiles/khatouna/OpenPCdet_FS_DA/output/pv_rcnn_plusplus/default/ckpt/latest_model
2024-08-22 20:43:22,757   INFO  Save latest model to /space/userfiles/khatouna/OpenPCdet_FS_DA/output/pv_rcnn_plusplus/default/ckpt/latest_model
2024-08-22 20:43:35,038   INFO  Train:   31/80 ( 39%) [  89/362 ( 25%)]  Loss: 3.961 (4.06)  LR: 9.933e-03  Time cost: 10:16/31:08 [5:21:10/34:14:39]  Acc_iter 10950       Data time: 0.18(0.21)  Forward time: 5.91(6.63)  Batch time: 6.09(6.84)
2024-08-22 20:43:35,253   INFO  
2024-08-22 20:48:21,936   INFO  Save latest model to /space/userfiles/khatouna/OpenPCdet_FS_DA/output/pv_rcnn_plusplus/default/ckpt/latest_model
2024-08-22 20:49:21,722   INFO  Train:   31/80 ( 39%) [ 139/362 ( 38%)]  Loss: 4.080 (4.05)  LR: 9.943e-03  Time cost: 16:02/25:33 [5:26:56/34:18:28]  Acc_iter 11000       Data time: 0.19(0.21)  Forward time: 6.30(6.67)  Batch time: 6.50(6.88)
2024-08-22 20:53:22,376   INFO  Save latest model to /space/userfiles/khatouna/OpenPCdet_FS_DA/output/pv_rcnn_plusplus/default/ckpt/latest_model
2024-08-22 20:54:57,410   INFO  Train:   31/80 ( 39%) [ 189/362 ( 52%)]  Loss: 3.774 (4.03)  LR: 9.953e-03  Time cost: 21:38/19:42 [5:32:32/33:59:57]  Acc_iter 11050       Data time: 0.18(0.21)  Forward time: 6.69(6.63)  Batch time: 6.87(6.83)
2024-08-22 20:58:21,403   INFO  Save latest model to /space/userfiles/khatouna/OpenPCdet_FS_DA/output/pv_rcnn_plusplus/default/ckpt/latest_model
2024-08-22 21:00:37,461   INFO  Train:   31/80 ( 39%) [ 239/362 ( 66%)]  Loss: 4.198 (4.02)  LR: 9.961e-03  Time cost: 27:18/13:59 [5:38:12/33:52:14]  Acc_iter 11100       Data time: 0.18(0.21)  Forward time: 6.62(6.62)  Batch time: 6.79(6.83)
2024-08-22 21:00:37,736   INFO  
2024-08-22 21:03:25,338   INFO  Save latest model to /space/userfiles/khatouna/OpenPCdet_FS_DA/output/pv_rcnn_plusplus/default/ckpt/latest_model
2024-08-22 21:06:00,537   INFO  Train:   31/80 ( 39%) [ 289/362 ( 80%)]  Loss: 4.307 (4.02)  LR: 9.969e-03  Time cost: 32:41/08:13 [5:43:35/33:27:51]  Acc_iter 11150       Data time: 0.21(0.21)  Forward time: 6.28(6.56)  Batch time: 6.50(6.76)
2024-08-22 21:08:23,436   INFO  Save latest model to /space/userfiles/khatouna/OpenPCdet_FS_DA/output/pv_rcnn_plusplus/default/ckpt/latest_model
2024-08-22 21:11:43,236   INFO  Train:   31/80 ( 39%) [ 339/362 ( 94%)]  Loss: 4.238 (4.01)  LR: 9.975e-03  Time cost: 38:24/02:35 [5:49:18/33:26:08]  Acc_iter 11200       Data time: 0.20(0.21)  Forward time: 6.80(6.57)  Batch time: 7.00(6.78)
2024-08-22 21:13:25,848   INFO  Save latest model to /space/userfiles/khatouna/OpenPCdet_FS_DA/output/pv_rcnn_plusplus/default/ckpt/latest_model
2024-08-22 21:14:12,264   INFO  Train:   31/80 ( 39%) [ 361/362 (100%)]  Loss: 4.117 (4.01)  LR: 9.978e-03  Time cost: 40:53/00:06 [5:51:47/33:23:35]  Acc_iter 11222       Data time: 0.22(0.21)  Forward time: 5.22(6.57)  Batch time: 5.44(6.78)
2024-08-22 21:14:54,236   INFO  Train:   32/80 ( 40%) [   0/362 (  0%)]  Loss: 4.112 (4.11)  LR: 9.978e-03  Time cost: 00:07/45:54 [5:52:29/37:29:14]  Acc_iter 11223       Data time: 0.88(0.88)  Forward time: 6.56(6.56)  Batch time: 7.44(7.44)
2024-08-22 21:17:54,363   INFO  Train:   32/80 ( 40%) [  27/362 (  7%)]  Loss: 3.876 (3.96)  LR: 9.981e-03  Time cost: 03:07/37:26 [5:55:29/32:59:09]  Acc_iter 11250       Data time: 0.18(0.22)  Forward time: 6.74(6.48)  Batch time: 6.92(6.70)
2024-08-22 21:17:54,582   INFO  
2024-08-22 21:19:47,433   INFO  Save latest model to /space/userfiles/khatouna/OpenPCdet_FS_DA/output/pv_rcnn_plusplus/default/ckpt/latest_model
2024-08-22 21:23:27,231   INFO  Train:   32/80 ( 40%) [  77/362 ( 21%)]  Loss: 4.144 (3.95)  LR: 9.987e-03  Time cost: 08:40/31:42 [6:01:02/32:44:36]  Acc_iter 11300       Data time: 0.20(0.21)  Forward time: 6.40(6.46)  Batch time: 6.60(6.67)
2024-08-22 21:24:49,153   INFO  Save latest model to /space/userfiles/khatouna/OpenPCdet_FS_DA/output/pv_rcnn_plusplus/default/ckpt/latest_model
2024-08-22 21:29:03,187   INFO  Train:   32/80 ( 40%) [ 127/362 ( 35%)]  Loss: 3.866 (3.96)  LR: 9.991e-03  Time cost: 14:16/26:12 [6:06:38/32:44:10]  Acc_iter 11350       Data time: 0.21(0.21)  Forward time: 6.49(6.48)  Batch time: 6.71(6.69)
2024-08-22 21:29:49,186   INFO  Save latest model to /space/userfiles/khatouna/OpenPCdet_FS_DA/output/pv_rcnn_plusplus/default/ckpt/latest_model
2024-08-22 21:34:34,275   INFO  Train:   32/80 ( 40%) [ 177/362 ( 49%)]  Loss: 3.890 (3.95)  LR: 9.994e-03  Time cost: 19:47/20:34 [6:12:09/32:32:50]  Acc_iter 11400       Data time: 0.21(0.21)  Forward time: 6.31(6.47)  Batch time: 6.52(6.67)
2024-08-22 21:34:34,523   INFO  
2024-08-22 21:34:49,041   INFO  Save latest model to /space/userfiles/khatouna/OpenPCdet_FS_DA/output/pv_rcnn_plusplus/default/ckpt/latest_model
2024-08-22 21:39:48,794   INFO  Save latest model to /space/userfiles/khatouna/OpenPCdet_FS_DA/output/pv_rcnn_plusplus/default/ckpt/latest_model
2024-08-22 21:40:03,067   INFO  Train:   32/80 ( 40%) [ 227/362 ( 63%)]  Loss: 4.161 (3.95)  LR: 9.997e-03  Time cost: 25:16/14:57 [6:17:38/32:21:06]  Acc_iter 11450       Data time: 0.22(0.21)  Forward time: 6.79(6.44)  Batch time: 7.01(6.65)
2024-08-22 21:44:51,076   INFO  Save latest model to /space/userfiles/khatouna/OpenPCdet_FS_DA/output/pv_rcnn_plusplus/default/ckpt/latest_model
2024-08-22 21:45:37,042   INFO  Train:   32/80 ( 40%) [ 277/362 ( 77%)]  Loss: 3.659 (3.95)  LR: 9.999e-03  Time cost: 30:50/09:25 [6:23:12/32:17:03]  Acc_iter 11500       Data time: 0.16(0.21)  Forward time: 6.14(6.45)  Batch time: 6.30(6.66)
2024-08-22 21:49:47,114   INFO  Save latest model to /space/userfiles/khatouna/OpenPCdet_FS_DA/output/pv_rcnn_plusplus/default/ckpt/latest_model
2024-08-22 21:51:16,286   INFO  Train:   32/80 ( 40%) [ 327/362 ( 90%)]  Loss: 4.007 (3.94)  LR: 1.000e-02  Time cost: 36:29/03:53 [6:28:51/32:17:12]  Acc_iter 11550       Data time: 0.15(0.21)  Forward time: 5.61(6.47)  Batch time: 5.75(6.68)
2024-08-22 21:51:16,534   INFO  
2024-08-22 21:54:49,912   INFO  Save latest model to /space/userfiles/khatouna/OpenPCdet_FS_DA/output/pv_rcnn_plusplus/default/ckpt/latest_model
2024-08-22 21:55:02,409   INFO  Train:   32/80 ( 40%) [ 361/362 (100%)]  Loss: 5.539 (3.95)  LR: 1.000e-02  Time cost: 40:15/00:06 [6:32:37/32:12:44]  Acc_iter 11584       Data time: 0.16(0.21)  Forward time: 5.59(6.47)  Batch time: 5.75(6.67)
2024-08-22 21:55:43,234   INFO  Train:   33/80 ( 41%) [   0/362 (  0%)]  Loss: 4.036 (4.04)  LR: 1.000e-02  Time cost: 00:08/51:28 [6:33:18/41:10:33]  Acc_iter 11585       Data time: 0.83(0.83)  Forward time: 7.52(7.52)  Batch time: 8.34(8.34)
2024-08-22 21:57:23,337   INFO  Train:   33/80 ( 41%) [  15/362 (  4%)]  Loss: 4.509 (6.39)  LR: 1.000e-02  Time cost: 01:48/39:16 [6:34:58/32:44:34]  Acc_iter 11600       Data time: 0.20(0.23)  Forward time: 5.68(6.55)  Batch time: 5.88(6.78)
2024-08-22 22:00:36,677   INFO  Save latest model to /space/userfiles/khatouna/OpenPCdet_FS_DA/output/pv_rcnn_plusplus/default/ckpt/latest_model
2024-08-22 22:02:41,175   INFO  Train:   33/80 ( 41%) [  65/362 ( 18%)]  Loss: 3.893 (4.66)  LR: 1.000e-02  Time cost: 07:06/31:59 [6:40:16/31:04:18]  Acc_iter 11650       Data time: 0.22(0.21)  Forward time: 5.75(6.25)  Batch time: 5.97(6.46)
2024-08-22 22:05:38,387   INFO  Save latest model to /space/userfiles/khatouna/OpenPCdet_FS_DA/output/pv_rcnn_plusplus/default/ckpt/latest_model
2024-08-22 22:08:12,418   INFO  Train:   33/80 ( 41%) [ 115/362 ( 32%)]  Loss: 4.033 (4.35)  LR: 9.999e-03  Time cost: 12:37/26:53 [6:45:47/31:19:09]  Acc_iter 11700       Data time: 0.20(0.21)  Forward time: 6.75(6.33)  Batch time: 6.95(6.53)
2024-08-22 22:08:12,657   INFO  
2024-08-22 22:10:40,087   INFO  Save latest model to /space/userfiles/khatouna/OpenPCdet_FS_DA/output/pv_rcnn_plusplus/default/ckpt/latest_model
2024-08-22 22:13:57,552   INFO  Train:   33/80 ( 41%) [ 165/362 ( 46%)]  Loss: 4.156 (4.22)  LR: 9.998e-03  Time cost: 18:22/21:48 [6:51:32/31:45:44]  Acc_iter 11750       Data time: 0.20(0.21)  Forward time: 7.00(6.44)  Batch time: 7.20(6.64)
2024-08-22 22:15:37,312   INFO  Save latest model to /space/userfiles/khatouna/OpenPCdet_FS_DA/output/pv_rcnn_plusplus/default/ckpt/latest_model
2024-08-22 22:19:50,671   INFO  Train:   33/80 ( 41%) [ 215/362 ( 59%)]  Loss: 3.861 (4.14)  LR: 9.996e-03  Time cost: 24:15/16:30 [6:57:25/32:07:55]  Acc_iter 11800       Data time: 0.18(0.21)  Forward time: 7.22(6.53)  Batch time: 7.40(6.74)
2024-08-22 22:20:39,046   INFO  Save latest model to /space/userfiles/khatouna/OpenPCdet_FS_DA/output/pv_rcnn_plusplus/default/ckpt/latest_model
2024-08-22 22:25:31,623   INFO  Train:   33/80 ( 41%) [ 265/362 ( 73%)]  Loss: 3.989 (4.09)  LR: 9.994e-03  Time cost: 29:56/10:55 [7:03:06/32:06:30]  Acc_iter 11850       Data time: 0.17(0.21)  Forward time: 6.72(6.55)  Batch time: 6.90(6.75)
2024-08-22 22:25:31,931   INFO  
2024-08-22 22:25:38,769   INFO  Save latest model to /space/userfiles/khatouna/OpenPCdet_FS_DA/output/pv_rcnn_plusplus/default/ckpt/latest_model
2024-08-22 22:30:39,385   INFO  Save latest model to /space/userfiles/khatouna/OpenPCdet_FS_DA/output/pv_rcnn_plusplus/default/ckpt/latest_model
2024-08-22 22:31:12,485   INFO  Train:   33/80 ( 41%) [ 315/362 ( 87%)]  Loss: 3.909 (4.06)  LR: 9.992e-03  Time cost: 35:37/05:17 [7:08:47/32:03:39]  Acc_iter 11900       Data time: 0.18(0.21)  Forward time: 6.41(6.56)  Batch time: 6.59(6.76)
2024-08-22 22:35:35,949   INFO  Save latest model to /space/userfiles/khatouna/OpenPCdet_FS_DA/output/pv_rcnn_plusplus/default/ckpt/latest_model
2024-08-22 22:36:44,517   INFO  Train:   33/80 ( 41%) [ 361/362 (100%)]  Loss: 5.011 (4.04)  LR: 9.989e-03  Time cost: 41:09/00:06 [7:14:19/32:14:48]  Acc_iter 11946       Data time: 0.21(0.21)  Forward time: 5.25(6.62)  Batch time: 5.46(6.82)
2024-08-22 22:37:24,140   INFO  Train:   34/80 ( 42%) [   0/362 (  0%)]  Loss: 3.984 (3.98)  LR: 9.989e-03  Time cost: 00:07/45:13 [7:14:59/35:25:51]  Acc_iter 11947       Data time: 0.76(0.76)  Forward time: 6.57(6.57)  Batch time: 7.32(7.32)
2024-08-22 22:37:43,980   INFO  Train:   34/80 ( 42%) [   3/362 (  1%)]  Loss: 3.794 (3.94)  LR: 9.989e-03  Time cost: 00:27/40:53 [7:15:19/32:17:37]  Acc_iter 11950       Data time: 0.20(0.33)  Forward time: 6.79(6.46)  Batch time: 7.00(6.79)
2024-08-22 22:42:19,732   INFO  Save latest model to /space/userfiles/khatouna/OpenPCdet_FS_DA/output/pv_rcnn_plusplus/default/ckpt/latest_model
2024-08-22 22:43:24,235   INFO  Train:   34/80 ( 42%) [  53/362 ( 15%)]  Loss: 3.761 (3.92)  LR: 9.986e-03  Time cost: 06:07/35:03 [7:20:59/32:04:17]  Acc_iter 12000       Data time: 0.22(0.21)  Forward time: 6.63(6.59)  Batch time: 6.86(6.80)
2024-08-22 22:43:24,414   INFO  
2024-08-22 22:47:23,400   INFO  Save latest model to /space/userfiles/khatouna/OpenPCdet_FS_DA/output/pv_rcnn_plusplus/default/ckpt/latest_model
2024-08-22 22:49:16,833   INFO  Train:   34/80 ( 42%) [ 103/362 ( 28%)]  Loss: 3.809 (3.90)  LR: 9.982e-03  Time cost: 12:00/29:53 [7:26:52/32:31:46]  Acc_iter 12050       Data time: 0.18(0.21)  Forward time: 6.98(6.71)  Batch time: 7.16(6.92)
2024-08-22 22:52:23,985   INFO  Save latest model to /space/userfiles/khatouna/OpenPCdet_FS_DA/output/pv_rcnn_plusplus/default/ckpt/latest_model
2024-08-22 22:55:02,658   INFO  Train:   34/80 ( 42%) [ 153/362 ( 42%)]  Loss: 3.694 (3.89)  LR: 9.978e-03  Time cost: 17:46/24:06 [7:32:37/32:25:14]  Acc_iter 12100       Data time: 0.20(0.21)  Forward time: 6.29(6.71)  Batch time: 6.49(6.92)
2024-08-22 22:57:20,802   INFO  Save latest model to /space/userfiles/khatouna/OpenPCdet_FS_DA/output/pv_rcnn_plusplus/default/ckpt/latest_model
2024-08-22 23:00:49,449   INFO  Train:   34/80 ( 42%) [ 203/362 ( 56%)]  Loss: 3.696 (3.89)  LR: 9.974e-03  Time cost: 23:32/18:21 [7:38:24/32:20:24]  Acc_iter 12150       Data time: 0.22(0.21)  Forward time: 6.13(6.72)  Batch time: 6.35(6.92)
2024-08-22 23:00:49,602   INFO  
2024-08-22 23:02:17,897   INFO  Save latest model to /space/userfiles/khatouna/OpenPCdet_FS_DA/output/pv_rcnn_plusplus/default/ckpt/latest_model
2024-08-22 23:06:21,051   INFO  Train:   34/80 ( 42%) [ 253/362 ( 70%)]  Loss: 3.548 (3.88)  LR: 9.969e-03  Time cost: 29:04/12:28 [7:43:56/31:58:30]  Acc_iter 12200       Data time: 0.16(0.21)  Forward time: 6.59(6.66)  Batch time: 6.75(6.87)
2024-08-22 23:07:19,156   INFO  Save latest model to /space/userfiles/khatouna/OpenPCdet_FS_DA/output/pv_rcnn_plusplus/default/ckpt/latest_model
2024-08-22 23:11:49,437   INFO  Train:   34/80 ( 42%) [ 303/362 ( 84%)]  Loss: 3.724 (3.88)  LR: 9.964e-03  Time cost: 34:32/06:42 [7:49:24/31:39:02]  Acc_iter 12250       Data time: 0.16(0.21)  Forward time: 6.41(6.61)  Batch time: 6.57(6.82)
2024-08-22 23:12:21,746   INFO  Save latest model to /space/userfiles/khatouna/OpenPCdet_FS_DA/output/pv_rcnn_plusplus/default/ckpt/latest_model
2024-08-22 23:17:18,102   INFO  Save latest model to /space/userfiles/khatouna/OpenPCdet_FS_DA/output/pv_rcnn_plusplus/default/ckpt/latest_model
2024-08-22 23:17:29,981   INFO  Train:   34/80 ( 42%) [ 353/362 ( 98%)]  Loss: 4.232 (3.89)  LR: 9.958e-03  Time cost: 40:13/01:01 [7:55:05/31:33:03]  Acc_iter 12300       Data time: 0.20(0.21)  Forward time: 6.03(6.61)  Batch time: 6.22(6.82)
2024-08-22 23:17:30,157   INFO  
2024-08-22 23:18:23,238   INFO  Train:   34/80 ( 42%) [ 361/362 (100%)]  Loss: 5.546 (3.89)  LR: 9.957e-03  Time cost: 41:06/00:06 [7:55:58/31:31:10]  Acc_iter 12308       Data time: 0.20(0.21)  Forward time: 5.49(6.60)  Batch time: 5.69(6.81)
2024-08-22 23:19:02,893   INFO  Train:   35/80 ( 44%) [   0/362 (  0%)]  Loss: 3.853 (3.85)  LR: 9.957e-03  Time cost: 00:07/46:49 [7:56:38/35:53:43]  Acc_iter 12309       Data time: 0.80(0.80)  Forward time: 6.79(6.79)  Batch time: 7.59(7.59)
2024-08-22 23:23:44,632   INFO  Train:   35/80 ( 44%) [  41/362 ( 11%)]  Loss: 4.118 (3.88)  LR: 9.952e-03  Time cost: 04:49/36:52 [8:01:19/31:48:16]  Acc_iter 12350       Data time: 0.23(0.21)  Forward time: 6.88(6.68)  Batch time: 7.11(6.89)
2024-08-22 23:24:00,296   INFO  Save latest model to /space/userfiles/khatouna/OpenPCdet_FS_DA/output/pv_rcnn_plusplus/default/ckpt/latest_model
2024-08-22 23:29:00,092   INFO  Save latest model to /space/userfiles/khatouna/OpenPCdet_FS_DA/output/pv_rcnn_plusplus/default/ckpt/latest_model
2024-08-22 23:29:47,876   INFO  Train:   35/80 ( 44%) [  91/362 ( 25%)]  Loss: 4.036 (3.88)  LR: 9.946e-03  Time cost: 10:52/32:02 [8:07:23/32:38:20]  Acc_iter 12400       Data time: 0.16(0.21)  Forward time: 6.52(6.88)  Batch time: 6.69(7.09)
2024-08-22 23:34:02,259   INFO  Save latest model to /space/userfiles/khatouna/OpenPCdet_FS_DA/output/pv_rcnn_plusplus/default/ckpt/latest_model
2024-08-22 23:35:25,580   INFO  Train:   35/80 ( 44%) [ 141/362 ( 39%)]  Loss: 3.698 (3.89)  LR: 9.939e-03  Time cost: 16:30/25:41 [8:13:00/31:59:23]  Acc_iter 12450       Data time: 0.20(0.21)  Forward time: 7.12(6.76)  Batch time: 7.32(6.97)
2024-08-22 23:35:25,788   INFO  
2024-08-22 23:38:57,349   INFO  Save latest model to /space/userfiles/khatouna/OpenPCdet_FS_DA/output/pv_rcnn_plusplus/default/ckpt/latest_model
2024-08-22 23:41:05,647   INFO  Train:   35/80 ( 44%) [ 191/362 ( 53%)]  Loss: 3.912 (3.88)  LR: 9.932e-03  Time cost: 22:10/19:44 [8:18:40/31:41:10]  Acc_iter 12500       Data time: 0.17(0.21)  Forward time: 6.89(6.72)  Batch time: 7.06(6.93)
2024-08-22 23:43:58,396   INFO  Save latest model to /space/userfiles/khatouna/OpenPCdet_FS_DA/output/pv_rcnn_plusplus/default/ckpt/latest_model
2024-08-22 23:46:53,519   INFO  Train:   35/80 ( 44%) [ 241/362 ( 67%)]  Loss: 4.066 (3.88)  LR: 9.924e-03  Time cost: 27:58/13:59 [8:24:28/31:36:58]  Acc_iter 12550       Data time: 0.18(0.21)  Forward time: 8.20(6.73)  Batch time: 8.38(6.93)
2024-08-22 23:49:03,609   INFO  Save latest model to /space/userfiles/khatouna/OpenPCdet_FS_DA/output/pv_rcnn_plusplus/default/ckpt/latest_model
2024-08-22 23:52:59,561   INFO  Train:   35/80 ( 44%) [ 291/362 ( 80%)]  Loss: 4.136 (3.88)  LR: 9.916e-03  Time cost: 34:04/08:17 [8:30:34/31:49:10]  Acc_iter 12600       Data time: 0.20(0.21)  Forward time: 6.50(6.79)  Batch time: 6.70(7.00)
2024-08-22 23:52:59,846   INFO  
2024-08-22 23:54:01,207   INFO  Save latest model to /space/userfiles/khatouna/OpenPCdet_FS_DA/output/pv_rcnn_plusplus/default/ckpt/latest_model
2024-08-22 23:59:01,359   INFO  Train:   35/80 ( 44%) [ 341/362 ( 94%)]  Loss: 3.806 (3.88)  LR: 9.908e-03  Time cost: 40:06/02:27 [8:36:36/31:52:40]  Acc_iter 12650       Data time: 0.20(0.21)  Forward time: 6.60(6.83)  Batch time: 6.80(7.04)
2024-08-22 23:59:02,036   INFO  Save latest model to /space/userfiles/khatouna/OpenPCdet_FS_DA/output/pv_rcnn_plusplus/default/ckpt/latest_model
2024-08-23 00:01:15,883   INFO  Train:   35/80 ( 44%) [ 361/362 (100%)]  Loss: 4.115 (3.88)  LR: 9.904e-03  Time cost: 42:20/00:07 [8:38:51/31:45:40]  Acc_iter 12670       Data time: 0.22(0.21)  Forward time: 4.89(6.81)  Batch time: 5.10(7.02)
2024-08-23 00:01:57,097   INFO  Train:   36/80 ( 45%) [   0/362 (  0%)]  Loss: 3.975 (3.98)  LR: 9.904e-03  Time cost: 00:07/46:50 [8:39:32/35:08:11]  Acc_iter 12671       Data time: 0.80(0.80)  Forward time: 6.83(6.83)  Batch time: 7.63(7.63)
2024-08-23 00:05:22,222   INFO  Train:   36/80 ( 45%) [  29/362 (  8%)]  Loss: 3.602 (3.84)  LR: 9.899e-03  Time cost: 03:32/39:23 [8:42:57/32:03:13]  Acc_iter 12700       Data time: 0.16(0.21)  Forward time: 7.01(6.88)  Batch time: 7.17(7.09)
2024-08-23 00:06:50,814   INFO  Save latest model to /space/userfiles/khatouna/OpenPCdet_FS_DA/output/pv_rcnn_plusplus/default/ckpt/latest_model
2024-08-23 00:10:53,476   INFO  Train:   36/80 ( 45%) [  79/362 ( 22%)]  Loss: 4.003 (3.87)  LR: 9.889e-03  Time cost: 09:04/32:04 [8:48:28/30:37:44]  Acc_iter 12750       Data time: 0.17(0.21)  Forward time: 6.28(6.59)  Batch time: 6.46(6.80)
2024-08-23 00:10:53,702   INFO  
