2024-08-23 23:18:02,349   INFO  **********************Start logging**********************
2024-08-23 23:18:02,349   INFO  CUDA_VISIBLE_DEVICES=1
2024-08-23 23:18:02,349   INFO  Training in distributed mode : total_batch_size: 6
2024-08-23 23:18:02,349   INFO  cfg_file         /space/userfiles/khatouna/OpenPCdet_FS_DA/tools/cfgs/FS_models/pv_rcnn_plusplus.yaml
2024-08-23 23:18:02,349   INFO  batch_size       6
2024-08-23 23:18:02,349   INFO  epochs           80
2024-08-23 23:18:02,349   INFO  workers          4
2024-08-23 23:18:02,349   INFO  extra_tag        default
2024-08-23 23:18:02,349   INFO  ckpt             None
2024-08-23 23:18:02,349   INFO  pretrained_model None
2024-08-23 23:18:02,349   INFO  launcher         pytorch
2024-08-23 23:18:02,349   INFO  tcp_port         18888
2024-08-23 23:18:02,349   INFO  sync_bn          False
2024-08-23 23:18:02,349   INFO  fix_random_seed  False
2024-08-23 23:18:02,349   INFO  ckpt_save_interval 1
2024-08-23 23:18:02,349   INFO  local_rank       0
2024-08-23 23:18:02,349   INFO  max_ckpt_save_num 30
2024-08-23 23:18:02,349   INFO  merge_all_iters_to_one_epoch False
2024-08-23 23:18:02,349   INFO  set_cfgs         None
2024-08-23 23:18:02,349   INFO  max_waiting_mins 0
2024-08-23 23:18:02,349   INFO  start_epoch      0
2024-08-23 23:18:02,349   INFO  num_epochs_to_eval 0
2024-08-23 23:18:02,350   INFO  save_to_file     False
2024-08-23 23:18:02,350   INFO  use_tqdm_to_record False
2024-08-23 23:18:02,350   INFO  logger_iter_interval 50
2024-08-23 23:18:02,350   INFO  ckpt_save_time_interval 300
2024-08-23 23:18:02,350   INFO  wo_gpu_stat      False
2024-08-23 23:18:02,350   INFO  use_amp          False
2024-08-23 23:18:02,350   INFO  cfg.ROOT_DIR: /space/userfiles/khatouna/OpenPCdet_FS_DA
2024-08-23 23:18:02,350   INFO  cfg.LOCAL_RANK: 0
2024-08-23 23:18:02,350   INFO  cfg.CLASS_NAMES: ['Car', 'Pedestrian', 'Bike']
2024-08-23 23:18:02,350   INFO  ----------- DATA_CONFIG -----------
2024-08-23 23:18:02,350   INFO  cfg.DATA_CONFIG.DATASET: FourSeasonDataset
2024-08-23 23:18:02,350   INFO  cfg.DATA_CONFIG.DATA_PATH: /space/userfiles/khatouna/OpenPCDet_FS/data/fourseason/ImageSets/2023_late_summer
2024-08-23 23:18:02,350   INFO  cfg.DATA_CONFIG.PATH_LIDAR: /egr/research-canvas/four_seasons/dataset/2023_late_summer/oust
2024-08-23 23:18:02,350   INFO  cfg.DATA_CONFIG.PATH_LABEL: /egr/research-canvas/detection3d_datasets/four_seasons/imerit_check/label3d/2023_late_summer
2024-08-23 23:18:02,350   INFO  cfg.DATA_CONFIG.DATA_PATH_T: /space/userfiles/khatouna/OpenPCDet_FS/data/fourseason/ImageSets/2022_rain
2024-08-23 23:18:02,350   INFO  cfg.DATA_CONFIG.PATH_LIDAR_T: /egr/research-canvas/four_seasons/dataset/2022_rain/oust
2024-08-23 23:18:02,350   INFO  cfg.DATA_CONFIG.POINT_CLOUD_RANGE: [-75.2, -75.2, -4, 75.2, 75.2, 2]
2024-08-23 23:18:02,350   INFO  ----------- INFO_PATH -----------
2024-08-23 23:18:02,350   INFO  cfg.DATA_CONFIG.INFO_PATH.train: ['fs_infos_train.pkl']
2024-08-23 23:18:02,350   INFO  cfg.DATA_CONFIG.INFO_PATH.test: ['fs_infos_val.pkl']
2024-08-23 23:18:02,350   INFO  ----------- DATA_SPLIT -----------
2024-08-23 23:18:02,350   INFO  cfg.DATA_CONFIG.DATA_SPLIT.train: train
2024-08-23 23:18:02,350   INFO  cfg.DATA_CONFIG.DATA_SPLIT.test: val
2024-08-23 23:18:02,350   INFO  ----------- SAMPLED_INTERVAL -----------
2024-08-23 23:18:02,350   INFO  cfg.DATA_CONFIG.SAMPLED_INTERVAL.train: 5
2024-08-23 23:18:02,350   INFO  cfg.DATA_CONFIG.SAMPLED_INTERVAL.test: 1
2024-08-23 23:18:02,350   INFO  ----------- DATA_AUGMENTOR -----------
2024-08-23 23:18:02,350   INFO  cfg.DATA_CONFIG.DATA_AUGMENTOR.DISABLE_AUG_LIST: ['place_holder']
2024-08-23 23:18:02,350   INFO  cfg.DATA_CONFIG.DATA_AUGMENTOR.AUG_CONFIG_LIST: [{'NAME': 'gt_sampling', 'GROUND_HEIGHT': -1.95, 'DB_INFO_PATH': ['/space/userfiles/khatouna/OpenPCDet_FS/data/fourseason/ImageSets/2023_late_summer/fs_dbinfos_train_sampled_1.pkl'], 'PREPARE': {'filter_by_min_points': ['Car:5', 'Pedestrian:5', 'Bike:5']}, 'SAMPLE_GROUPS': ['Car:20', 'Pedestrian:15', 'Bike:15'], 'NUM_POINT_FEATURES': 3, 'DATABASE_WITH_FAKELIDAR': False, 'REMOVE_EXTRA_WIDTH': [0.2, 0.2, 0.2], 'LIMIT_WHOLE_SCENE': True}, {'NAME': 'random_world_flip', 'ALONG_AXIS_LIST': ['x', 'y']}, {'NAME': 'random_world_rotation', 'WORLD_ROT_ANGLE': [-0.78539816, 0.78539816]}, {'NAME': 'random_world_scaling', 'WORLD_SCALE_RANGE': [0.99, 1.01]}]
2024-08-23 23:18:02,351   INFO  ----------- POINT_FEATURE_ENCODING -----------
2024-08-23 23:18:02,351   INFO  cfg.DATA_CONFIG.POINT_FEATURE_ENCODING.encoding_type: absolute_coordinates_encoding
2024-08-23 23:18:02,351   INFO  cfg.DATA_CONFIG.POINT_FEATURE_ENCODING.used_feature_list: ['x', 'y', 'z']
2024-08-23 23:18:02,351   INFO  cfg.DATA_CONFIG.POINT_FEATURE_ENCODING.src_feature_list: ['x', 'y', 'z']
2024-08-23 23:18:02,351   INFO  cfg.DATA_CONFIG.DATA_PROCESSOR: [{'NAME': 'mask_points_and_boxes_outside_range', 'REMOVE_OUTSIDE_BOXES': True, 'REMOVE_OUTSIDE_FOV': True, 'MIN_POINTS_OF_GT': 5}, {'NAME': 'shuffle_points', 'SHUFFLE_ENABLED': {'train': True, 'test': False}}, {'NAME': 'transform_points_to_voxels', 'VOXEL_SIZE': [0.1, 0.1, 0.15], 'MAX_POINTS_PER_VOXEL': 5, 'MAX_NUMBER_OF_VOXELS': {'train': 80000, 'test': 90000}}]
2024-08-23 23:18:02,351   INFO  cfg.DATA_CONFIG._BASE_CONFIG_: /space/userfiles/khatouna/OpenPCdet_FS_DA/tools/cfgs/dataset_configs/fourseason_dataset.yaml
2024-08-23 23:18:02,351   INFO  ----------- MODEL -----------
2024-08-23 23:18:02,351   INFO  cfg.MODEL.NAME: PVRCNNPlusPlus
2024-08-23 23:18:02,351   INFO  ----------- VFE -----------
2024-08-23 23:18:02,351   INFO  cfg.MODEL.VFE.NAME: MeanVFE
2024-08-23 23:18:02,351   INFO  ----------- BACKBONE_3D -----------
2024-08-23 23:18:02,351   INFO  cfg.MODEL.BACKBONE_3D.NAME: VoxelBackBone8x
2024-08-23 23:18:02,351   INFO  ----------- MAP_TO_BEV -----------
2024-08-23 23:18:02,351   INFO  cfg.MODEL.MAP_TO_BEV.NAME: HeightCompression
2024-08-23 23:18:02,351   INFO  cfg.MODEL.MAP_TO_BEV.NUM_BEV_FEATURES: 256
2024-08-23 23:18:02,351   INFO  ----------- BACKBONE_2D -----------
2024-08-23 23:18:02,351   INFO  cfg.MODEL.BACKBONE_2D.NAME: BaseBEVBackbone
2024-08-23 23:18:02,351   INFO  cfg.MODEL.BACKBONE_2D.LAYER_NUMS: [5, 5]
2024-08-23 23:18:02,351   INFO  cfg.MODEL.BACKBONE_2D.LAYER_STRIDES: [1, 2]
2024-08-23 23:18:02,351   INFO  cfg.MODEL.BACKBONE_2D.NUM_FILTERS: [128, 256]
2024-08-23 23:18:02,351   INFO  cfg.MODEL.BACKBONE_2D.UPSAMPLE_STRIDES: [1, 2]
2024-08-23 23:18:02,351   INFO  cfg.MODEL.BACKBONE_2D.NUM_UPSAMPLE_FILTERS: [256, 256]
2024-08-23 23:18:02,351   INFO  ----------- DENSE_HEAD -----------
2024-08-23 23:18:02,351   INFO  cfg.MODEL.DENSE_HEAD.NAME: CenterHead
2024-08-23 23:18:02,351   INFO  cfg.MODEL.DENSE_HEAD.CLASS_AGNOSTIC: False
2024-08-23 23:18:02,351   INFO  cfg.MODEL.DENSE_HEAD.CLASS_NAMES_EACH_HEAD: [['Car', 'Pedestrian', 'Bike']]
2024-08-23 23:18:02,351   INFO  cfg.MODEL.DENSE_HEAD.SHARED_CONV_CHANNEL: 64
2024-08-23 23:18:02,351   INFO  cfg.MODEL.DENSE_HEAD.USE_BIAS_BEFORE_NORM: True
2024-08-23 23:18:02,351   INFO  cfg.MODEL.DENSE_HEAD.NUM_HM_CONV: 2
2024-08-23 23:18:02,351   INFO  ----------- SEPARATE_HEAD_CFG -----------
2024-08-23 23:18:02,352   INFO  cfg.MODEL.DENSE_HEAD.SEPARATE_HEAD_CFG.HEAD_ORDER: ['center', 'center_z', 'dim', 'rot']
2024-08-23 23:18:02,352   INFO  ----------- HEAD_DICT -----------
2024-08-23 23:18:02,352   INFO  ----------- center -----------
2024-08-23 23:18:02,352   INFO  cfg.MODEL.DENSE_HEAD.SEPARATE_HEAD_CFG.HEAD_DICT.center.out_channels: 2
2024-08-23 23:18:02,352   INFO  cfg.MODEL.DENSE_HEAD.SEPARATE_HEAD_CFG.HEAD_DICT.center.num_conv: 2
2024-08-23 23:18:02,352   INFO  ----------- center_z -----------
2024-08-23 23:18:02,352   INFO  cfg.MODEL.DENSE_HEAD.SEPARATE_HEAD_CFG.HEAD_DICT.center_z.out_channels: 1
2024-08-23 23:18:02,352   INFO  cfg.MODEL.DENSE_HEAD.SEPARATE_HEAD_CFG.HEAD_DICT.center_z.num_conv: 2
2024-08-23 23:18:02,352   INFO  ----------- dim -----------
2024-08-23 23:18:02,352   INFO  cfg.MODEL.DENSE_HEAD.SEPARATE_HEAD_CFG.HEAD_DICT.dim.out_channels: 3
2024-08-23 23:18:02,352   INFO  cfg.MODEL.DENSE_HEAD.SEPARATE_HEAD_CFG.HEAD_DICT.dim.num_conv: 2
2024-08-23 23:18:02,352   INFO  ----------- rot -----------
2024-08-23 23:18:02,352   INFO  cfg.MODEL.DENSE_HEAD.SEPARATE_HEAD_CFG.HEAD_DICT.rot.out_channels: 2
2024-08-23 23:18:02,352   INFO  cfg.MODEL.DENSE_HEAD.SEPARATE_HEAD_CFG.HEAD_DICT.rot.num_conv: 2
2024-08-23 23:18:02,352   INFO  ----------- TARGET_ASSIGNER_CONFIG -----------
2024-08-23 23:18:02,352   INFO  cfg.MODEL.DENSE_HEAD.TARGET_ASSIGNER_CONFIG.FEATURE_MAP_STRIDE: 8
2024-08-23 23:18:02,352   INFO  cfg.MODEL.DENSE_HEAD.TARGET_ASSIGNER_CONFIG.NUM_MAX_OBJS: 500
2024-08-23 23:18:02,352   INFO  cfg.MODEL.DENSE_HEAD.TARGET_ASSIGNER_CONFIG.GAUSSIAN_OVERLAP: 0.1
2024-08-23 23:18:02,352   INFO  cfg.MODEL.DENSE_HEAD.TARGET_ASSIGNER_CONFIG.MIN_RADIUS: 2
2024-08-23 23:18:02,352   INFO  ----------- LOSS_CONFIG -----------
2024-08-23 23:18:02,352   INFO  ----------- LOSS_WEIGHTS -----------
2024-08-23 23:18:02,352   INFO  cfg.MODEL.DENSE_HEAD.LOSS_CONFIG.LOSS_WEIGHTS.cls_weight: 1.0
2024-08-23 23:18:02,352   INFO  cfg.MODEL.DENSE_HEAD.LOSS_CONFIG.LOSS_WEIGHTS.loc_weight: 2.0
2024-08-23 23:18:02,352   INFO  cfg.MODEL.DENSE_HEAD.LOSS_CONFIG.LOSS_WEIGHTS.code_weights: [1.0, 1.0, 1.0, 1.0, 1.0, 1.0, 1.0, 1.0]
2024-08-23 23:18:02,352   INFO  ----------- POST_PROCESSING -----------
2024-08-23 23:18:02,352   INFO  cfg.MODEL.DENSE_HEAD.POST_PROCESSING.SCORE_THRESH: 0.1
2024-08-23 23:18:02,352   INFO  cfg.MODEL.DENSE_HEAD.POST_PROCESSING.POST_CENTER_LIMIT_RANGE: [-75.2, -75.2, -2, 75.2, 75.2, 4]
2024-08-23 23:18:02,352   INFO  cfg.MODEL.DENSE_HEAD.POST_PROCESSING.MAX_OBJ_PER_SAMPLE: 500
2024-08-23 23:18:02,352   INFO  ----------- NMS_CONFIG -----------
2024-08-23 23:18:02,352   INFO  cfg.MODEL.DENSE_HEAD.POST_PROCESSING.NMS_CONFIG.NMS_TYPE: nms_gpu
2024-08-23 23:18:02,352   INFO  cfg.MODEL.DENSE_HEAD.POST_PROCESSING.NMS_CONFIG.NMS_THRESH: 0.7
2024-08-23 23:18:02,352   INFO  cfg.MODEL.DENSE_HEAD.POST_PROCESSING.NMS_CONFIG.NMS_PRE_MAXSIZE: 4096
2024-08-23 23:18:02,352   INFO  cfg.MODEL.DENSE_HEAD.POST_PROCESSING.NMS_CONFIG.NMS_POST_MAXSIZE: 500
2024-08-23 23:18:02,353   INFO  ----------- PFE -----------
2024-08-23 23:18:02,353   INFO  cfg.MODEL.PFE.NAME: VoxelSetAbstraction
2024-08-23 23:18:02,353   INFO  cfg.MODEL.PFE.POINT_SOURCE: raw_points
2024-08-23 23:18:02,353   INFO  cfg.MODEL.PFE.NUM_KEYPOINTS: 4096
2024-08-23 23:18:02,353   INFO  cfg.MODEL.PFE.NUM_OUTPUT_FEATURES: 90
2024-08-23 23:18:02,353   INFO  cfg.MODEL.PFE.SAMPLE_METHOD: SPC
2024-08-23 23:18:02,353   INFO  ----------- SPC_SAMPLING -----------
2024-08-23 23:18:02,353   INFO  cfg.MODEL.PFE.SPC_SAMPLING.NUM_SECTORS: 6
2024-08-23 23:18:02,353   INFO  cfg.MODEL.PFE.SPC_SAMPLING.SAMPLE_RADIUS_WITH_ROI: 1.6
2024-08-23 23:18:02,353   INFO  cfg.MODEL.PFE.FEATURES_SOURCE: ['bev', 'x_conv3', 'x_conv4', 'raw_points']
2024-08-23 23:18:02,353   INFO  ----------- SA_LAYER -----------
2024-08-23 23:18:02,353   INFO  ----------- raw_points -----------
2024-08-23 23:18:02,353   INFO  cfg.MODEL.PFE.SA_LAYER.raw_points.NAME: VectorPoolAggregationModuleMSG
2024-08-23 23:18:02,353   INFO  cfg.MODEL.PFE.SA_LAYER.raw_points.NUM_GROUPS: 2
2024-08-23 23:18:02,353   INFO  cfg.MODEL.PFE.SA_LAYER.raw_points.LOCAL_AGGREGATION_TYPE: local_interpolation
2024-08-23 23:18:02,353   INFO  cfg.MODEL.PFE.SA_LAYER.raw_points.NUM_REDUCED_CHANNELS: 3
2024-08-23 23:18:02,353   INFO  cfg.MODEL.PFE.SA_LAYER.raw_points.NUM_CHANNELS_OF_LOCAL_AGGREGATION: 32
2024-08-23 23:18:02,353   INFO  cfg.MODEL.PFE.SA_LAYER.raw_points.MSG_POST_MLPS: [32]
2024-08-23 23:18:02,353   INFO  cfg.MODEL.PFE.SA_LAYER.raw_points.FILTER_NEIGHBOR_WITH_ROI: True
2024-08-23 23:18:02,353   INFO  cfg.MODEL.PFE.SA_LAYER.raw_points.RADIUS_OF_NEIGHBOR_WITH_ROI: 2.4
2024-08-23 23:18:02,353   INFO  ----------- GROUP_CFG_0 -----------
2024-08-23 23:18:02,353   INFO  cfg.MODEL.PFE.SA_LAYER.raw_points.GROUP_CFG_0.NUM_LOCAL_VOXEL: [2, 2, 2]
2024-08-23 23:18:02,353   INFO  cfg.MODEL.PFE.SA_LAYER.raw_points.GROUP_CFG_0.MAX_NEIGHBOR_DISTANCE: 0.2
2024-08-23 23:18:02,353   INFO  cfg.MODEL.PFE.SA_LAYER.raw_points.GROUP_CFG_0.NEIGHBOR_NSAMPLE: -1
2024-08-23 23:18:02,353   INFO  cfg.MODEL.PFE.SA_LAYER.raw_points.GROUP_CFG_0.POST_MLPS: [32, 32]
2024-08-23 23:18:02,353   INFO  ----------- GROUP_CFG_1 -----------
2024-08-23 23:18:02,353   INFO  cfg.MODEL.PFE.SA_LAYER.raw_points.GROUP_CFG_1.NUM_LOCAL_VOXEL: [3, 3, 3]
2024-08-23 23:18:02,353   INFO  cfg.MODEL.PFE.SA_LAYER.raw_points.GROUP_CFG_1.MAX_NEIGHBOR_DISTANCE: 0.4
2024-08-23 23:18:02,353   INFO  cfg.MODEL.PFE.SA_LAYER.raw_points.GROUP_CFG_1.NEIGHBOR_NSAMPLE: -1
2024-08-23 23:18:02,353   INFO  cfg.MODEL.PFE.SA_LAYER.raw_points.GROUP_CFG_1.POST_MLPS: [32, 32]
2024-08-23 23:18:02,353   INFO  ----------- x_conv3 -----------
2024-08-23 23:18:02,353   INFO  cfg.MODEL.PFE.SA_LAYER.x_conv3.DOWNSAMPLE_FACTOR: 4
2024-08-23 23:18:02,354   INFO  cfg.MODEL.PFE.SA_LAYER.x_conv3.INPUT_CHANNELS: 64
2024-08-23 23:18:02,354   INFO  cfg.MODEL.PFE.SA_LAYER.x_conv3.NAME: VectorPoolAggregationModuleMSG
2024-08-23 23:18:02,354   INFO  cfg.MODEL.PFE.SA_LAYER.x_conv3.NUM_GROUPS: 2
2024-08-23 23:18:02,354   INFO  cfg.MODEL.PFE.SA_LAYER.x_conv3.LOCAL_AGGREGATION_TYPE: local_interpolation
2024-08-23 23:18:02,354   INFO  cfg.MODEL.PFE.SA_LAYER.x_conv3.NUM_REDUCED_CHANNELS: 32
2024-08-23 23:18:02,354   INFO  cfg.MODEL.PFE.SA_LAYER.x_conv3.NUM_CHANNELS_OF_LOCAL_AGGREGATION: 32
2024-08-23 23:18:02,354   INFO  cfg.MODEL.PFE.SA_LAYER.x_conv3.MSG_POST_MLPS: [128]
2024-08-23 23:18:02,354   INFO  cfg.MODEL.PFE.SA_LAYER.x_conv3.FILTER_NEIGHBOR_WITH_ROI: True
2024-08-23 23:18:02,354   INFO  cfg.MODEL.PFE.SA_LAYER.x_conv3.RADIUS_OF_NEIGHBOR_WITH_ROI: 4.0
2024-08-23 23:18:02,354   INFO  ----------- GROUP_CFG_0 -----------
2024-08-23 23:18:02,354   INFO  cfg.MODEL.PFE.SA_LAYER.x_conv3.GROUP_CFG_0.NUM_LOCAL_VOXEL: [3, 3, 3]
2024-08-23 23:18:02,354   INFO  cfg.MODEL.PFE.SA_LAYER.x_conv3.GROUP_CFG_0.MAX_NEIGHBOR_DISTANCE: 1.2
2024-08-23 23:18:02,354   INFO  cfg.MODEL.PFE.SA_LAYER.x_conv3.GROUP_CFG_0.NEIGHBOR_NSAMPLE: -1
2024-08-23 23:18:02,354   INFO  cfg.MODEL.PFE.SA_LAYER.x_conv3.GROUP_CFG_0.POST_MLPS: [64, 64]
2024-08-23 23:18:02,354   INFO  ----------- GROUP_CFG_1 -----------
2024-08-23 23:18:02,354   INFO  cfg.MODEL.PFE.SA_LAYER.x_conv3.GROUP_CFG_1.NUM_LOCAL_VOXEL: [3, 3, 3]
2024-08-23 23:18:02,354   INFO  cfg.MODEL.PFE.SA_LAYER.x_conv3.GROUP_CFG_1.MAX_NEIGHBOR_DISTANCE: 2.4
2024-08-23 23:18:02,354   INFO  cfg.MODEL.PFE.SA_LAYER.x_conv3.GROUP_CFG_1.NEIGHBOR_NSAMPLE: -1
2024-08-23 23:18:02,354   INFO  cfg.MODEL.PFE.SA_LAYER.x_conv3.GROUP_CFG_1.POST_MLPS: [64, 64]
2024-08-23 23:18:02,354   INFO  ----------- x_conv4 -----------
2024-08-23 23:18:02,354   INFO  cfg.MODEL.PFE.SA_LAYER.x_conv4.DOWNSAMPLE_FACTOR: 8
2024-08-23 23:18:02,354   INFO  cfg.MODEL.PFE.SA_LAYER.x_conv4.INPUT_CHANNELS: 64
2024-08-23 23:18:02,354   INFO  cfg.MODEL.PFE.SA_LAYER.x_conv4.NAME: VectorPoolAggregationModuleMSG
2024-08-23 23:18:02,354   INFO  cfg.MODEL.PFE.SA_LAYER.x_conv4.NUM_GROUPS: 2
2024-08-23 23:18:02,354   INFO  cfg.MODEL.PFE.SA_LAYER.x_conv4.LOCAL_AGGREGATION_TYPE: local_interpolation
2024-08-23 23:18:02,354   INFO  cfg.MODEL.PFE.SA_LAYER.x_conv4.NUM_REDUCED_CHANNELS: 32
2024-08-23 23:18:02,354   INFO  cfg.MODEL.PFE.SA_LAYER.x_conv4.NUM_CHANNELS_OF_LOCAL_AGGREGATION: 32
2024-08-23 23:18:02,354   INFO  cfg.MODEL.PFE.SA_LAYER.x_conv4.MSG_POST_MLPS: [128]
2024-08-23 23:18:02,354   INFO  cfg.MODEL.PFE.SA_LAYER.x_conv4.FILTER_NEIGHBOR_WITH_ROI: True
2024-08-23 23:18:02,354   INFO  cfg.MODEL.PFE.SA_LAYER.x_conv4.RADIUS_OF_NEIGHBOR_WITH_ROI: 6.4
2024-08-23 23:18:02,354   INFO  ----------- GROUP_CFG_0 -----------
2024-08-23 23:18:02,354   INFO  cfg.MODEL.PFE.SA_LAYER.x_conv4.GROUP_CFG_0.NUM_LOCAL_VOXEL: [3, 3, 3]
2024-08-23 23:18:02,354   INFO  cfg.MODEL.PFE.SA_LAYER.x_conv4.GROUP_CFG_0.MAX_NEIGHBOR_DISTANCE: 2.4
2024-08-23 23:18:02,354   INFO  cfg.MODEL.PFE.SA_LAYER.x_conv4.GROUP_CFG_0.NEIGHBOR_NSAMPLE: -1
2024-08-23 23:18:02,355   INFO  cfg.MODEL.PFE.SA_LAYER.x_conv4.GROUP_CFG_0.POST_MLPS: [64, 64]
2024-08-23 23:18:02,355   INFO  ----------- GROUP_CFG_1 -----------
2024-08-23 23:18:02,355   INFO  cfg.MODEL.PFE.SA_LAYER.x_conv4.GROUP_CFG_1.NUM_LOCAL_VOXEL: [3, 3, 3]
2024-08-23 23:18:02,355   INFO  cfg.MODEL.PFE.SA_LAYER.x_conv4.GROUP_CFG_1.MAX_NEIGHBOR_DISTANCE: 4.8
2024-08-23 23:18:02,355   INFO  cfg.MODEL.PFE.SA_LAYER.x_conv4.GROUP_CFG_1.NEIGHBOR_NSAMPLE: -1
2024-08-23 23:18:02,355   INFO  cfg.MODEL.PFE.SA_LAYER.x_conv4.GROUP_CFG_1.POST_MLPS: [64, 64]
2024-08-23 23:18:02,355   INFO  ----------- POINT_HEAD -----------
2024-08-23 23:18:02,355   INFO  cfg.MODEL.POINT_HEAD.NAME: PointHeadSimple
2024-08-23 23:18:02,355   INFO  cfg.MODEL.POINT_HEAD.CLS_FC: [256, 256]
2024-08-23 23:18:02,355   INFO  cfg.MODEL.POINT_HEAD.CLASS_AGNOSTIC: True
2024-08-23 23:18:02,355   INFO  cfg.MODEL.POINT_HEAD.USE_POINT_FEATURES_BEFORE_FUSION: True
2024-08-23 23:18:02,355   INFO  ----------- TARGET_CONFIG -----------
2024-08-23 23:18:02,355   INFO  cfg.MODEL.POINT_HEAD.TARGET_CONFIG.GT_EXTRA_WIDTH: [0.2, 0.2, 0.2]
2024-08-23 23:18:02,355   INFO  ----------- LOSS_CONFIG -----------
2024-08-23 23:18:02,355   INFO  cfg.MODEL.POINT_HEAD.LOSS_CONFIG.LOSS_REG: smooth-l1
2024-08-23 23:18:02,355   INFO  ----------- LOSS_WEIGHTS -----------
2024-08-23 23:18:02,355   INFO  cfg.MODEL.POINT_HEAD.LOSS_CONFIG.LOSS_WEIGHTS.point_cls_weight: 1.0
2024-08-23 23:18:02,355   INFO  ----------- ROI_HEAD -----------
2024-08-23 23:18:02,355   INFO  cfg.MODEL.ROI_HEAD.NAME: PVRCNNHeadBaseline
2024-08-23 23:18:02,355   INFO  cfg.MODEL.ROI_HEAD.CLASS_AGNOSTIC: True
2024-08-23 23:18:02,355   INFO  cfg.MODEL.ROI_HEAD.SHARED_FC: [256, 256]
2024-08-23 23:18:02,355   INFO  cfg.MODEL.ROI_HEAD.CLS_FC: [256, 256]
2024-08-23 23:18:02,355   INFO  cfg.MODEL.ROI_HEAD.REG_FC: [256, 256]
2024-08-23 23:18:02,355   INFO  cfg.MODEL.ROI_HEAD.DP_RATIO: 0.3
2024-08-23 23:18:02,355   INFO  ----------- NMS_CONFIG -----------
2024-08-23 23:18:02,355   INFO  ----------- TRAIN -----------
2024-08-23 23:18:02,355   INFO  cfg.MODEL.ROI_HEAD.NMS_CONFIG.TRAIN.NMS_TYPE: nms_gpu
2024-08-23 23:18:02,355   INFO  cfg.MODEL.ROI_HEAD.NMS_CONFIG.TRAIN.MULTI_CLASSES_NMS: False
2024-08-23 23:18:02,355   INFO  cfg.MODEL.ROI_HEAD.NMS_CONFIG.TRAIN.NMS_PRE_MAXSIZE: 9000
2024-08-23 23:18:02,355   INFO  cfg.MODEL.ROI_HEAD.NMS_CONFIG.TRAIN.NMS_POST_MAXSIZE: 512
2024-08-23 23:18:02,355   INFO  cfg.MODEL.ROI_HEAD.NMS_CONFIG.TRAIN.NMS_THRESH: 0.8
2024-08-23 23:18:02,355   INFO  ----------- TEST -----------
2024-08-23 23:18:02,356   INFO  cfg.MODEL.ROI_HEAD.NMS_CONFIG.TEST.NMS_TYPE: nms_gpu
2024-08-23 23:18:02,356   INFO  cfg.MODEL.ROI_HEAD.NMS_CONFIG.TEST.MULTI_CLASSES_NMS: False
2024-08-23 23:18:02,356   INFO  cfg.MODEL.ROI_HEAD.NMS_CONFIG.TEST.NMS_PRE_MAXSIZE: 1024
2024-08-23 23:18:02,356   INFO  cfg.MODEL.ROI_HEAD.NMS_CONFIG.TEST.NMS_POST_MAXSIZE: 100
2024-08-23 23:18:02,356   INFO  cfg.MODEL.ROI_HEAD.NMS_CONFIG.TEST.NMS_THRESH: 0.7
2024-08-23 23:18:02,356   INFO  cfg.MODEL.ROI_HEAD.NMS_CONFIG.TEST.SCORE_THRESH: 0.1
2024-08-23 23:18:02,356   INFO  ----------- ROI_GRID_POOL -----------
2024-08-23 23:18:02,356   INFO  cfg.MODEL.ROI_HEAD.ROI_GRID_POOL.GRID_SIZE: 6
2024-08-23 23:18:02,356   INFO  cfg.MODEL.ROI_HEAD.ROI_GRID_POOL.NAME: VectorPoolAggregationModuleMSG
2024-08-23 23:18:02,356   INFO  cfg.MODEL.ROI_HEAD.ROI_GRID_POOL.NUM_GROUPS: 2
2024-08-23 23:18:02,356   INFO  cfg.MODEL.ROI_HEAD.ROI_GRID_POOL.LOCAL_AGGREGATION_TYPE: voxel_random_choice
2024-08-23 23:18:02,356   INFO  cfg.MODEL.ROI_HEAD.ROI_GRID_POOL.NUM_REDUCED_CHANNELS: 30
2024-08-23 23:18:02,356   INFO  cfg.MODEL.ROI_HEAD.ROI_GRID_POOL.NUM_CHANNELS_OF_LOCAL_AGGREGATION: 32
2024-08-23 23:18:02,356   INFO  cfg.MODEL.ROI_HEAD.ROI_GRID_POOL.MSG_POST_MLPS: [128]
2024-08-23 23:18:02,356   INFO  ----------- GROUP_CFG_0 -----------
2024-08-23 23:18:02,356   INFO  cfg.MODEL.ROI_HEAD.ROI_GRID_POOL.GROUP_CFG_0.NUM_LOCAL_VOXEL: [3, 3, 3]
2024-08-23 23:18:02,356   INFO  cfg.MODEL.ROI_HEAD.ROI_GRID_POOL.GROUP_CFG_0.MAX_NEIGHBOR_DISTANCE: 0.8
2024-08-23 23:18:02,356   INFO  cfg.MODEL.ROI_HEAD.ROI_GRID_POOL.GROUP_CFG_0.NEIGHBOR_NSAMPLE: 32
2024-08-23 23:18:02,356   INFO  cfg.MODEL.ROI_HEAD.ROI_GRID_POOL.GROUP_CFG_0.POST_MLPS: [64, 64]
2024-08-23 23:18:02,356   INFO  ----------- GROUP_CFG_1 -----------
2024-08-23 23:18:02,356   INFO  cfg.MODEL.ROI_HEAD.ROI_GRID_POOL.GROUP_CFG_1.NUM_LOCAL_VOXEL: [3, 3, 3]
2024-08-23 23:18:02,356   INFO  cfg.MODEL.ROI_HEAD.ROI_GRID_POOL.GROUP_CFG_1.MAX_NEIGHBOR_DISTANCE: 1.6
2024-08-23 23:18:02,356   INFO  cfg.MODEL.ROI_HEAD.ROI_GRID_POOL.GROUP_CFG_1.NEIGHBOR_NSAMPLE: 32
2024-08-23 23:18:02,356   INFO  cfg.MODEL.ROI_HEAD.ROI_GRID_POOL.GROUP_CFG_1.POST_MLPS: [64, 64]
2024-08-23 23:18:02,356   INFO  ----------- TARGET_CONFIG -----------
2024-08-23 23:18:02,356   INFO  cfg.MODEL.ROI_HEAD.TARGET_CONFIG.BOX_CODER: ResidualCoder
2024-08-23 23:18:02,356   INFO  cfg.MODEL.ROI_HEAD.TARGET_CONFIG.ROI_PER_IMAGE: 128
2024-08-23 23:18:02,356   INFO  cfg.MODEL.ROI_HEAD.TARGET_CONFIG.FG_RATIO: 0.5
2024-08-23 23:18:02,356   INFO  cfg.MODEL.ROI_HEAD.TARGET_CONFIG.SAMPLE_ROI_BY_EACH_CLASS: True
2024-08-23 23:18:02,356   INFO  cfg.MODEL.ROI_HEAD.TARGET_CONFIG.CLS_SCORE_TYPE: roi_iou
2024-08-23 23:18:02,356   INFO  cfg.MODEL.ROI_HEAD.TARGET_CONFIG.CLS_FG_THRESH: 0.75
2024-08-23 23:18:02,356   INFO  cfg.MODEL.ROI_HEAD.TARGET_CONFIG.CLS_BG_THRESH: 0.25
2024-08-23 23:18:02,357   INFO  cfg.MODEL.ROI_HEAD.TARGET_CONFIG.CLS_BG_THRESH_LO: 0.1
2024-08-23 23:18:02,357   INFO  cfg.MODEL.ROI_HEAD.TARGET_CONFIG.HARD_BG_RATIO: 0.8
2024-08-23 23:18:02,357   INFO  cfg.MODEL.ROI_HEAD.TARGET_CONFIG.REG_FG_THRESH: 0.55
2024-08-23 23:18:02,357   INFO  ----------- LOSS_CONFIG -----------
2024-08-23 23:18:02,357   INFO  cfg.MODEL.ROI_HEAD.LOSS_CONFIG.CLS_LOSS: BinaryCrossEntropy
2024-08-23 23:18:02,357   INFO  cfg.MODEL.ROI_HEAD.LOSS_CONFIG.REG_LOSS: smooth-l1
2024-08-23 23:18:02,357   INFO  cfg.MODEL.ROI_HEAD.LOSS_CONFIG.CORNER_LOSS_REGULARIZATION: True
2024-08-23 23:18:02,357   INFO  ----------- LOSS_WEIGHTS -----------
2024-08-23 23:18:02,357   INFO  cfg.MODEL.ROI_HEAD.LOSS_CONFIG.LOSS_WEIGHTS.rcnn_cls_weight: 1.0
2024-08-23 23:18:02,357   INFO  cfg.MODEL.ROI_HEAD.LOSS_CONFIG.LOSS_WEIGHTS.rcnn_reg_weight: 1.0
2024-08-23 23:18:02,357   INFO  cfg.MODEL.ROI_HEAD.LOSS_CONFIG.LOSS_WEIGHTS.rcnn_corner_weight: 1.0
2024-08-23 23:18:02,357   INFO  cfg.MODEL.ROI_HEAD.LOSS_CONFIG.LOSS_WEIGHTS.code_weights: [1.0, 1.0, 1.0, 1.0, 1.0, 1.0, 1.0]
2024-08-23 23:18:02,357   INFO  ----------- POST_PROCESSING -----------
2024-08-23 23:18:02,357   INFO  cfg.MODEL.POST_PROCESSING.RECALL_THRESH_LIST: [0.3, 0.5, 0.7]
2024-08-23 23:18:02,357   INFO  cfg.MODEL.POST_PROCESSING.SCORE_THRESH: 0.2
2024-08-23 23:18:02,357   INFO  cfg.MODEL.POST_PROCESSING.OUTPUT_RAW_SCORE: False
2024-08-23 23:18:02,357   INFO  cfg.MODEL.POST_PROCESSING.EVAL_METRIC: kitti
2024-08-23 23:18:02,357   INFO  ----------- NMS_CONFIG -----------
2024-08-23 23:18:02,357   INFO  cfg.MODEL.POST_PROCESSING.NMS_CONFIG.MULTI_CLASSES_NMS: False
2024-08-23 23:18:02,357   INFO  cfg.MODEL.POST_PROCESSING.NMS_CONFIG.NMS_TYPE: nms_gpu
2024-08-23 23:18:02,357   INFO  cfg.MODEL.POST_PROCESSING.NMS_CONFIG.NMS_THRESH: 0.1
2024-08-23 23:18:02,357   INFO  cfg.MODEL.POST_PROCESSING.NMS_CONFIG.NMS_PRE_MAXSIZE: 4096
2024-08-23 23:18:02,357   INFO  cfg.MODEL.POST_PROCESSING.NMS_CONFIG.NMS_POST_MAXSIZE: 500
2024-08-23 23:18:02,357   INFO  ----------- OPTIMIZATION -----------
2024-08-23 23:18:02,357   INFO  cfg.OPTIMIZATION.BATCH_SIZE_PER_GPU: 6
2024-08-23 23:18:02,357   INFO  cfg.OPTIMIZATION.NUM_EPOCHS: 80
2024-08-23 23:18:02,357   INFO  cfg.OPTIMIZATION.OPTIMIZER: adam_onecycle
2024-08-23 23:18:02,357   INFO  cfg.OPTIMIZATION.LR: 0.01
2024-08-23 23:18:02,357   INFO  cfg.OPTIMIZATION.WEIGHT_DECAY: 0.001
2024-08-23 23:18:02,357   INFO  cfg.OPTIMIZATION.MOMENTUM: 0.9
2024-08-23 23:18:02,357   INFO  cfg.OPTIMIZATION.MOMS: [0.95, 0.85]
2024-08-23 23:18:02,357   INFO  cfg.OPTIMIZATION.PCT_START: 0.4
2024-08-23 23:18:02,357   INFO  cfg.OPTIMIZATION.DIV_FACTOR: 10
2024-08-23 23:18:02,358   INFO  cfg.OPTIMIZATION.DECAY_STEP_LIST: [35, 45]
2024-08-23 23:18:02,358   INFO  cfg.OPTIMIZATION.LR_DECAY: 0.1
2024-08-23 23:18:02,358   INFO  cfg.OPTIMIZATION.LR_CLIP: 1e-07
2024-08-23 23:18:02,358   INFO  cfg.OPTIMIZATION.LR_WARMUP: False
2024-08-23 23:18:02,358   INFO  cfg.OPTIMIZATION.WARMUP_EPOCH: 1
2024-08-23 23:18:02,358   INFO  cfg.OPTIMIZATION.GRAD_NORM_CLIP: 10
2024-08-23 23:18:02,358   INFO  cfg.TAG: pv_rcnn_plusplus
2024-08-23 23:18:02,358   INFO  cfg.EXP_GROUP_PATH: 
2024-08-23 23:18:02,376   INFO  ----------- Create dataloader & network & optimizer -----------
2024-08-23 23:18:02,414   INFO  Database filter by min points Car: 7724 => 7037
2024-08-23 23:18:02,416   INFO  Database filter by min points Pedestrian: 2067 => 1841
2024-08-23 23:18:02,417   INFO  Database filter by min points Bike: 601 => 504
2024-08-23 23:18:02,452   INFO  Database filter by min points Car: 7724 => 7037
2024-08-23 23:18:02,455   INFO  Database filter by min points Pedestrian: 2067 => 1841
2024-08-23 23:18:02,456   INFO  Database filter by min points Bike: 601 => 504
2024-08-23 23:18:02,458   INFO  Loading Fourseason dataset
2024-08-23 23:18:02,667   INFO  Total samples for Fourseason dataset: 2167
2024-08-23 23:18:02,667   INFO  Loading Fourseason dataset
2024-08-23 23:18:02,675   INFO  Total samples for Fourseason dataset: 2167
2024-08-23 23:18:03,252   INFO  ==> Loading parameters from checkpoint /space/userfiles/khatouna/OpenPCdet_FS_DA/output/pv_rcnn_plusplus/default/ckpt/checkpoint_epoch_72.pth to CPU
2024-08-23 23:18:03,339   INFO  ==> Loading parameters from checkpoint /space/userfiles/khatouna/OpenPCdet_FS_DA/output/pv_rcnn_plusplus/default/ckpt/latest_model.pth to CPU
2024-08-23 23:18:03,417   INFO  ==> Loading optimizer parameters from checkpoint /space/userfiles/khatouna/OpenPCdet_FS_DA/output/pv_rcnn_plusplus/default/ckpt/latest_model.pth to CPU
2024-08-23 23:18:03,444   INFO  ==> Done
2024-08-23 23:18:03,678   INFO  ----------- Model PVRCNNPlusPlus created, param count: 14114936 -----------
2024-08-23 23:18:03,678   INFO  DistributedDataParallel(
  (module): PVRCNNPlusPlus(
    (vfe): MeanVFE()
    (backbone_3d): VoxelBackBone8x(
      (conv_input): SparseSequential(
        (0): SubMConv3d(3, 16, kernel_size=[3, 3, 3], stride=[1, 1, 1], padding=[1, 1, 1], dilation=[1, 1, 1], output_padding=[0, 0, 0], bias=False, algo=ConvAlgo.MaskImplicitGemm)
        (1): BatchNorm1d(16, eps=0.001, momentum=0.01, affine=True, track_running_stats=True)
        (2): ReLU()
      )
      (conv1): SparseSequential(
        (0): SparseSequential(
          (0): SubMConv3d(16, 16, kernel_size=[3, 3, 3], stride=[1, 1, 1], padding=[0, 0, 0], dilation=[1, 1, 1], output_padding=[0, 0, 0], bias=False, algo=ConvAlgo.MaskImplicitGemm)
          (1): BatchNorm1d(16, eps=0.001, momentum=0.01, affine=True, track_running_stats=True)
          (2): ReLU()
        )
      )
      (conv2): SparseSequential(
        (0): SparseSequential(
          (0): SparseConv3d(16, 32, kernel_size=[3, 3, 3], stride=[2, 2, 2], padding=[1, 1, 1], dilation=[1, 1, 1], output_padding=[0, 0, 0], bias=False, algo=ConvAlgo.MaskImplicitGemm)
          (1): BatchNorm1d(32, eps=0.001, momentum=0.01, affine=True, track_running_stats=True)
          (2): ReLU()
        )
        (1): SparseSequential(
          (0): SubMConv3d(32, 32, kernel_size=[3, 3, 3], stride=[1, 1, 1], padding=[0, 0, 0], dilation=[1, 1, 1], output_padding=[0, 0, 0], bias=False, algo=ConvAlgo.MaskImplicitGemm)
          (1): BatchNorm1d(32, eps=0.001, momentum=0.01, affine=True, track_running_stats=True)
          (2): ReLU()
        )
        (2): SparseSequential(
          (0): SubMConv3d(32, 32, kernel_size=[3, 3, 3], stride=[1, 1, 1], padding=[0, 0, 0], dilation=[1, 1, 1], output_padding=[0, 0, 0], bias=False, algo=ConvAlgo.MaskImplicitGemm)
          (1): BatchNorm1d(32, eps=0.001, momentum=0.01, affine=True, track_running_stats=True)
          (2): ReLU()
        )
      )
      (conv3): SparseSequential(
        (0): SparseSequential(
          (0): SparseConv3d(32, 64, kernel_size=[3, 3, 3], stride=[2, 2, 2], padding=[1, 1, 1], dilation=[1, 1, 1], output_padding=[0, 0, 0], bias=False, algo=ConvAlgo.MaskImplicitGemm)
          (1): BatchNorm1d(64, eps=0.001, momentum=0.01, affine=True, track_running_stats=True)
          (2): ReLU()
        )
        (1): SparseSequential(
          (0): SubMConv3d(64, 64, kernel_size=[3, 3, 3], stride=[1, 1, 1], padding=[0, 0, 0], dilation=[1, 1, 1], output_padding=[0, 0, 0], bias=False, algo=ConvAlgo.MaskImplicitGemm)
          (1): BatchNorm1d(64, eps=0.001, momentum=0.01, affine=True, track_running_stats=True)
          (2): ReLU()
        )
        (2): SparseSequential(
          (0): SubMConv3d(64, 64, kernel_size=[3, 3, 3], stride=[1, 1, 1], padding=[0, 0, 0], dilation=[1, 1, 1], output_padding=[0, 0, 0], bias=False, algo=ConvAlgo.MaskImplicitGemm)
          (1): BatchNorm1d(64, eps=0.001, momentum=0.01, affine=True, track_running_stats=True)
          (2): ReLU()
        )
      )
      (conv4): SparseSequential(
        (0): SparseSequential(
          (0): SparseConv3d(64, 64, kernel_size=[3, 3, 3], stride=[2, 2, 2], padding=[0, 1, 1], dilation=[1, 1, 1], output_padding=[0, 0, 0], bias=False, algo=ConvAlgo.MaskImplicitGemm)
          (1): BatchNorm1d(64, eps=0.001, momentum=0.01, affine=True, track_running_stats=True)
          (2): ReLU()
        )
        (1): SparseSequential(
          (0): SubMConv3d(64, 64, kernel_size=[3, 3, 3], stride=[1, 1, 1], padding=[0, 0, 0], dilation=[1, 1, 1], output_padding=[0, 0, 0], bias=False, algo=ConvAlgo.MaskImplicitGemm)
          (1): BatchNorm1d(64, eps=0.001, momentum=0.01, affine=True, track_running_stats=True)
          (2): ReLU()
        )
        (2): SparseSequential(
          (0): SubMConv3d(64, 64, kernel_size=[3, 3, 3], stride=[1, 1, 1], padding=[0, 0, 0], dilation=[1, 1, 1], output_padding=[0, 0, 0], bias=False, algo=ConvAlgo.MaskImplicitGemm)
          (1): BatchNorm1d(64, eps=0.001, momentum=0.01, affine=True, track_running_stats=True)
          (2): ReLU()
        )
      )
      (conv_out): SparseSequential(
        (0): SparseConv3d(64, 128, kernel_size=[3, 1, 1], stride=[2, 1, 1], padding=[0, 0, 0], dilation=[1, 1, 1], output_padding=[0, 0, 0], bias=False, algo=ConvAlgo.MaskImplicitGemm)
        (1): BatchNorm1d(128, eps=0.001, momentum=0.01, affine=True, track_running_stats=True)
        (2): ReLU()
      )
    )
    (map_to_bev_module): HeightCompression()
    (pfe): VoxelSetAbstraction(
      (SA_layers): ModuleList(
        (0): VectorPoolAggregationModuleMSG(
          (layer_0): VectorPoolAggregationModule(
            radius=1.2, local_voxels=([3, 3, 3], local_aggregation_type=local_interpolation, num_c_reduction=64->32, num_c_local_aggregation=32
            (local_interpolate_module): VectorPoolLocalInterpolateModule()
            (separate_local_aggregation_layer): Sequential(
              (0): Conv1d(1107, 864, kernel_size=(1,), stride=(1,), groups=27, bias=False)
              (1): BatchNorm1d(864, eps=1e-05, momentum=0.1, affine=True, track_running_stats=True)
              (2): ReLU()
            )
            (post_mlps): Sequential(
              (0): Conv1d(864, 64, kernel_size=(1,), stride=(1,), bias=False)
              (1): BatchNorm1d(64, eps=1e-05, momentum=0.1, affine=True, track_running_stats=True)
              (2): ReLU()
              (3): Conv1d(64, 64, kernel_size=(1,), stride=(1,), bias=False)
              (4): BatchNorm1d(64, eps=1e-05, momentum=0.1, affine=True, track_running_stats=True)
              (5): ReLU()
            )
          )
          (layer_1): VectorPoolAggregationModule(
            radius=2.4, local_voxels=([3, 3, 3], local_aggregation_type=local_interpolation, num_c_reduction=64->32, num_c_local_aggregation=32
            (local_interpolate_module): VectorPoolLocalInterpolateModule()
            (separate_local_aggregation_layer): Sequential(
              (0): Conv1d(1107, 864, kernel_size=(1,), stride=(1,), groups=27, bias=False)
              (1): BatchNorm1d(864, eps=1e-05, momentum=0.1, affine=True, track_running_stats=True)
              (2): ReLU()
            )
            (post_mlps): Sequential(
              (0): Conv1d(864, 64, kernel_size=(1,), stride=(1,), bias=False)
              (1): BatchNorm1d(64, eps=1e-05, momentum=0.1, affine=True, track_running_stats=True)
              (2): ReLU()
              (3): Conv1d(64, 64, kernel_size=(1,), stride=(1,), bias=False)
              (4): BatchNorm1d(64, eps=1e-05, momentum=0.1, affine=True, track_running_stats=True)
              (5): ReLU()
            )
          )
          (msg_post_mlps): Sequential(
            (0): Conv1d(131, 128, kernel_size=(1,), stride=(1,), bias=False)
            (1): BatchNorm1d(128, eps=1e-05, momentum=0.1, affine=True, track_running_stats=True)
            (2): ReLU()
          )
        )
        (1): VectorPoolAggregationModuleMSG(
          (layer_0): VectorPoolAggregationModule(
            radius=2.4, local_voxels=([3, 3, 3], local_aggregation_type=local_interpolation, num_c_reduction=64->32, num_c_local_aggregation=32
            (local_interpolate_module): VectorPoolLocalInterpolateModule()
            (separate_local_aggregation_layer): Sequential(
              (0): Conv1d(1107, 864, kernel_size=(1,), stride=(1,), groups=27, bias=False)
              (1): BatchNorm1d(864, eps=1e-05, momentum=0.1, affine=True, track_running_stats=True)
              (2): ReLU()
            )
            (post_mlps): Sequential(
              (0): Conv1d(864, 64, kernel_size=(1,), stride=(1,), bias=False)
              (1): BatchNorm1d(64, eps=1e-05, momentum=0.1, affine=True, track_running_stats=True)
              (2): ReLU()
              (3): Conv1d(64, 64, kernel_size=(1,), stride=(1,), bias=False)
              (4): BatchNorm1d(64, eps=1e-05, momentum=0.1, affine=True, track_running_stats=True)
              (5): ReLU()
            )
          )
          (layer_1): VectorPoolAggregationModule(
            radius=4.8, local_voxels=([3, 3, 3], local_aggregation_type=local_interpolation, num_c_reduction=64->32, num_c_local_aggregation=32
            (local_interpolate_module): VectorPoolLocalInterpolateModule()
            (separate_local_aggregation_layer): Sequential(
              (0): Conv1d(1107, 864, kernel_size=(1,), stride=(1,), groups=27, bias=False)
              (1): BatchNorm1d(864, eps=1e-05, momentum=0.1, affine=True, track_running_stats=True)
              (2): ReLU()
            )
            (post_mlps): Sequential(
              (0): Conv1d(864, 64, kernel_size=(1,), stride=(1,), bias=False)
              (1): BatchNorm1d(64, eps=1e-05, momentum=0.1, affine=True, track_running_stats=True)
              (2): ReLU()
              (3): Conv1d(64, 64, kernel_size=(1,), stride=(1,), bias=False)
              (4): BatchNorm1d(64, eps=1e-05, momentum=0.1, affine=True, track_running_stats=True)
              (5): ReLU()
            )
          )
          (msg_post_mlps): Sequential(
            (0): Conv1d(131, 128, kernel_size=(1,), stride=(1,), bias=False)
            (1): BatchNorm1d(128, eps=1e-05, momentum=0.1, affine=True, track_running_stats=True)
            (2): ReLU()
          )
        )
      )
      (SA_rawpoints): VectorPoolAggregationModuleMSG(
        (layer_0): VectorPoolAggregationModule(
          radius=0.2, local_voxels=([2, 2, 2], local_aggregation_type=local_interpolation, num_c_reduction=0->3, num_c_local_aggregation=32
          (local_interpolate_module): VectorPoolLocalInterpolateModule()
          (separate_local_aggregation_layer): Sequential(
            (0): Conv1d(96, 256, kernel_size=(1,), stride=(1,), groups=8, bias=False)
            (1): BatchNorm1d(256, eps=1e-05, momentum=0.1, affine=True, track_running_stats=True)
            (2): ReLU()
          )
          (post_mlps): Sequential(
            (0): Conv1d(256, 32, kernel_size=(1,), stride=(1,), bias=False)
            (1): BatchNorm1d(32, eps=1e-05, momentum=0.1, affine=True, track_running_stats=True)
            (2): ReLU()
            (3): Conv1d(32, 32, kernel_size=(1,), stride=(1,), bias=False)
            (4): BatchNorm1d(32, eps=1e-05, momentum=0.1, affine=True, track_running_stats=True)
            (5): ReLU()
          )
        )
        (layer_1): VectorPoolAggregationModule(
          radius=0.4, local_voxels=([3, 3, 3], local_aggregation_type=local_interpolation, num_c_reduction=0->3, num_c_local_aggregation=32
          (local_interpolate_module): VectorPoolLocalInterpolateModule()
          (separate_local_aggregation_layer): Sequential(
            (0): Conv1d(324, 864, kernel_size=(1,), stride=(1,), groups=27, bias=False)
            (1): BatchNorm1d(864, eps=1e-05, momentum=0.1, affine=True, track_running_stats=True)
            (2): ReLU()
          )
          (post_mlps): Sequential(
            (0): Conv1d(864, 32, kernel_size=(1,), stride=(1,), bias=False)
            (1): BatchNorm1d(32, eps=1e-05, momentum=0.1, affine=True, track_running_stats=True)
            (2): ReLU()
            (3): Conv1d(32, 32, kernel_size=(1,), stride=(1,), bias=False)
            (4): BatchNorm1d(32, eps=1e-05, momentum=0.1, affine=True, track_running_stats=True)
            (5): ReLU()
          )
        )
        (msg_post_mlps): Sequential(
          (0): Conv1d(67, 32, kernel_size=(1,), stride=(1,), bias=False)
          (1): BatchNorm1d(32, eps=1e-05, momentum=0.1, affine=True, track_running_stats=True)
          (2): ReLU()
        )
      )
      (vsa_point_feature_fusion): Sequential(
        (0): Linear(in_features=544, out_features=90, bias=False)
        (1): BatchNorm1d(90, eps=1e-05, momentum=0.1, affine=True, track_running_stats=True)
        (2): ReLU()
      )
    )
    (backbone_2d): BaseBEVBackbone(
      (blocks): ModuleList(
        (0): Sequential(
          (0): ZeroPad2d((1, 1, 1, 1))
          (1): Conv2d(256, 128, kernel_size=(3, 3), stride=(1, 1), bias=False)
          (2): BatchNorm2d(128, eps=0.001, momentum=0.01, affine=True, track_running_stats=True)
          (3): ReLU()
          (4): Conv2d(128, 128, kernel_size=(3, 3), stride=(1, 1), padding=(1, 1), bias=False)
          (5): BatchNorm2d(128, eps=0.001, momentum=0.01, affine=True, track_running_stats=True)
          (6): ReLU()
          (7): Conv2d(128, 128, kernel_size=(3, 3), stride=(1, 1), padding=(1, 1), bias=False)
          (8): BatchNorm2d(128, eps=0.001, momentum=0.01, affine=True, track_running_stats=True)
          (9): ReLU()
          (10): Conv2d(128, 128, kernel_size=(3, 3), stride=(1, 1), padding=(1, 1), bias=False)
          (11): BatchNorm2d(128, eps=0.001, momentum=0.01, affine=True, track_running_stats=True)
          (12): ReLU()
          (13): Conv2d(128, 128, kernel_size=(3, 3), stride=(1, 1), padding=(1, 1), bias=False)
          (14): BatchNorm2d(128, eps=0.001, momentum=0.01, affine=True, track_running_stats=True)
          (15): ReLU()
          (16): Conv2d(128, 128, kernel_size=(3, 3), stride=(1, 1), padding=(1, 1), bias=False)
          (17): BatchNorm2d(128, eps=0.001, momentum=0.01, affine=True, track_running_stats=True)
          (18): ReLU()
        )
        (1): Sequential(
          (0): ZeroPad2d((1, 1, 1, 1))
          (1): Conv2d(128, 256, kernel_size=(3, 3), stride=(2, 2), bias=False)
          (2): BatchNorm2d(256, eps=0.001, momentum=0.01, affine=True, track_running_stats=True)
          (3): ReLU()
          (4): Conv2d(256, 256, kernel_size=(3, 3), stride=(1, 1), padding=(1, 1), bias=False)
          (5): BatchNorm2d(256, eps=0.001, momentum=0.01, affine=True, track_running_stats=True)
          (6): ReLU()
          (7): Conv2d(256, 256, kernel_size=(3, 3), stride=(1, 1), padding=(1, 1), bias=False)
          (8): BatchNorm2d(256, eps=0.001, momentum=0.01, affine=True, track_running_stats=True)
          (9): ReLU()
          (10): Conv2d(256, 256, kernel_size=(3, 3), stride=(1, 1), padding=(1, 1), bias=False)
          (11): BatchNorm2d(256, eps=0.001, momentum=0.01, affine=True, track_running_stats=True)
          (12): ReLU()
          (13): Conv2d(256, 256, kernel_size=(3, 3), stride=(1, 1), padding=(1, 1), bias=False)
          (14): BatchNorm2d(256, eps=0.001, momentum=0.01, affine=True, track_running_stats=True)
          (15): ReLU()
          (16): Conv2d(256, 256, kernel_size=(3, 3), stride=(1, 1), padding=(1, 1), bias=False)
          (17): BatchNorm2d(256, eps=0.001, momentum=0.01, affine=True, track_running_stats=True)
          (18): ReLU()
        )
      )
      (deblocks): ModuleList(
        (0): Sequential(
          (0): ConvTranspose2d(128, 256, kernel_size=(1, 1), stride=(1, 1), bias=False)
          (1): BatchNorm2d(256, eps=0.001, momentum=0.01, affine=True, track_running_stats=True)
          (2): ReLU()
        )
        (1): Sequential(
          (0): ConvTranspose2d(256, 256, kernel_size=(2, 2), stride=(2, 2), bias=False)
          (1): BatchNorm2d(256, eps=0.001, momentum=0.01, affine=True, track_running_stats=True)
          (2): ReLU()
        )
      )
    )
    (dense_head): CenterHead(
      (shared_conv): Sequential(
        (0): Conv2d(512, 64, kernel_size=(3, 3), stride=(1, 1), padding=(1, 1))
        (1): BatchNorm2d(64, eps=1e-05, momentum=0.1, affine=True, track_running_stats=True)
        (2): ReLU()
      )
      (heads_list): ModuleList(
        (0): SeparateHead(
          (center): Sequential(
            (0): Sequential(
              (0): Conv2d(64, 64, kernel_size=(3, 3), stride=(1, 1), padding=(1, 1))
              (1): BatchNorm2d(64, eps=1e-05, momentum=0.1, affine=True, track_running_stats=True)
              (2): ReLU()
            )
            (1): Conv2d(64, 2, kernel_size=(3, 3), stride=(1, 1), padding=(1, 1))
          )
          (center_z): Sequential(
            (0): Sequential(
              (0): Conv2d(64, 64, kernel_size=(3, 3), stride=(1, 1), padding=(1, 1))
              (1): BatchNorm2d(64, eps=1e-05, momentum=0.1, affine=True, track_running_stats=True)
              (2): ReLU()
            )
            (1): Conv2d(64, 1, kernel_size=(3, 3), stride=(1, 1), padding=(1, 1))
          )
          (dim): Sequential(
            (0): Sequential(
              (0): Conv2d(64, 64, kernel_size=(3, 3), stride=(1, 1), padding=(1, 1))
              (1): BatchNorm2d(64, eps=1e-05, momentum=0.1, affine=True, track_running_stats=True)
              (2): ReLU()
            )
            (1): Conv2d(64, 3, kernel_size=(3, 3), stride=(1, 1), padding=(1, 1))
          )
          (rot): Sequential(
            (0): Sequential(
              (0): Conv2d(64, 64, kernel_size=(3, 3), stride=(1, 1), padding=(1, 1))
              (1): BatchNorm2d(64, eps=1e-05, momentum=0.1, affine=True, track_running_stats=True)
              (2): ReLU()
            )
            (1): Conv2d(64, 2, kernel_size=(3, 3), stride=(1, 1), padding=(1, 1))
          )
          (hm): Sequential(
            (0): Sequential(
              (0): Conv2d(64, 64, kernel_size=(3, 3), stride=(1, 1), padding=(1, 1))
              (1): BatchNorm2d(64, eps=1e-05, momentum=0.1, affine=True, track_running_stats=True)
              (2): ReLU()
            )
            (1): Conv2d(64, 3, kernel_size=(3, 3), stride=(1, 1), padding=(1, 1))
          )
        )
      )
      (hm_loss_func): FocalLossCenterNet()
      (reg_loss_func): RegLossCenterNet()
    )
    (point_head): PointHeadSimple(
      (cls_loss_func): SigmoidFocalClassificationLoss()
      (cls_layers): Sequential(
        (0): Linear(in_features=544, out_features=256, bias=False)
        (1): BatchNorm1d(256, eps=1e-05, momentum=0.1, affine=True, track_running_stats=True)
        (2): ReLU()
        (3): Linear(in_features=256, out_features=256, bias=False)
        (4): BatchNorm1d(256, eps=1e-05, momentum=0.1, affine=True, track_running_stats=True)
        (5): ReLU()
        (6): Linear(in_features=256, out_features=1, bias=True)
      )
    )
    (roi_head): PVRCNNHeadBaseline(
      (proposal_target_layer): ProposalTargetLayer()
      (reg_loss_func): WeightedSmoothL1Loss()
      (roi_grid_pool_layer): VectorPoolAggregationModuleMSG(
        (layer_0): VectorPoolAggregationModule(
          radius=0.8, local_voxels=([3, 3, 3], local_aggregation_type=voxel_random_choice, num_c_reduction=90->30, num_c_local_aggregation=32
          (separate_local_aggregation_layer): Sequential(
            (0): Conv1d(891, 864, kernel_size=(1,), stride=(1,), groups=27, bias=False)
            (1): BatchNorm1d(864, eps=1e-05, momentum=0.1, affine=True, track_running_stats=True)
            (2): ReLU()
          )
          (post_mlps): Sequential(
            (0): Conv1d(864, 64, kernel_size=(1,), stride=(1,), bias=False)
            (1): BatchNorm1d(64, eps=1e-05, momentum=0.1, affine=True, track_running_stats=True)
            (2): ReLU()
            (3): Conv1d(64, 64, kernel_size=(1,), stride=(1,), bias=False)
            (4): BatchNorm1d(64, eps=1e-05, momentum=0.1, affine=True, track_running_stats=True)
            (5): ReLU()
          )
        )
        (layer_1): VectorPoolAggregationModule(
          radius=1.6, local_voxels=([3, 3, 3], local_aggregation_type=voxel_random_choice, num_c_reduction=90->30, num_c_local_aggregation=32
          (separate_local_aggregation_layer): Sequential(
            (0): Conv1d(891, 864, kernel_size=(1,), stride=(1,), groups=27, bias=False)
            (1): BatchNorm1d(864, eps=1e-05, momentum=0.1, affine=True, track_running_stats=True)
            (2): ReLU()
          )
          (post_mlps): Sequential(
            (0): Conv1d(864, 64, kernel_size=(1,), stride=(1,), bias=False)
            (1): BatchNorm1d(64, eps=1e-05, momentum=0.1, affine=True, track_running_stats=True)
            (2): ReLU()
            (3): Conv1d(64, 64, kernel_size=(1,), stride=(1,), bias=False)
            (4): BatchNorm1d(64, eps=1e-05, momentum=0.1, affine=True, track_running_stats=True)
            (5): ReLU()
          )
        )
        (msg_post_mlps): Sequential(
          (0): Conv1d(131, 128, kernel_size=(1,), stride=(1,), bias=False)
          (1): BatchNorm1d(128, eps=1e-05, momentum=0.1, affine=True, track_running_stats=True)
          (2): ReLU()
        )
      )
      (shared_fc_layer): Sequential(
        (0): Conv1d(27648, 256, kernel_size=(1,), stride=(1,), bias=False)
        (1): BatchNorm1d(256, eps=1e-05, momentum=0.1, affine=True, track_running_stats=True)
        (2): ReLU()
        (3): Dropout(p=0.3, inplace=False)
        (4): Conv1d(256, 256, kernel_size=(1,), stride=(1,), bias=False)
        (5): BatchNorm1d(256, eps=1e-05, momentum=0.1, affine=True, track_running_stats=True)
        (6): ReLU()
      )
      (cls_layers): Sequential(
        (0): Conv1d(256, 256, kernel_size=(1,), stride=(1,), bias=False)
        (1): BatchNorm1d(256, eps=1e-05, momentum=0.1, affine=True, track_running_stats=True)
        (2): ReLU()
        (3): Dropout(p=0.3, inplace=False)
        (4): Conv1d(256, 256, kernel_size=(1,), stride=(1,), bias=False)
        (5): BatchNorm1d(256, eps=1e-05, momentum=0.1, affine=True, track_running_stats=True)
        (6): ReLU()
        (7): Conv1d(256, 1, kernel_size=(1,), stride=(1,))
      )
      (reg_layers): Sequential(
        (0): Conv1d(256, 256, kernel_size=(1,), stride=(1,), bias=False)
        (1): BatchNorm1d(256, eps=1e-05, momentum=0.1, affine=True, track_running_stats=True)
        (2): ReLU()
        (3): Dropout(p=0.3, inplace=False)
        (4): Conv1d(256, 256, kernel_size=(1,), stride=(1,), bias=False)
        (5): BatchNorm1d(256, eps=1e-05, momentum=0.1, affine=True, track_running_stats=True)
        (6): ReLU()
        (7): Conv1d(256, 7, kernel_size=(1,), stride=(1,))
      )
    )
  )
)
2024-08-23 23:18:03,685   INFO  **********************Start training /pv_rcnn_plusplus(default)**********************
2024-08-23 23:19:07,590   INFO  Train:   72/80 ( 90%) [ 329/362 ( 91%)]  Loss: 3.230 (3.23)  LR: 6.850e-04  Time cost: 00:23/13:09 [01:03/19:27:42]  Acc_iter 26032       Data time: 0.53(0.53)  Forward time: 23.39(23.39)  Batch time: 23.92(23.92)
2024-08-23 23:20:44,323   INFO  Train:   72/80 ( 90%) [ 347/362 ( 96%)]  Loss: 3.236 (3.18)  LR: 6.768e-04  Time cost: 02:00/01:35 [02:40/5:08:05]  Acc_iter 26050       Data time: 0.20(0.20)  Forward time: 4.96(6.14)  Batch time: 5.16(6.34)
2024-08-23 23:21:58,195   INFO  Train:   72/80 ( 90%) [ 361/362 (100%)]  Loss: 3.254 (3.18)  LR: 6.704e-04  Time cost: 03:14/00:05 [03:54/4:44:37]  Acc_iter 26064       Data time: 0.20(0.20)  Forward time: 4.94(5.69)  Batch time: 5.14(5.89)
2024-08-23 23:22:28,456   INFO  Train:   73/80 ( 91%) [   0/362 (  0%)]  Loss: 3.049 (3.05)  LR: 6.700e-04  Time cost: 00:05/35:21 [04:24/4:42:51]  Acc_iter 26065       Data time: 0.57(0.57)  Forward time: 5.09(5.09)  Batch time: 5.66(5.66)
2024-08-23 23:25:28,157   INFO  Train:   73/80 ( 91%) [  35/362 ( 10%)]  Loss: 3.210 (3.20)  LR: 6.542e-04  Time cost: 03:05/28:05 [07:24/4:05:46]  Acc_iter 26100       Data time: 0.18(0.20)  Forward time: 5.50(4.95)  Batch time: 5.68(5.15)
2024-08-23 23:25:28,269   INFO  
2024-08-23 23:27:27,045   INFO  Save latest model to /space/userfiles/khatouna/OpenPCdet_FS_DA/output/pv_rcnn_plusplus/default/ckpt/latest_model
2024-08-23 23:29:48,714   INFO  Train:   73/80 ( 91%) [  85/362 ( 23%)]  Loss: 3.139 (3.19)  LR: 6.321e-04  Time cost: 07:26/23:56 [11:45/4:03:01]  Acc_iter 26150       Data time: 0.20(0.21)  Forward time: 5.16(4.98)  Batch time: 5.37(5.18)
2024-08-23 23:32:27,254   INFO  Save latest model to /space/userfiles/khatouna/OpenPCdet_FS_DA/output/pv_rcnn_plusplus/default/ckpt/latest_model
2024-08-23 23:34:04,249   INFO  Train:   73/80 ( 91%) [ 135/362 ( 37%)]  Loss: 2.978 (3.18)  LR: 6.102e-04  Time cost: 11:41/19:31 [16:00/3:57:24]  Acc_iter 26200       Data time: 0.22(0.21)  Forward time: 4.98(4.95)  Batch time: 5.20(5.16)
2024-08-23 23:37:24,101   INFO  Save latest model to /space/userfiles/khatouna/OpenPCdet_FS_DA/output/pv_rcnn_plusplus/default/ckpt/latest_model
2024-08-23 23:38:19,146   INFO  Train:   73/80 ( 91%) [ 185/362 ( 51%)]  Loss: 3.218 (3.18)  LR: 5.888e-04  Time cost: 15:56/15:10 [20:15/3:52:21]  Acc_iter 26250       Data time: 0.20(0.20)  Forward time: 4.96(4.94)  Batch time: 5.16(5.14)
2024-08-23 23:38:19,255   INFO  
2024-08-23 23:42:25,667   INFO  Save latest model to /space/userfiles/khatouna/OpenPCdet_FS_DA/output/pv_rcnn_plusplus/default/ckpt/latest_model
2024-08-23 23:42:36,374   INFO  Train:   73/80 ( 91%) [ 235/362 ( 65%)]  Loss: 3.342 (3.18)  LR: 5.677e-04  Time cost: 20:13/10:53 [24:32/3:48:05]  Acc_iter 26300       Data time: 0.20(0.20)  Forward time: 5.09(4.94)  Batch time: 5.29(5.14)
2024-08-23 23:46:56,721   INFO  Train:   73/80 ( 91%) [ 285/362 ( 79%)]  Loss: 2.844 (3.17)  LR: 5.470e-04  Time cost: 24:34/06:36 [28:53/3:44:17]  Acc_iter 26350       Data time: 0.18(0.20)  Forward time: 4.80(4.95)  Batch time: 4.98(5.15)
2024-08-23 23:47:23,373   INFO  Save latest model to /space/userfiles/khatouna/OpenPCdet_FS_DA/output/pv_rcnn_plusplus/default/ckpt/latest_model
2024-08-23 23:51:15,766   INFO  Train:   73/80 ( 91%) [ 335/362 ( 93%)]  Loss: 3.079 (3.17)  LR: 5.266e-04  Time cost: 28:53/02:19 [33:12/3:40:10]  Acc_iter 26400       Data time: 0.16(0.20)  Forward time: 5.04(4.95)  Batch time: 5.20(5.16)
2024-08-23 23:51:15,906   INFO  
2024-08-23 23:52:24,368   INFO  Save latest model to /space/userfiles/khatouna/OpenPCdet_FS_DA/output/pv_rcnn_plusplus/default/ckpt/latest_model
2024-08-23 23:53:30,809   INFO  Train:   73/80 ( 91%) [ 361/362 (100%)]  Loss: 3.531 (3.17)  LR: 5.161e-04  Time cost: 31:08/00:05 [35:27/3:38:02]  Acc_iter 26426       Data time: 0.20(0.20)  Forward time: 3.63(4.96)  Batch time: 3.83(5.16)
2024-08-23 23:54:04,333   INFO  Train:   74/80 ( 92%) [   0/362 (  0%)]  Loss: 3.482 (3.48)  LR: 5.157e-04  Time cost: 00:07/44:42 [36:00/5:12:56]  Acc_iter 26427       Data time: 0.70(0.70)  Forward time: 6.52(6.52)  Batch time: 7.21(7.21)
2024-08-23 23:56:35,456   INFO  Train:   74/80 ( 92%) [  23/362 (  6%)]  Loss: 3.437 (3.12)  LR: 5.066e-04  Time cost: 02:38/37:19 [38:31/4:36:26]  Acc_iter 26450       Data time: 0.20(0.21)  Forward time: 6.13(6.39)  Batch time: 6.33(6.60)
2024-08-23 23:59:01,379   INFO  Save latest model to /space/userfiles/khatouna/OpenPCdet_FS_DA/output/pv_rcnn_plusplus/default/ckpt/latest_model
2024-08-24 00:02:20,911   INFO  Train:   74/80 ( 92%) [  73/362 ( 20%)]  Loss: 3.300 (3.17)  LR: 4.869e-04  Time cost: 08:23/32:48 [44:17/4:39:21]  Acc_iter 26500       Data time: 0.18(0.21)  Forward time: 7.21(6.60)  Batch time: 7.39(6.81)
2024-08-24 00:03:58,497   INFO  Save latest model to /space/userfiles/khatouna/OpenPCdet_FS_DA/output/pv_rcnn_plusplus/default/ckpt/latest_model
2024-08-24 00:08:02,559   INFO  Train:   74/80 ( 92%) [ 123/362 ( 34%)]  Loss: 3.084 (3.18)  LR: 4.677e-04  Time cost: 14:05/27:09 [49:58/4:34:02]  Acc_iter 26550       Data time: 0.18(0.21)  Forward time: 6.59(6.61)  Batch time: 6.77(6.82)
2024-08-24 00:08:02,801   INFO  
2024-08-24 00:08:57,433   INFO  Save latest model to /space/userfiles/khatouna/OpenPCdet_FS_DA/output/pv_rcnn_plusplus/default/ckpt/latest_model
2024-08-24 00:13:43,450   INFO  Train:   74/80 ( 92%) [ 173/362 ( 48%)]  Loss: 3.304 (3.18)  LR: 4.488e-04  Time cost: 19:46/21:28 [55:39/4:28:19]  Acc_iter 26600       Data time: 0.18(0.21)  Forward time: 5.97(6.61)  Batch time: 6.15(6.82)
2024-08-24 00:14:03,412   INFO  Save latest model to /space/userfiles/khatouna/OpenPCdet_FS_DA/output/pv_rcnn_plusplus/default/ckpt/latest_model
2024-08-24 00:19:04,050   INFO  Save latest model to /space/userfiles/khatouna/OpenPCdet_FS_DA/output/pv_rcnn_plusplus/default/ckpt/latest_model
2024-08-24 00:19:25,076   INFO  Train:   74/80 ( 92%) [ 223/362 ( 62%)]  Loss: 3.208 (3.18)  LR: 4.302e-04  Time cost: 25:28/15:48 [1:01:21/4:22:45]  Acc_iter 26650       Data time: 0.22(0.21)  Forward time: 6.41(6.61)  Batch time: 6.63(6.82)
2024-08-24 00:24:03,560   INFO  Save latest model to /space/userfiles/khatouna/OpenPCdet_FS_DA/output/pv_rcnn_plusplus/default/ckpt/latest_model
2024-08-24 00:25:20,584   INFO  Train:   74/80 ( 92%) [ 273/362 ( 75%)]  Loss: 3.290 (3.18)  LR: 4.121e-04  Time cost: 31:23/10:11 [1:07:16/4:19:03]  Acc_iter 26700       Data time: 0.20(0.21)  Forward time: 6.72(6.67)  Batch time: 6.92(6.87)
2024-08-24 00:25:20,907   INFO  
2024-08-24 00:28:59,330   INFO  Save latest model to /space/userfiles/khatouna/OpenPCdet_FS_DA/output/pv_rcnn_plusplus/default/ckpt/latest_model
2024-08-24 00:30:57,141   INFO  Train:   74/80 ( 92%) [ 323/362 ( 89%)]  Loss: 3.244 (3.18)  LR: 3.943e-04  Time cost: 37:00/04:27 [1:12:53/4:12:30]  Acc_iter 26750       Data time: 0.18(0.21)  Forward time: 6.73(6.65)  Batch time: 6.91(6.85)
2024-08-24 00:33:58,256   INFO  Save latest model to /space/userfiles/khatouna/OpenPCdet_FS_DA/output/pv_rcnn_plusplus/default/ckpt/latest_model
2024-08-24 00:35:17,306   INFO  Train:   74/80 ( 92%) [ 361/362 (100%)]  Loss: 3.152 (3.18)  LR: 3.810e-04  Time cost: 41:20/00:06 [1:17:13/4:08:09]  Acc_iter 26788       Data time: 0.16(0.21)  Forward time: 4.50(6.64)  Batch time: 4.66(6.85)
2024-08-24 00:35:58,746   INFO  Train:   75/80 ( 94%) [   0/362 (  0%)]  Loss: 2.824 (2.82)  LR: 3.807e-04  Time cost: 00:08/48:58 [1:17:55/4:53:51]  Acc_iter 26789       Data time: 0.83(0.83)  Forward time: 7.07(7.07)  Batch time: 7.91(7.91)
2024-08-24 00:37:17,365   INFO  Train:   75/80 ( 94%) [  11/362 (  3%)]  Loss: 3.074 (3.12)  LR: 3.769e-04  Time cost: 01:26/42:17 [1:19:13/4:20:19]  Acc_iter 26800       Data time: 0.22(0.25)  Forward time: 7.21(6.96)  Batch time: 7.43(7.21)
2024-08-24 00:40:57,451   INFO  Save latest model to /space/userfiles/khatouna/OpenPCdet_FS_DA/output/pv_rcnn_plusplus/default/ckpt/latest_model
2024-08-24 00:43:02,100   INFO  Train:   75/80 ( 94%) [  61/362 ( 17%)]  Loss: 3.394 (3.18)  LR: 3.599e-04  Time cost: 07:11/34:54 [1:24:58/4:04:50]  Acc_iter 26850       Data time: 0.18(0.21)  Forward time: 6.44(6.75)  Batch time: 6.62(6.96)
2024-08-24 00:43:02,263   INFO  
2024-08-24 00:45:53,573   INFO  Save latest model to /space/userfiles/khatouna/OpenPCdet_FS_DA/output/pv_rcnn_plusplus/default/ckpt/latest_model
2024-08-24 00:48:33,613   INFO  Train:   75/80 ( 94%) [ 111/362 ( 31%)]  Loss: 3.123 (3.17)  LR: 3.432e-04  Time cost: 12:42/28:29 [1:30:29/3:54:00]  Acc_iter 26900       Data time: 0.20(0.21)  Forward time: 6.14(6.61)  Batch time: 6.33(6.81)
2024-08-24 00:50:58,295   INFO  Save latest model to /space/userfiles/khatouna/OpenPCdet_FS_DA/output/pv_rcnn_plusplus/default/ckpt/latest_model
2024-08-24 00:54:20,665   INFO  Train:   75/80 ( 94%) [ 161/362 ( 44%)]  Loss: 3.224 (3.17)  LR: 3.270e-04  Time cost: 18:30/22:57 [1:36:16/3:49:39]  Acc_iter 26950       Data time: 0.20(0.21)  Forward time: 6.99(6.64)  Batch time: 7.19(6.85)
2024-08-24 00:55:56,746   INFO  Save latest model to /space/userfiles/khatouna/OpenPCdet_FS_DA/output/pv_rcnn_plusplus/default/ckpt/latest_model
2024-08-24 01:00:04,213   INFO  Train:   75/80 ( 94%) [ 211/362 ( 58%)]  Loss: 3.373 (3.17)  LR: 3.111e-04  Time cost: 24:13/17:15 [1:42:00/3:44:05]  Acc_iter 27000       Data time: 0.16(0.21)  Forward time: 5.81(6.65)  Batch time: 5.97(6.86)
2024-08-24 01:00:04,469   INFO  
2024-08-24 01:00:53,015   INFO  Save latest model to /space/userfiles/khatouna/OpenPCdet_FS_DA/output/pv_rcnn_plusplus/default/ckpt/latest_model
2024-08-24 01:05:51,432   INFO  Train:   75/80 ( 94%) [ 261/362 ( 72%)]  Loss: 3.028 (3.17)  LR: 2.956e-04  Time cost: 30:00/11:34 [1:47:47/3:38:54]  Acc_iter 27050       Data time: 0.20(0.21)  Forward time: 7.28(6.67)  Batch time: 7.48(6.87)
2024-08-24 01:05:52,038   INFO  Save latest model to /space/userfiles/khatouna/OpenPCdet_FS_DA/output/pv_rcnn_plusplus/default/ckpt/latest_model
2024-08-24 01:10:52,250   INFO  Save latest model to /space/userfiles/khatouna/OpenPCdet_FS_DA/output/pv_rcnn_plusplus/default/ckpt/latest_model
2024-08-24 01:11:45,054   INFO  Train:   75/80 ( 94%) [ 311/362 ( 86%)]  Loss: 3.428 (3.17)  LR: 2.805e-04  Time cost: 35:54/05:52 [1:53:41/3:34:10]  Acc_iter 27100       Data time: 0.16(0.21)  Forward time: 6.35(6.70)  Batch time: 6.51(6.90)
2024-08-24 01:15:51,842   INFO  Save latest model to /space/userfiles/khatouna/OpenPCdet_FS_DA/output/pv_rcnn_plusplus/default/ckpt/latest_model
2024-08-24 01:17:51,213   INFO  Train:   75/80 ( 94%) [ 361/362 (100%)]  Loss: 2.860 (3.16)  LR: 2.657e-04  Time cost: 42:00/00:06 [1:59:47/3:30:09]  Acc_iter 27150       Data time: 0.19(0.21)  Forward time: 4.69(6.75)  Batch time: 4.88(6.96)
2024-08-24 01:17:51,465   INFO  
2024-08-24 01:18:34,163   INFO  Train:   76/80 ( 95%) [   0/362 (  0%)]  Loss: 3.079 (3.08)  LR: 2.654e-04  Time cost: 00:07/47:18 [2:00:30/3:56:31]  Acc_iter 27151       Data time: 0.69(0.69)  Forward time: 6.97(6.97)  Batch time: 7.67(7.67)
2024-08-24 01:23:30,554   INFO  Save latest model to /space/userfiles/khatouna/OpenPCdet_FS_DA/output/pv_rcnn_plusplus/default/ckpt/latest_model
2024-08-24 01:24:05,797   INFO  Train:   76/80 ( 95%) [  49/362 ( 14%)]  Loss: 3.220 (3.19)  LR: 2.514e-04  Time cost: 05:39/35:25 [2:06:02/3:19:16]  Acc_iter 27200       Data time: 0.22(0.21)  Forward time: 6.77(6.57)  Batch time: 6.99(6.79)
2024-08-24 01:28:29,365   INFO  Save latest model to /space/userfiles/khatouna/OpenPCdet_FS_DA/output/pv_rcnn_plusplus/default/ckpt/latest_model
2024-08-24 01:30:08,174   INFO  Train:   76/80 ( 95%) [  99/362 ( 27%)]  Loss: 3.031 (3.18)  LR: 2.374e-04  Time cost: 11:41/30:45 [2:12:04/3:20:08]  Acc_iter 27250       Data time: 0.22(0.21)  Forward time: 6.85(6.81)  Batch time: 7.07(7.02)
2024-08-24 01:33:31,522   INFO  Save latest model to /space/userfiles/khatouna/OpenPCdet_FS_DA/output/pv_rcnn_plusplus/default/ckpt/latest_model
2024-08-24 01:35:51,365   INFO  Train:   76/80 ( 95%) [ 149/362 ( 41%)]  Loss: 3.357 (3.17)  LR: 2.239e-04  Time cost: 17:25/24:43 [2:17:47/3:12:52]  Acc_iter 27300       Data time: 0.18(0.20)  Forward time: 6.66(6.76)  Batch time: 6.83(6.97)
2024-08-24 01:35:51,600   INFO  
2024-08-24 01:38:32,230   INFO  Save latest model to /space/userfiles/khatouna/OpenPCdet_FS_DA/output/pv_rcnn_plusplus/default/ckpt/latest_model
2024-08-24 01:41:39,541   INFO  Train:   76/80 ( 95%) [ 199/362 ( 55%)]  Loss: 3.095 (3.17)  LR: 2.107e-04  Time cost: 23:13/18:55 [2:23:35/3:07:02]  Acc_iter 27350       Data time: 0.20(0.21)  Forward time: 6.71(6.76)  Batch time: 6.91(6.97)
2024-08-24 01:43:33,741   INFO  Save latest model to /space/userfiles/khatouna/OpenPCdet_FS_DA/output/pv_rcnn_plusplus/default/ckpt/latest_model
2024-08-24 01:47:39,799   INFO  Train:   76/80 ( 95%) [ 249/362 ( 69%)]  Loss: 3.143 (3.17)  LR: 1.979e-04  Time cost: 29:13/13:12 [2:29:36/3:02:28]  Acc_iter 27400       Data time: 0.22(0.21)  Forward time: 6.84(6.81)  Batch time: 7.06(7.01)
2024-08-24 01:48:29,033   INFO  Save latest model to /space/userfiles/khatouna/OpenPCdet_FS_DA/output/pv_rcnn_plusplus/default/ckpt/latest_model
2024-08-24 01:53:15,001   INFO  Train:   76/80 ( 95%) [ 299/362 ( 83%)]  Loss: 3.597 (3.17)  LR: 1.855e-04  Time cost: 34:48/07:18 [2:35:11/2:55:19]  Acc_iter 27450       Data time: 0.20(0.21)  Forward time: 6.63(6.76)  Batch time: 6.83(6.96)
2024-08-24 01:53:15,234   INFO  
2024-08-24 01:53:29,057   INFO  Save latest model to /space/userfiles/khatouna/OpenPCdet_FS_DA/output/pv_rcnn_plusplus/default/ckpt/latest_model
2024-08-24 01:58:32,031   INFO  Save latest model to /space/userfiles/khatouna/OpenPCdet_FS_DA/output/pv_rcnn_plusplus/default/ckpt/latest_model
2024-08-24 01:58:52,342   INFO  Train:   76/80 ( 95%) [ 349/362 ( 96%)]  Loss: 3.149 (3.17)  LR: 1.735e-04  Time cost: 40:26/01:30 [2:40:48/2:48:46]  Acc_iter 27500       Data time: 0.18(0.21)  Forward time: 6.72(6.72)  Batch time: 6.90(6.93)
2024-08-24 02:00:12,482   INFO  Train:   76/80 ( 95%) [ 361/362 (100%)]  Loss: 3.460 (3.17)  LR: 1.707e-04  Time cost: 41:46/00:06 [2:42:08/2:47:11]  Acc_iter 27512       Data time: 0.18(0.21)  Forward time: 5.29(6.72)  Batch time: 5.47(6.92)
2024-08-24 02:00:54,225   INFO  Train:   77/80 ( 96%) [   0/362 (  0%)]  Loss: 2.911 (2.91)  LR: 1.705e-04  Time cost: 00:07/45:38 [2:42:50/3:02:33]  Acc_iter 27513       Data time: 0.79(0.79)  Forward time: 6.60(6.60)  Batch time: 7.39(7.39)
2024-08-24 02:05:08,692   INFO  Train:   77/80 ( 96%) [  37/362 ( 10%)]  Loss: 3.132 (3.16)  LR: 1.619e-04  Time cost: 04:22/37:21 [2:47:05/2:42:09]  Acc_iter 27550       Data time: 0.22(0.21)  Forward time: 7.14(6.68)  Batch time: 7.36(6.89)
2024-08-24 02:05:50,416   INFO  Save latest model to /space/userfiles/khatouna/OpenPCdet_FS_DA/output/pv_rcnn_plusplus/default/ckpt/latest_model
2024-08-24 02:10:45,701   INFO  Train:   77/80 ( 96%) [  87/362 ( 24%)]  Loss: 3.173 (3.18)  LR: 1.507e-04  Time cost: 09:59/31:12 [2:52:42/2:34:24]  Acc_iter 27600       Data time: 0.16(0.20)  Forward time: 6.64(6.60)  Batch time: 6.80(6.81)
2024-08-24 02:10:45,981   INFO  
2024-08-24 02:10:53,594   INFO  Save latest model to /space/userfiles/khatouna/OpenPCdet_FS_DA/output/pv_rcnn_plusplus/default/ckpt/latest_model
2024-08-24 02:15:47,620   INFO  Save latest model to /space/userfiles/khatouna/OpenPCdet_FS_DA/output/pv_rcnn_plusplus/default/ckpt/latest_model
2024-08-24 02:16:27,152   INFO  Train:   77/80 ( 96%) [ 137/362 ( 38%)]  Loss: 2.881 (3.16)  LR: 1.399e-04  Time cost: 15:40/25:33 [2:58:23/2:28:54]  Acc_iter 27650       Data time: 0.20(0.21)  Forward time: 6.89(6.60)  Batch time: 7.10(6.81)
2024-08-24 02:20:49,169   INFO  Save latest model to /space/userfiles/khatouna/OpenPCdet_FS_DA/output/pv_rcnn_plusplus/default/ckpt/latest_model
2024-08-24 02:22:18,630   INFO  Train:   77/80 ( 96%) [ 187/362 ( 52%)]  Loss: 3.142 (3.16)  LR: 1.295e-04  Time cost: 21:31/20:02 [3:04:14/2:24:25]  Acc_iter 27700       Data time: 0.16(0.21)  Forward time: 6.73(6.66)  Batch time: 6.89(6.87)
2024-08-24 02:25:53,153   INFO  Save latest model to /space/userfiles/khatouna/OpenPCdet_FS_DA/output/pv_rcnn_plusplus/default/ckpt/latest_model
2024-08-24 02:27:51,812   INFO  Train:   77/80 ( 96%) [ 237/362 ( 65%)]  Loss: 3.150 (3.16)  LR: 1.195e-04  Time cost: 27:05/14:13 [3:09:48/2:17:49]  Acc_iter 27750       Data time: 0.18(0.21)  Forward time: 6.71(6.62)  Batch time: 6.89(6.83)
2024-08-24 02:27:51,962   INFO  
2024-08-24 02:30:49,878   INFO  Save latest model to /space/userfiles/khatouna/OpenPCdet_FS_DA/output/pv_rcnn_plusplus/default/ckpt/latest_model
2024-08-24 02:33:44,418   INFO  Train:   77/80 ( 96%) [ 287/362 ( 79%)]  Loss: 3.340 (3.16)  LR: 1.099e-04  Time cost: 32:57/08:35 [3:15:40/2:12:52]  Acc_iter 27800       Data time: 0.22(0.21)  Forward time: 6.93(6.66)  Batch time: 7.15(6.87)
2024-08-24 02:35:53,460   INFO  Save latest model to /space/userfiles/khatouna/OpenPCdet_FS_DA/output/pv_rcnn_plusplus/default/ckpt/latest_model
2024-08-24 02:39:24,474   INFO  Train:   77/80 ( 96%) [ 337/362 ( 93%)]  Loss: 3.332 (3.16)  LR: 1.006e-04  Time cost: 38:37/02:51 [3:21:20/2:06:58]  Acc_iter 27850       Data time: 0.20(0.21)  Forward time: 6.79(6.65)  Batch time: 6.99(6.86)
2024-08-24 02:40:49,605   INFO  Save latest model to /space/userfiles/khatouna/OpenPCdet_FS_DA/output/pv_rcnn_plusplus/default/ckpt/latest_model
2024-08-24 02:42:04,179   INFO  Train:   77/80 ( 96%) [ 361/362 (100%)]  Loss: 3.146 (3.17)  LR: 9.635e-05  Time cost: 41:17/00:06 [3:24:00/2:03:59]  Acc_iter 27874       Data time: 0.20(0.21)  Forward time: 4.70(6.64)  Batch time: 4.90(6.84)
2024-08-24 02:42:45,196   INFO  Train:   78/80 ( 98%) [   0/362 (  0%)]  Loss: 3.071 (3.07)  LR: 9.617e-05  Time cost: 00:07/46:37 [3:24:41/2:19:52]  Acc_iter 27875       Data time: 0.90(0.90)  Forward time: 6.63(6.63)  Batch time: 7.54(7.54)
2024-08-24 02:45:31,303   INFO  Train:   78/80 ( 98%) [  25/362 (  7%)]  Loss: 3.274 (3.17)  LR: 9.181e-05  Time cost: 02:53/37:33 [3:27:27/1:58:13]  Acc_iter 27900       Data time: 0.22(0.22)  Forward time: 6.34(6.46)  Batch time: 6.56(6.68)
2024-08-24 02:45:31,523   INFO  
2024-08-24 02:47:41,481   INFO  Save latest model to /space/userfiles/khatouna/OpenPCdet_FS_DA/output/pv_rcnn_plusplus/default/ckpt/latest_model
2024-08-24 02:51:12,012   INFO  Train:   78/80 ( 98%) [  75/362 ( 21%)]  Loss: 3.353 (3.16)  LR: 8.340e-05  Time cost: 08:34/32:23 [3:33:08/1:54:04]  Acc_iter 27950       Data time: 0.18(0.21)  Forward time: 6.69(6.56)  Batch time: 6.87(6.77)
2024-08-24 02:52:41,861   INFO  Save latest model to /space/userfiles/khatouna/OpenPCdet_FS_DA/output/pv_rcnn_plusplus/default/ckpt/latest_model
2024-08-24 02:56:59,291   INFO  Train:   78/80 ( 98%) [ 125/362 ( 35%)]  Loss: 3.114 (3.15)  LR: 7.538e-05  Time cost: 14:21/27:01 [3:38:55/1:49:33]  Acc_iter 28000       Data time: 0.20(0.21)  Forward time: 6.75(6.63)  Batch time: 6.95(6.84)
2024-08-24 02:57:40,882   INFO  Save latest model to /space/userfiles/khatouna/OpenPCdet_FS_DA/output/pv_rcnn_plusplus/default/ckpt/latest_model
2024-08-24 03:02:42,743   INFO  Save latest model to /space/userfiles/khatouna/OpenPCdet_FS_DA/output/pv_rcnn_plusplus/default/ckpt/latest_model
2024-08-24 03:02:50,335   INFO  Train:   78/80 ( 98%) [ 175/362 ( 48%)]  Loss: 3.337 (3.15)  LR: 6.777e-05  Time cost: 20:12/21:28 [3:44:46/1:44:37]  Acc_iter 28050       Data time: 0.58(0.21)  Forward time: 7.41(6.68)  Batch time: 7.99(6.89)
2024-08-24 03:02:50,575   INFO  
2024-08-24 03:07:44,543   INFO  Save latest model to /space/userfiles/khatouna/OpenPCdet_FS_DA/output/pv_rcnn_plusplus/default/ckpt/latest_model
2024-08-24 03:08:55,268   INFO  Train:   78/80 ( 98%) [ 225/362 ( 62%)]  Loss: 3.143 (3.15)  LR: 6.056e-05  Time cost: 26:17/15:56 [3:50:51/1:40:10]  Acc_iter 28100       Data time: 0.20(0.21)  Forward time: 6.98(6.77)  Batch time: 7.18(6.98)
2024-08-24 03:12:41,273   INFO  Save latest model to /space/userfiles/khatouna/OpenPCdet_FS_DA/output/pv_rcnn_plusplus/default/ckpt/latest_model
2024-08-24 03:14:43,639   INFO  Train:   78/80 ( 98%) [ 275/362 ( 76%)]  Loss: 3.192 (3.16)  LR: 5.375e-05  Time cost: 32:06/10:07 [3:56:39/1:34:19]  Acc_iter 28150       Data time: 0.20(0.21)  Forward time: 7.13(6.77)  Batch time: 7.33(6.98)
2024-08-24 03:17:38,768   INFO  Save latest model to /space/userfiles/khatouna/OpenPCdet_FS_DA/output/pv_rcnn_plusplus/default/ckpt/latest_model
2024-08-24 03:20:29,471   INFO  Train:   78/80 ( 98%) [ 325/362 ( 90%)]  Loss: 3.404 (3.16)  LR: 4.735e-05  Time cost: 37:52/04:17 [4:02:25/1:28:23]  Acc_iter 28200       Data time: 0.20(0.21)  Forward time: 6.48(6.76)  Batch time: 6.68(6.97)
2024-08-24 03:20:29,736   INFO  
2024-08-24 03:22:41,285   INFO  Save latest model to /space/userfiles/khatouna/OpenPCdet_FS_DA/output/pv_rcnn_plusplus/default/ckpt/latest_model
2024-08-24 03:24:38,264   INFO  Train:   78/80 ( 98%) [ 361/362 (100%)]  Loss: 2.661 (3.16)  LR: 4.299e-05  Time cost: 42:00/00:06 [4:06:34/1:24:08]  Acc_iter 28236       Data time: 0.21(0.21)  Forward time: 4.97(6.76)  Batch time: 5.18(6.96)
2024-08-24 03:25:19,051   INFO  Train:   79/80 ( 99%) [   0/362 (  0%)]  Loss: 3.081 (3.08)  LR: 4.288e-05  Time cost: 00:08/53:28 [4:07:15/1:46:57]  Acc_iter 28237       Data time: 1.03(1.03)  Forward time: 7.61(7.61)  Batch time: 8.63(8.63)
2024-08-24 03:26:46,814   INFO  Train:   79/80 ( 99%) [  13/362 (  4%)]  Loss: 3.226 (3.16)  LR: 4.136e-05  Time cost: 01:36/40:08 [4:08:43/1:21:47]  Acc_iter 28250       Data time: 0.16(0.25)  Forward time: 6.75(6.64)  Batch time: 6.91(6.89)
2024-08-24 03:30:10,931   INFO  Save latest model to /space/userfiles/khatouna/OpenPCdet_FS_DA/output/pv_rcnn_plusplus/default/ckpt/latest_model
2024-08-24 03:32:32,163   INFO  Train:   79/80 ( 99%) [  63/362 ( 17%)]  Loss: 2.919 (3.15)  LR: 3.576e-05  Time cost: 07:21/34:24 [4:14:28/1:16:04]  Acc_iter 28300       Data time: 0.20(0.22)  Forward time: 6.26(6.69)  Batch time: 6.45(6.90)
2024-08-24 03:35:12,047   INFO  Save latest model to /space/userfiles/khatouna/OpenPCdet_FS_DA/output/pv_rcnn_plusplus/default/ckpt/latest_model
2024-08-24 03:38:07,380   INFO  Train:   79/80 ( 99%) [ 113/362 ( 31%)]  Loss: 3.209 (3.16)  LR: 3.058e-05  Time cost: 12:57/28:17 [4:20:03/1:09:25]  Acc_iter 28350       Data time: 0.14(0.21)  Forward time: 5.78(6.61)  Batch time: 5.91(6.82)
2024-08-24 03:38:07,648   INFO  
2024-08-24 03:40:12,121   INFO  Save latest model to /space/userfiles/khatouna/OpenPCdet_FS_DA/output/pv_rcnn_plusplus/default/ckpt/latest_model
2024-08-24 03:43:56,009   INFO  Train:   79/80 ( 99%) [ 163/362 ( 45%)]  Loss: 2.977 (3.16)  LR: 2.580e-05  Time cost: 18:45/22:46 [4:25:52/1:04:11]  Acc_iter 28400       Data time: 0.24(0.21)  Forward time: 6.16(6.65)  Batch time: 6.40(6.86)
2024-08-24 03:45:12,386   INFO  Save latest model to /space/userfiles/khatouna/OpenPCdet_FS_DA/output/pv_rcnn_plusplus/default/ckpt/latest_model
2024-08-24 03:49:47,074   INFO  Train:   79/80 ( 99%) [ 213/362 ( 59%)]  Loss: 3.490 (3.16)  LR: 2.142e-05  Time cost: 24:36/17:08 [4:31:43/58:46]  Acc_iter 28450       Data time: 0.19(0.21)  Forward time: 7.39(6.69)  Batch time: 7.58(6.90)
2024-08-24 03:50:13,889   INFO  Save latest model to /space/userfiles/khatouna/OpenPCdet_FS_DA/output/pv_rcnn_plusplus/default/ckpt/latest_model
2024-08-24 03:55:15,071   INFO  Save latest model to /space/userfiles/khatouna/OpenPCdet_FS_DA/output/pv_rcnn_plusplus/default/ckpt/latest_model
2024-08-24 03:55:36,951   INFO  Train:   79/80 ( 99%) [ 263/362 ( 73%)]  Loss: 3.214 (3.15)  LR: 1.746e-05  Time cost: 30:26/11:25 [4:37:33/53:09]  Acc_iter 28500       Data time: 0.22(0.21)  Forward time: 7.32(6.71)  Batch time: 7.54(6.92)
2024-08-24 03:55:37,134   INFO  
2024-08-24 04:00:13,066   INFO  Save latest model to /space/userfiles/khatouna/OpenPCdet_FS_DA/output/pv_rcnn_plusplus/default/ckpt/latest_model
2024-08-24 04:01:29,034   INFO  Train:   79/80 ( 99%) [ 313/362 ( 86%)]  Loss: 3.354 (3.15)  LR: 1.390e-05  Time cost: 36:18/05:40 [4:43:25/47:31]  Acc_iter 28550       Data time: 0.18(0.21)  Forward time: 6.95(6.73)  Batch time: 7.13(6.94)
2024-08-24 04:05:13,094   INFO  Save latest model to /space/userfiles/khatouna/OpenPCdet_FS_DA/output/pv_rcnn_plusplus/default/ckpt/latest_model
2024-08-24 04:06:58,929   INFO  Train:   79/80 ( 99%) [ 361/362 (100%)]  Loss: 3.062 (3.15)  LR: 1.086e-05  Time cost: 41:48/00:06 [4:48:55/41:55]  Acc_iter 28598       Data time: 0.24(0.21)  Forward time: 4.34(6.72)  Batch time: 4.57(6.93)
2024-08-24 04:07:39,696   INFO  Train:   80/80 (100%) [   0/362 (  0%)]  Loss: 2.974 (2.97)  LR: 1.081e-05  Time cost: 00:08/48:51 [4:49:36/48:51]  Acc_iter 28599       Data time: 0.70(0.70)  Forward time: 7.21(7.21)  Batch time: 7.91(7.91)
2024-08-24 04:07:47,012   INFO  Train:   80/80 (100%) [   1/362 (  0%)]  Loss: 2.912 (2.94)  LR: 1.075e-05  Time cost: 00:15/46:22 [4:49:43/46:22]  Acc_iter 28600       Data time: 0.20(0.45)  Forward time: 7.10(7.16)  Batch time: 7.30(7.60)
2024-08-24 04:12:32,216   INFO  Save latest model to /space/userfiles/khatouna/OpenPCdet_FS_DA/output/pv_rcnn_plusplus/default/ckpt/latest_model
2024-08-24 04:13:27,524   INFO  Train:   80/80 (100%) [  51/362 ( 14%)]  Loss: 3.078 (3.17)  LR: 8.002e-06  Time cost: 05:55/35:28 [4:55:23/35:28]  Acc_iter 28650       Data time: 0.22(0.21)  Forward time: 6.89(6.63)  Batch time: 7.11(6.84)
2024-08-24 04:13:27,877   INFO  
2024-08-24 04:17:36,704   INFO  Save latest model to /space/userfiles/khatouna/OpenPCdet_FS_DA/output/pv_rcnn_plusplus/default/ckpt/latest_model
2024-08-24 04:19:14,563   INFO  Train:   80/80 (100%) [ 101/362 ( 28%)]  Loss: 3.138 (3.16)  LR: 5.666e-06  Time cost: 11:42/29:58 [5:01:10/29:58]  Acc_iter 28700       Data time: 0.22(0.21)  Forward time: 6.38(6.68)  Batch time: 6.60(6.89)
2024-08-24 04:22:35,186   INFO  Save latest model to /space/userfiles/khatouna/OpenPCdet_FS_DA/output/pv_rcnn_plusplus/default/ckpt/latest_model
2024-08-24 04:25:07,063   INFO  Train:   80/80 (100%) [ 151/362 ( 42%)]  Loss: 3.064 (3.16)  LR: 3.738e-06  Time cost: 17:35/24:25 [5:07:03/24:25]  Acc_iter 28750       Data time: 0.18(0.21)  Forward time: 6.42(6.74)  Batch time: 6.60(6.94)
2024-08-24 04:27:38,897   INFO  Save latest model to /space/userfiles/khatouna/OpenPCdet_FS_DA/output/pv_rcnn_plusplus/default/ckpt/latest_model
2024-08-24 04:30:58,841   INFO  Train:   80/80 (100%) [ 201/362 ( 56%)]  Loss: 3.245 (3.16)  LR: 2.218e-06  Time cost: 23:27/18:41 [5:12:55/18:41]  Acc_iter 28800       Data time: 0.20(0.21)  Forward time: 5.91(6.76)  Batch time: 6.11(6.97)
2024-08-24 04:30:59,197   INFO  
2024-08-24 04:32:33,718   INFO  Save latest model to /space/userfiles/khatouna/OpenPCdet_FS_DA/output/pv_rcnn_plusplus/default/ckpt/latest_model
2024-08-24 04:36:58,574   INFO  Train:   80/80 (100%) [ 251/362 ( 69%)]  Loss: 2.981 (3.16)  LR: 1.107e-06  Time cost: 29:26/12:58 [5:18:54/12:58]  Acc_iter 28850       Data time: 0.24(0.21)  Forward time: 6.72(6.80)  Batch time: 6.95(7.01)
2024-08-24 04:37:34,618   INFO  Save latest model to /space/userfiles/khatouna/OpenPCdet_FS_DA/output/pv_rcnn_plusplus/default/ckpt/latest_model
2024-08-24 04:42:32,421   INFO  Save latest model to /space/userfiles/khatouna/OpenPCdet_FS_DA/output/pv_rcnn_plusplus/default/ckpt/latest_model
2024-08-24 04:43:00,373   INFO  Train:   80/80 (100%) [ 301/362 ( 83%)]  Loss: 3.561 (3.16)  LR: 4.041e-07  Time cost: 35:28/07:09 [5:24:56/07:09]  Acc_iter 28900       Data time: 0.18(0.21)  Forward time: 6.56(6.84)  Batch time: 6.73(7.05)
2024-08-24 04:47:34,327   INFO  Save latest model to /space/userfiles/khatouna/OpenPCdet_FS_DA/output/pv_rcnn_plusplus/default/ckpt/latest_model
2024-08-24 04:48:49,494   INFO  Train:   80/80 (100%) [ 351/362 ( 97%)]  Loss: 3.236 (3.16)  LR: 1.099e-07  Time cost: 41:17/01:17 [5:30:45/01:17]  Acc_iter 28950       Data time: 0.18(0.21)  Forward time: 6.47(6.83)  Batch time: 6.65(7.04)
2024-08-24 04:48:49,818   INFO  
2024-08-24 04:50:02,937   INFO  Train:   80/80 (100%) [ 361/362 (100%)]  Loss: 3.079 (3.16)  LR: 1.001e-07  Time cost: 42:31/00:07 [5:31:59/00:07]  Acc_iter 28960       Data time: 0.23(0.21)  Forward time: 5.65(6.84)  Batch time: 5.88(7.05)
2024-08-24 04:50:06,633   INFO  **********************End training /pv_rcnn_plusplus(default)**********************



2024-08-24 04:50:06,634   INFO  **********************Start evaluation /pv_rcnn_plusplus(default)**********************
2024-08-24 04:50:06,636   INFO  Loading Fourseason dataset
2024-08-24 04:50:06,653   INFO  Total samples for Fourseason dataset: 930
2024-08-24 04:50:06,653   INFO  Loading Fourseason dataset
2024-08-24 04:50:06,659   INFO  Total samples for Fourseason dataset: 930
2024-08-24 04:50:06,663   INFO  ==> Loading parameters from checkpoint /space/userfiles/khatouna/OpenPCdet_FS_DA/output/pv_rcnn_plusplus/default/ckpt/checkpoint_epoch_80.pth to CPU
2024-08-24 04:50:06,775   INFO  ==> Checkpoint trained from version: pcdet+0.6.0+8caccce
2024-08-24 04:50:06,818   INFO  ==> Done (loaded 437/437)
2024-08-24 04:50:06,830   INFO  *************** EPOCH 80 EVALUATION *****************
